<?xml version="1.0" encoding="UTF-8"?>
<coverage generated="1541631935530" clover="3.2.0">
  <project timestamp="1541631935530" name="All files">
    <metrics statements="797" coveredstatements="692" conditionals="307" coveredconditionals="268" methods="278" coveredmethods="254" elements="1382" coveredelements="1214" complexity="0" loc="797" ncloc="797" packages="17" files="49" classes="49">
      <package name="config">
        <metrics statements="2" coveredstatements="2" conditionals="0" coveredconditionals="0" methods="0" coveredmethods="0"/>
        <file name="setupTests.js" path="/Users/kspector/Development/directv/config/setupTests.js">
          <metrics statements="2" coveredstatements="2" conditionals="0" coveredconditionals="0" methods="0" coveredmethods="0"/>
          <line num="5" count="26" type="stmt"/>
          <line num="6" count="26" type="stmt"/>
        </file>
      </package>
      <package name="src.components">
        <metrics statements="302" coveredstatements="214" conditionals="103" coveredconditionals="86" methods="80" coveredmethods="70"/>
        <file name="App.js" path="/Users/kspector/Development/directv/src/components/App.js">
          <metrics statements="9" coveredstatements="8" conditionals="5" coveredconditionals="4" methods="5" coveredmethods="4"/>
          <line num="11" count="3" type="stmt"/>
          <line num="12" count="3" type="stmt"/>
          <line num="16" count="3" type="stmt"/>
          <line num="17" count="3" type="cond" truecount="2" falsecount="0"/>
          <line num="18" count="2" type="stmt"/>
          <line num="23" count="3" type="stmt"/>
          <line num="27" count="0" type="stmt"/>
          <line num="31" count="3" type="stmt"/>
          <line num="32" count="3" type="stmt"/>
        </file>
        <file name="CreateDeviceToken.js" path="/Users/kspector/Development/directv/src/components/CreateDeviceToken.js">
          <metrics statements="21" coveredstatements="20" conditionals="8" coveredconditionals="7" methods="5" coveredmethods="5"/>
          <line num="5" count="2" type="stmt"/>
          <line num="6" count="7" type="stmt"/>
          <line num="9" count="2" type="stmt"/>
          <line num="10" count="2" type="stmt"/>
          <line num="13" count="2" type="stmt"/>
          <line num="15" count="7" type="stmt"/>
          <line num="23" count="7" type="stmt"/>
          <line num="24" count="7" type="cond" truecount="2" falsecount="0"/>
          <line num="26" count="7" type="stmt"/>
          <line num="27" count="18" type="cond" truecount="1" falsecount="1"/>
          <line num="28" count="0" type="stmt"/>
          <line num="29" count="18" type="cond" truecount="2" falsecount="0"/>
          <line num="30" count="3" type="cond" truecount="2" falsecount="0"/>
          <line num="31" count="2" type="stmt"/>
          <line num="32" count="2" type="stmt"/>
          <line num="33" count="2" type="stmt"/>
          <line num="34" count="2" type="stmt"/>
          <line num="36" count="1" type="stmt"/>
          <line num="39" count="15" type="stmt"/>
          <line num="42" count="7" type="stmt"/>
          <line num="47" count="18" type="stmt"/>
        </file>
        <file name="Layout.js" path="/Users/kspector/Development/directv/src/components/Layout.js">
          <metrics statements="47" coveredstatements="46" conditionals="18" coveredconditionals="16" methods="13" coveredmethods="13"/>
          <line num="11" count="2" type="stmt"/>
          <line num="12" count="2" type="stmt"/>
          <line num="20" count="2" type="stmt"/>
          <line num="35" count="2" type="stmt"/>
          <line num="44" count="2" type="stmt"/>
          <line num="52" count="2" type="stmt"/>
          <line num="53" count="2" type="stmt"/>
          <line num="57" count="22" type="stmt"/>
          <line num="59" count="22" type="stmt"/>
          <line num="60" count="22" type="stmt"/>
          <line num="61" count="22" type="stmt"/>
          <line num="62" count="22" type="stmt"/>
          <line num="63" count="22" type="stmt"/>
          <line num="64" count="22" type="stmt"/>
          <line num="65" count="22" type="stmt"/>
          <line num="66" count="22" type="stmt"/>
          <line num="70" count="43" type="stmt"/>
          <line num="72" count="43" type="stmt"/>
          <line num="79" count="43" type="cond" truecount="2" falsecount="0"/>
          <line num="80" count="2" type="stmt"/>
          <line num="82" count="41" type="stmt"/>
          <line num="85" count="43" type="stmt"/>
          <line num="89" count="41" type="stmt"/>
          <line num="91" count="41" type="stmt"/>
          <line num="95" count="60" type="stmt"/>
          <line num="101" count="1" type="stmt"/>
          <line num="102" count="1" type="stmt"/>
          <line num="106" count="3" type="stmt"/>
          <line num="112" count="64" type="stmt"/>
          <line num="114" count="64" type="cond" truecount="1" falsecount="1"/>
          <line num="115" count="0" type="stmt"/>
          <line num="116" count="64" type="cond" truecount="2" falsecount="0"/>
          <line num="117" count="1" type="stmt"/>
          <line num="120" count="63" type="stmt"/>
          <line num="124" count="2" type="stmt"/>
          <line num="125" count="2" type="stmt"/>
          <line num="129" count="3" type="stmt"/>
          <line num="133" count="1" type="stmt"/>
          <line num="137" count="25" type="cond" truecount="2" falsecount="0"/>
          <line num="138" count="24" type="cond" truecount="3" falsecount="1"/>
          <line num="139" count="24" type="cond" truecount="2" falsecount="0"/>
          <line num="140" count="2" type="stmt"/>
          <line num="146" count="3" type="stmt"/>
          <line num="148" count="3" type="cond" truecount="2" falsecount="0"/>
          <line num="149" count="2" type="stmt"/>
          <line num="159" count="32" type="stmt"/>
          <line num="160" count="32" type="stmt"/>
        </file>
        <file name="QueryRenderer.js" path="/Users/kspector/Development/directv/src/components/QueryRenderer.js">
          <metrics statements="13" coveredstatements="13" conditionals="2" coveredconditionals="2" methods="7" coveredmethods="6"/>
          <line num="5" count="30" type="stmt"/>
          <line num="7" count="30" type="stmt"/>
          <line num="11" count="30" type="stmt"/>
          <line num="15" count="54" type="stmt"/>
          <line num="17" count="54" type="cond" truecount="2" falsecount="0"/>
          <line num="18" count="4" type="stmt"/>
          <line num="23" count="34" type="stmt"/>
          <line num="25" count="34" type="stmt"/>
          <line num="26" count="28" type="stmt"/>
          <line num="31" count="84" type="stmt"/>
          <line num="32" count="84" type="stmt"/>
          <line num="34" count="84" type="stmt"/>
          <line num="38" count="4" type="stmt"/>
        </file>
        <file name="Thumbnail.js" path="/Users/kspector/Development/directv/src/components/Thumbnail.js">
          <metrics statements="5" coveredstatements="5" conditionals="2" coveredconditionals="2" methods="2" coveredmethods="2"/>
          <line num="6" count="2" type="cond" truecount="2" falsecount="0"/>
          <line num="7" count="1" type="stmt"/>
          <line num="9" count="1" type="stmt"/>
          <line num="13" count="45" type="stmt"/>
          <line num="14" count="45" type="stmt"/>
        </file>
        <file name="VideoPlayer.js" path="/Users/kspector/Development/directv/src/components/VideoPlayer.js">
          <metrics statements="207" coveredstatements="122" conditionals="68" coveredconditionals="55" methods="48" coveredmethods="40"/>
          <line num="16" count="101" type="stmt"/>
          <line num="17" count="101" type="stmt"/>
          <line num="18" count="101" type="stmt"/>
          <line num="19" count="101" type="stmt"/>
          <line num="23" count="104" type="stmt"/>
          <line num="24" count="104" type="stmt"/>
          <line num="25" count="104" type="stmt"/>
          <line num="29" count="4" type="stmt"/>
          <line num="30" count="4" type="stmt"/>
          <line num="35" count="96" type="cond" truecount="3" falsecount="1"/>
          <line num="36" count="0" type="stmt"/>
          <line num="37" count="0" type="cond" truecount="0" falsecount="2"/>
          <line num="38" count="0" type="stmt"/>
          <line num="39" count="0" type="stmt"/>
          <line num="43" count="96" type="cond" truecount="4" falsecount="0"/>
          <line num="44" count="1" type="stmt"/>
          <line num="45" count="1" type="cond" truecount="1" falsecount="1"/>
          <line num="46" count="1" type="stmt"/>
          <line num="47" count="1" type="stmt"/>
          <line num="52" count="103" type="stmt"/>
          <line num="53" count="103" type="stmt"/>
          <line num="54" count="103" type="stmt"/>
          <line num="55" count="103" type="stmt"/>
          <line num="56" count="103" type="stmt"/>
          <line num="57" count="103" type="stmt"/>
          <line num="61" count="6" type="stmt"/>
          <line num="62" count="6" type="stmt"/>
          <line num="63" count="6" type="stmt"/>
          <line num="64" count="6" type="stmt"/>
          <line num="68" count="0" type="stmt"/>
          <line num="69" count="0" type="stmt"/>
          <line num="70" count="0" type="stmt"/>
          <line num="74" count="1" type="stmt"/>
          <line num="75" count="1" type="stmt"/>
          <line num="76" count="1" type="stmt"/>
          <line num="80" count="0" type="stmt"/>
          <line num="81" count="0" type="stmt"/>
          <line num="82" count="0" type="stmt"/>
          <line num="83" count="0" type="stmt"/>
          <line num="84" count="0" type="stmt"/>
          <line num="88" count="19" type="cond" truecount="1" falsecount="1"/>
          <line num="89" count="0" type="stmt"/>
          <line num="90" count="0" type="stmt"/>
          <line num="95" count="3" type="stmt"/>
          <line num="96" count="3" type="stmt"/>
          <line num="97" count="3" type="cond" truecount="4" falsecount="0"/>
          <line num="98" count="1" type="stmt"/>
          <line num="99" count="1" type="stmt"/>
          <line num="100" count="1" type="stmt"/>
          <line num="107" count="0" type="stmt"/>
          <line num="108" count="0" type="stmt"/>
          <line num="110" count="0" type="stmt"/>
          <line num="111" count="0" type="stmt"/>
          <line num="112" count="0" type="stmt"/>
          <line num="114" count="0" type="stmt"/>
          <line num="115" count="0" type="stmt"/>
          <line num="116" count="0" type="stmt"/>
          <line num="118" count="0" type="stmt"/>
          <line num="119" count="0" type="stmt"/>
          <line num="120" count="0" type="stmt"/>
          <line num="122" count="0" type="stmt"/>
          <line num="123" count="0" type="stmt"/>
          <line num="124" count="0" type="stmt"/>
          <line num="126" count="0" type="stmt"/>
          <line num="127" count="0" type="stmt"/>
          <line num="128" count="0" type="stmt"/>
          <line num="129" count="0" type="stmt"/>
          <line num="131" count="0" type="stmt"/>
          <line num="132" count="0" type="stmt"/>
          <line num="133" count="0" type="stmt"/>
          <line num="135" count="0" type="stmt"/>
          <line num="136" count="0" type="stmt"/>
          <line num="137" count="0" type="stmt"/>
          <line num="138" count="0" type="stmt"/>
          <line num="140" count="0" type="stmt"/>
          <line num="141" count="0" type="stmt"/>
          <line num="142" count="0" type="stmt"/>
          <line num="143" count="0" type="stmt"/>
          <line num="145" count="0" type="stmt"/>
          <line num="146" count="0" type="stmt"/>
          <line num="147" count="0" type="stmt"/>
          <line num="148" count="0" type="stmt"/>
          <line num="149" count="0" type="stmt"/>
          <line num="150" count="0" type="stmt"/>
          <line num="151" count="0" type="stmt"/>
          <line num="152" count="0" type="stmt"/>
          <line num="153" count="0" type="stmt"/>
          <line num="157" count="1" type="cond" truecount="1" falsecount="1"/>
          <line num="158" count="0" type="stmt"/>
          <line num="159" count="0" type="stmt"/>
          <line num="164" count="1" type="cond" truecount="1" falsecount="1"/>
          <line num="165" count="0" type="stmt"/>
          <line num="166" count="0" type="stmt"/>
          <line num="167" count="0" type="stmt"/>
          <line num="168" count="0" type="stmt"/>
          <line num="169" count="0" type="stmt"/>
          <line num="170" count="0" type="stmt"/>
          <line num="171" count="0" type="stmt"/>
          <line num="172" count="0" type="stmt"/>
          <line num="173" count="0" type="stmt"/>
          <line num="174" count="0" type="stmt"/>
          <line num="175" count="0" type="stmt"/>
          <line num="176" count="0" type="stmt"/>
          <line num="177" count="0" type="stmt"/>
          <line num="178" count="0" type="stmt"/>
          <line num="179" count="0" type="stmt"/>
          <line num="180" count="0" type="stmt"/>
          <line num="181" count="0" type="stmt"/>
          <line num="182" count="0" type="stmt"/>
          <line num="187" count="3" type="cond" truecount="2" falsecount="0"/>
          <line num="191" count="103" type="stmt"/>
          <line num="195" count="13" type="stmt"/>
          <line num="196" count="13" type="stmt"/>
          <line num="197" count="13" type="stmt"/>
          <line num="198" count="13" type="stmt"/>
          <line num="199" count="13" type="stmt"/>
          <line num="203" count="15" type="cond" truecount="2" falsecount="0"/>
          <line num="204" count="1" type="stmt"/>
          <line num="209" count="3" type="cond" truecount="1" falsecount="1"/>
          <line num="210" count="3" type="stmt"/>
          <line num="213" count="3" type="cond" truecount="1" falsecount="1"/>
          <line num="214" count="0" type="stmt"/>
          <line num="219" count="4" type="stmt"/>
          <line num="220" count="4" type="stmt"/>
          <line num="221" count="4" type="stmt"/>
          <line num="222" count="4" type="stmt"/>
          <line num="226" count="3" type="cond" truecount="2" falsecount="0"/>
          <line num="227" count="2" type="cond" truecount="2" falsecount="0"/>
          <line num="228" count="1" type="stmt"/>
          <line num="230" count="1" type="stmt"/>
          <line num="235" count="12" type="stmt"/>
          <line num="239" count="14" type="stmt"/>
          <line num="247" count="21" type="stmt"/>
          <line num="259" count="15" type="stmt"/>
          <line num="268" count="22" type="cond" truecount="2" falsecount="0"/>
          <line num="269" count="12" type="stmt"/>
          <line num="271" count="10" type="stmt"/>
          <line num="276" count="4" type="stmt"/>
          <line num="277" count="4" type="cond" truecount="2" falsecount="0"/>
          <line num="278" count="2" type="stmt"/>
          <line num="280" count="2" type="stmt"/>
          <line num="286" count="4" type="stmt"/>
          <line num="287" count="4" type="stmt"/>
          <line num="291" count="15" type="stmt"/>
          <line num="292" count="15" type="stmt"/>
          <line num="296" count="12" type="stmt"/>
          <line num="300" count="5" type="cond" truecount="4" falsecount="0"/>
          <line num="301" count="2" type="stmt"/>
          <line num="303" count="5" type="stmt"/>
          <line num="307" count="2" type="stmt"/>
          <line num="308" count="2" type="stmt"/>
          <line num="312" count="3" type="stmt"/>
          <line num="313" count="3" type="stmt"/>
          <line num="317" count="4" type="stmt"/>
          <line num="318" count="4" type="stmt"/>
          <line num="323" count="3" type="stmt"/>
          <line num="324" count="3" type="stmt"/>
          <line num="325" count="3" type="stmt"/>
          <line num="327" count="0" type="stmt"/>
          <line num="328" count="0" type="stmt"/>
          <line num="333" count="0" type="cond" truecount="0" falsecount="2"/>
          <line num="334" count="0" type="stmt"/>
          <line num="335" count="0" type="stmt"/>
          <line num="336" count="0" type="stmt"/>
          <line num="341" count="25" type="cond" truecount="5" falsecount="1"/>
          <line num="344" count="12" type="cond" truecount="2" falsecount="0"/>
          <line num="345" count="4" type="cond" truecount="2" falsecount="0"/>
          <line num="346" count="3" type="stmt"/>
          <line num="348" count="4" type="stmt"/>
          <line num="351" count="8" type="stmt"/>
          <line num="352" count="8" type="stmt"/>
          <line num="353" count="8" type="stmt"/>
          <line num="355" count="6" type="cond" truecount="2" falsecount="0"/>
          <line num="356" count="5" type="cond" truecount="2" falsecount="0"/>
          <line num="358" count="6" type="stmt"/>
          <line num="361" count="7" type="cond" truecount="2" falsecount="0"/>
          <line num="362" count="4" type="stmt"/>
          <line num="363" count="4" type="stmt"/>
          <line num="366" count="7" type="stmt"/>
          <line num="367" count="7" type="stmt"/>
          <line num="368" count="7" type="stmt"/>
          <line num="370" count="0" type="stmt"/>
          <line num="372" count="25" type="stmt"/>
          <line num="376" count="103" type="stmt"/>
          <line num="377" count="103" type="stmt"/>
          <line num="378" count="103" type="stmt"/>
          <line num="379" count="103" type="stmt"/>
          <line num="380" count="103" type="stmt"/>
          <line num="381" count="103" type="stmt"/>
          <line num="385" count="6" type="stmt"/>
          <line num="386" count="6" type="stmt"/>
          <line num="387" count="6" type="stmt"/>
          <line num="388" count="6" type="stmt"/>
          <line num="389" count="6" type="stmt"/>
          <line num="390" count="6" type="stmt"/>
          <line num="394" count="5" type="stmt"/>
          <line num="396" count="5" type="cond" truecount="4" falsecount="0"/>
          <line num="397" count="5" type="cond" truecount="1" falsecount="1"/>
          <line num="399" count="5" type="cond" truecount="2" falsecount="0"/>
          <line num="400" count="4" type="stmt"/>
          <line num="403" count="5" type="stmt"/>
          <line num="407" count="0" type="stmt"/>
          <line num="408" count="0" type="stmt"/>
          <line num="412" count="0" type="stmt"/>
          <line num="413" count="0" type="stmt"/>
          <line num="417" count="0" type="stmt"/>
          <line num="421" count="197" type="stmt"/>
        </file>
      </package>
      <package name="src.components.columns">
        <metrics statements="6" coveredstatements="6" conditionals="0" coveredconditionals="0" methods="4" coveredmethods="3"/>
        <file name="SearchInputFeedbackColumn.js" path="/Users/kspector/Development/directv/src/components/columns/SearchInputFeedbackColumn.js">
          <metrics statements="6" coveredstatements="6" conditionals="0" coveredconditionals="0" methods="4" coveredmethods="3"/>
          <line num="9" count="1" type="stmt"/>
          <line num="13" count="72" type="stmt"/>
          <line num="15" count="72" type="stmt"/>
          <line num="16" count="72" type="stmt"/>
          <line num="20" count="18" type="stmt"/>
          <line num="27" count="4" type="stmt"/>
        </file>
      </package>
      <package name="src.components.connectors">
        <metrics statements="49" coveredstatements="49" conditionals="22" coveredconditionals="19" methods="25" coveredmethods="25"/>
        <file name="Paginator.js" path="/Users/kspector/Development/directv/src/components/connectors/Paginator.js">
          <metrics statements="49" coveredstatements="49" conditionals="22" coveredconditionals="19" methods="25" coveredmethods="25"/>
          <line num="4" count="7" type="stmt"/>
          <line num="6" count="28" type="stmt"/>
          <line num="8" count="28" type="stmt"/>
          <line num="9" count="28" type="stmt"/>
          <line num="10" count="28" type="stmt"/>
          <line num="11" count="28" type="stmt"/>
          <line num="12" count="28" type="stmt"/>
          <line num="16" count="29" type="stmt"/>
          <line num="25" count="24" type="stmt"/>
          <line num="29" count="1" type="stmt"/>
          <line num="33" count="23" type="cond" truecount="2" falsecount="0"/>
          <line num="34" count="1" type="stmt"/>
          <line num="35" count="22" type="cond" truecount="2" falsecount="0"/>
          <line num="36" count="17" type="stmt"/>
          <line num="41" count="17" type="cond" truecount="2" falsecount="0"/>
          <line num="42" count="2" type="stmt"/>
          <line num="43" count="2" type="stmt"/>
          <line num="49" count="23" type="cond" truecount="2" falsecount="0"/>
          <line num="54" count="22" type="stmt"/>
          <line num="58" count="17" type="stmt"/>
          <line num="62" count="677" type="stmt"/>
          <line num="66" count="80" type="stmt"/>
          <line num="70" count="262" type="stmt"/>
          <line num="74" count="8" type="stmt"/>
          <line num="78" count="1" type="stmt"/>
          <line num="82" count="5" type="stmt"/>
          <line num="86" count="7" type="cond" truecount="2" falsecount="0"/>
          <line num="90" count="6" type="cond" truecount="1" falsecount="1"/>
          <line num="94" count="79" type="stmt"/>
          <line num="95" count="79" type="cond" truecount="3" falsecount="1"/>
          <line num="96" count="79" type="stmt"/>
          <line num="101" count="6" type="cond" truecount="2" falsecount="0"/>
          <line num="102" count="5" type="stmt"/>
          <line num="110" count="6" type="cond" truecount="1" falsecount="1"/>
          <line num="111" count="6" type="cond" truecount="2" falsecount="0"/>
          <line num="112" count="4" type="stmt"/>
          <line num="114" count="2" type="stmt"/>
          <line num="118" count="2" type="stmt"/>
          <line num="124" count="4" type="stmt"/>
          <line num="125" count="4" type="stmt"/>
          <line num="128" count="4" type="stmt"/>
          <line num="130" count="4" type="stmt"/>
          <line num="134" count="2" type="stmt"/>
          <line num="138" count="79" type="stmt"/>
          <line num="139" count="79" type="stmt"/>
          <line num="140" count="79" type="stmt"/>
          <line num="142" count="79" type="stmt"/>
          <line num="143" count="79" type="stmt"/>
          <line num="145" count="79" type="stmt"/>
        </file>
      </package>
      <package name="src.components.items">
        <metrics statements="19" coveredstatements="19" conditionals="12" coveredconditionals="10" methods="10" coveredmethods="8"/>
        <file name="LiveVideoItem.js" path="/Users/kspector/Development/directv/src/components/items/LiveVideoItem.js">
          <metrics statements="5" coveredstatements="5" conditionals="0" coveredconditionals="0" methods="4" coveredmethods="3"/>
          <line num="7" count="29" type="stmt"/>
          <line num="9" count="29" type="stmt"/>
          <line num="13" count="1" type="stmt"/>
          <line num="17" count="83" type="stmt"/>
          <line num="23" count="4" type="stmt"/>
        </file>
        <file name="VideoItem.js" path="/Users/kspector/Development/directv/src/components/items/VideoItem.js">
          <metrics statements="14" coveredstatements="14" conditionals="12" coveredconditionals="10" methods="6" coveredmethods="5"/>
          <line num="9" count="47" type="cond" truecount="4" falsecount="0"/>
          <line num="10" count="41" type="stmt"/>
          <line num="15" count="47" type="cond" truecount="1" falsecount="1"/>
          <line num="16" count="47" type="stmt"/>
          <line num="17" count="47" type="stmt"/>
          <line num="22" count="3" type="cond" truecount="3" falsecount="1"/>
          <line num="23" count="3" type="stmt"/>
          <line num="24" count="3" type="cond" truecount="2" falsecount="0"/>
          <line num="25" count="2" type="stmt"/>
          <line num="27" count="1" type="stmt"/>
          <line num="32" count="47" type="stmt"/>
          <line num="34" count="47" type="stmt"/>
          <line num="35" count="1" type="stmt"/>
          <line num="46" count="8" type="stmt"/>
        </file>
      </package>
      <package name="src.components.navigation">
        <metrics statements="197" coveredstatements="183" conditionals="77" coveredconditionals="69" methods="75" coveredmethods="65"/>
        <file name="Column.js" path="/Users/kspector/Development/directv/src/components/navigation/Column.js">
          <metrics statements="22" coveredstatements="22" conditionals="7" coveredconditionals="7" methods="12" coveredmethods="11"/>
          <line num="9" count="142" type="stmt"/>
          <line num="11" count="142" type="stmt"/>
          <line num="12" count="142" type="stmt"/>
          <line num="13" count="142" type="stmt"/>
          <line num="14" count="142" type="stmt"/>
          <line num="18" count="108" type="stmt"/>
          <line num="19" count="108" type="stmt"/>
          <line num="21" count="108" type="stmt"/>
          <line num="22" count="108" type="stmt"/>
          <line num="24" count="108" type="cond" truecount="5" falsecount="0"/>
          <line num="25" count="7" type="cond" truecount="2" falsecount="0"/>
          <line num="26" count="2" type="stmt"/>
          <line num="32" count="31" type="stmt"/>
          <line num="36" count="149" type="stmt"/>
          <line num="40" count="150" type="stmt"/>
          <line num="44" count="2" type="stmt"/>
          <line num="48" count="250" type="stmt"/>
          <line num="49" count="250" type="stmt"/>
          <line num="51" count="250" type="stmt"/>
          <line num="57" count="250" type="stmt"/>
          <line num="65" count="9" type="stmt"/>
          <line num="74" count="120" type="stmt"/>
        </file>
        <file name="Item.js" path="/Users/kspector/Development/directv/src/components/navigation/Item.js">
          <metrics statements="8" coveredstatements="8" conditionals="6" coveredconditionals="5" methods="5" coveredmethods="4"/>
          <line num="7" count="2033" type="cond" truecount="4" falsecount="0"/>
          <line num="8" count="52" type="stmt"/>
          <line num="13" count="2" type="cond" truecount="1" falsecount="1"/>
          <line num="14" count="2" type="stmt"/>
          <line num="19" count="4300" type="stmt"/>
          <line num="20" count="4300" type="stmt"/>
          <line num="25" count="4300" type="stmt"/>
          <line num="29" count="19" type="stmt"/>
        </file>
        <file name="RootScreen.js" path="/Users/kspector/Development/directv/src/components/navigation/RootScreen.js">
          <metrics statements="55" coveredstatements="43" conditionals="24" coveredconditionals="17" methods="13" coveredmethods="9"/>
          <line num="9" count="49" type="stmt"/>
          <line num="10" count="49" type="stmt"/>
          <line num="20" count="49" type="stmt"/>
          <line num="21" count="49" type="stmt"/>
          <line num="22" count="49" type="stmt"/>
          <line num="23" count="49" type="stmt"/>
          <line num="24" count="49" type="stmt"/>
          <line num="28" count="49" type="stmt"/>
          <line num="32" count="1" type="stmt"/>
          <line num="33" count="1" type="stmt"/>
          <line num="37" count="22" type="stmt"/>
          <line num="41" count="0" type="stmt"/>
          <line num="42" count="0" type="stmt"/>
          <line num="46" count="0" type="stmt"/>
          <line num="47" count="0" type="stmt"/>
          <line num="48" count="0" type="stmt"/>
          <line num="50" count="0" type="cond" truecount="0" falsecount="5"/>
          <line num="53" count="0" type="stmt"/>
          <line num="55" count="0" type="stmt"/>
          <line num="60" count="12" type="cond" truecount="2" falsecount="0"/>
          <line num="61" count="6" type="cond" truecount="6" falsecount="2"/>
          <line num="64" count="2" type="stmt"/>
          <line num="65" count="2" type="stmt"/>
          <line num="67" count="1" type="stmt"/>
          <line num="68" count="1" type="stmt"/>
          <line num="69" count="1" type="stmt"/>
          <line num="71" count="1" type="stmt"/>
          <line num="72" count="1" type="stmt"/>
          <line num="74" count="1" type="stmt"/>
          <line num="75" count="1" type="stmt"/>
          <line num="77" count="1" type="stmt"/>
          <line num="78" count="1" type="stmt"/>
          <line num="80" count="0" type="stmt"/>
          <line num="81" count="0" type="stmt"/>
          <line num="83" count="0" type="stmt"/>
          <line num="89" count="12" type="stmt"/>
          <line num="93" count="5" type="cond" truecount="4" falsecount="0"/>
          <line num="94" count="4" type="stmt"/>
          <line num="99" count="0" type="stmt"/>
          <line num="103" count="106" type="stmt"/>
          <line num="107" count="105" type="stmt"/>
          <line num="108" count="105" type="stmt"/>
          <line num="109" count="105" type="stmt"/>
          <line num="111" count="105" type="stmt"/>
          <line num="114" count="105" type="stmt"/>
          <line num="115" count="108" type="stmt"/>
          <line num="117" count="108" type="cond" truecount="2" falsecount="0"/>
          <line num="118" count="54" type="stmt"/>
          <line num="120" count="54" type="stmt"/>
          <line num="123" count="108" type="cond" truecount="2" falsecount="0"/>
          <line num="124" count="54" type="stmt"/>
          <line num="127" count="108" type="stmt"/>
          <line num="130" count="105" type="stmt"/>
          <line num="138" count="105" type="stmt"/>
          <line num="147" count="3" type="stmt"/>
        </file>
        <file name="Row.js" path="/Users/kspector/Development/directv/src/components/navigation/Row.js">
          <metrics statements="22" coveredstatements="22" conditionals="7" coveredconditionals="7" methods="12" coveredmethods="11"/>
          <line num="9" count="354" type="stmt"/>
          <line num="11" count="354" type="stmt"/>
          <line num="12" count="354" type="stmt"/>
          <line num="13" count="354" type="stmt"/>
          <line num="14" count="354" type="stmt"/>
          <line num="18" count="293" type="stmt"/>
          <line num="19" count="293" type="stmt"/>
          <line num="21" count="293" type="stmt"/>
          <line num="22" count="293" type="stmt"/>
          <line num="24" count="293" type="cond" truecount="5" falsecount="0"/>
          <line num="25" count="8" type="cond" truecount="2" falsecount="0"/>
          <line num="26" count="3" type="stmt"/>
          <line num="32" count="11" type="stmt"/>
          <line num="36" count="360" type="stmt"/>
          <line num="40" count="353" type="stmt"/>
          <line num="44" count="2" type="stmt"/>
          <line num="48" count="647" type="stmt"/>
          <line num="49" count="647" type="stmt"/>
          <line num="51" count="647" type="stmt"/>
          <line num="57" count="647" type="stmt"/>
          <line num="65" count="10" type="stmt"/>
          <line num="74" count="325" type="stmt"/>
        </file>
        <file name="Screen.js" path="/Users/kspector/Development/directv/src/components/navigation/Screen.js">
          <metrics statements="53" coveredstatements="51" conditionals="12" coveredconditionals="12" methods="18" coveredmethods="16"/>
          <line num="7" count="9" type="stmt"/>
          <line num="8" count="9" type="stmt"/>
          <line num="12" count="98" type="stmt"/>
          <line num="13" count="98" type="stmt"/>
          <line num="14" count="98" type="stmt"/>
          <line num="15" count="98" type="stmt"/>
          <line num="16" count="98" type="stmt"/>
          <line num="17" count="98" type="stmt"/>
          <line num="21" count="34" type="stmt"/>
          <line num="22" count="34" type="stmt"/>
          <line num="26" count="55" type="stmt"/>
          <line num="27" count="55" type="stmt"/>
          <line num="28" count="55" type="stmt"/>
          <line num="32" count="11" type="stmt"/>
          <line num="33" count="11" type="cond" truecount="4" falsecount="0"/>
          <line num="37" count="11" type="stmt"/>
          <line num="38" count="11" type="stmt"/>
          <line num="39" count="11" type="stmt"/>
          <line num="42" count="11" type="stmt"/>
          <line num="43" count="11" type="stmt"/>
          <line num="44" count="11" type="stmt"/>
          <line num="45" count="11" type="stmt"/>
          <line num="47" count="11" type="stmt"/>
          <line num="50" count="11" type="cond" truecount="2" falsecount="0"/>
          <line num="51" count="6" type="stmt"/>
          <line num="53" count="6" type="cond" truecount="2" falsecount="0"/>
          <line num="54" count="1" type="stmt"/>
          <line num="55" count="1" type="stmt"/>
          <line num="57" count="1" type="stmt"/>
          <line num="59" count="5" type="stmt"/>
          <line num="61" count="5" type="stmt"/>
          <line num="64" count="10" type="stmt"/>
          <line num="68" count="53" type="stmt"/>
          <line num="69" count="53" type="stmt"/>
          <line num="73" count="259" type="stmt"/>
          <line num="74" count="259" type="stmt"/>
          <line num="75" count="259" type="stmt"/>
          <line num="77" count="259" type="stmt"/>
          <line num="78" count="259" type="stmt"/>
          <line num="79" count="259" type="stmt"/>
          <line num="87" count="259" type="stmt"/>
          <line num="91" count="518" type="stmt"/>
          <line num="92" count="586" type="stmt"/>
          <line num="93" count="1224" type="stmt"/>
          <line num="94" count="1224" type="stmt"/>
          <line num="95" count="1224" type="cond" truecount="4" falsecount="0"/>
          <line num="96" count="163" type="stmt"/>
          <line num="98" count="1061" type="stmt"/>
          <line num="100" count="586" type="stmt"/>
          <line num="108" count="9" type="stmt"/>
          <line num="112" count="0" type="stmt"/>
          <line num="115" count="31" type="stmt"/>
          <line num="116" count="0" type="stmt"/>
        </file>
        <file name="Section.js" path="/Users/kspector/Development/directv/src/components/navigation/Section.js">
          <metrics statements="37" coveredstatements="37" conditionals="21" coveredconditionals="21" methods="15" coveredmethods="14"/>
          <line num="6" count="512" type="stmt"/>
          <line num="8" count="512" type="stmt"/>
          <line num="9" count="512" type="stmt"/>
          <line num="10" count="512" type="stmt"/>
          <line num="14" count="512" type="stmt"/>
          <line num="18" count="523" type="stmt"/>
          <line num="19" count="523" type="stmt"/>
          <line num="23" count="413" type="stmt"/>
          <line num="24" count="413" type="stmt"/>
          <line num="26" count="413" type="stmt"/>
          <line num="28" count="413" type="cond" truecount="5" falsecount="0"/>
          <line num="29" count="16" type="stmt"/>
          <line num="30" count="397" type="cond" truecount="4" falsecount="0"/>
          <line num="31" count="11" type="stmt"/>
          <line num="36" count="522" type="cond" truecount="2" falsecount="0"/>
          <line num="37" count="511" type="stmt"/>
          <line num="42" count="16" type="stmt"/>
          <line num="43" count="16" type="stmt"/>
          <line num="45" count="16" type="cond" truecount="2" falsecount="0"/>
          <line num="46" count="3" type="stmt"/>
          <line num="47" count="13" type="cond" truecount="2" falsecount="0"/>
          <line num="48" count="3" type="stmt"/>
          <line num="50" count="10" type="stmt"/>
          <line num="55" count="1" type="stmt"/>
          <line num="59" count="925" type="stmt"/>
          <line num="60" count="925" type="stmt"/>
          <line num="64" count="925" type="stmt"/>
          <line num="65" count="925" type="stmt"/>
          <line num="66" count="925" type="stmt"/>
          <line num="69" count="925" type="stmt"/>
          <line num="70" count="925" type="stmt"/>
          <line num="74" count="4268" type="stmt"/>
          <line num="75" count="4268" type="stmt"/>
          <line num="76" count="4268" type="stmt"/>
          <line num="77" count="4268" type="cond" truecount="4" falsecount="0"/>
          <line num="86" count="15" type="stmt"/>
          <line num="93" count="14" type="stmt"/>
        </file>
      </package>
      <package name="src.components.navigation.shared">
        <metrics statements="22" coveredstatements="22" conditionals="0" coveredconditionals="0" methods="9" coveredmethods="9"/>
        <file name="Sectional.js" path="/Users/kspector/Development/directv/src/components/navigation/shared/Sectional.js">
          <metrics statements="22" coveredstatements="22" conditionals="0" coveredconditionals="0" methods="9" coveredmethods="9"/>
          <line num="1" count="2" type="stmt"/>
          <line num="2" count="2" type="stmt"/>
          <line num="3" count="2" type="stmt"/>
          <line num="6" count="2" type="stmt"/>
          <line num="7" count="2" type="stmt"/>
          <line num="8" count="2" type="stmt"/>
          <line num="11" count="2" type="stmt"/>
          <line num="12" count="2" type="stmt"/>
          <line num="13" count="2" type="stmt"/>
          <line num="16" count="2" type="stmt"/>
          <line num="17" count="2" type="stmt"/>
          <line num="18" count="2" type="stmt"/>
          <line num="21" count="2" type="stmt"/>
          <line num="22" count="2" type="stmt"/>
          <line num="23" count="2" type="stmt"/>
          <line num="26" count="2" type="stmt"/>
          <line num="27" count="2" type="stmt"/>
          <line num="28" count="2" type="stmt"/>
          <line num="29" count="2" type="stmt"/>
          <line num="32" count="2" type="stmt"/>
          <line num="33" count="2" type="stmt"/>
          <line num="34" count="2" type="stmt"/>
        </file>
      </package>
      <package name="src.components.navigation.util">
        <metrics statements="23" coveredstatements="22" conditionals="11" coveredconditionals="10" methods="12" coveredmethods="12"/>
        <file name="Boundary.js" path="/Users/kspector/Development/directv/src/components/navigation/util/Boundary.js">
          <metrics statements="8" coveredstatements="7" conditionals="6" coveredconditionals="5" methods="4" coveredmethods="4"/>
          <line num="2" count="413" type="stmt"/>
          <line num="4" count="587" type="stmt"/>
          <line num="5" count="407" type="stmt"/>
          <line num="8" count="588" type="cond" truecount="2" falsecount="0"/>
          <line num="12" count="139" type="cond" truecount="1" falsecount="1"/>
          <line num="13" count="0" type="stmt"/>
          <line num="15" count="139" type="stmt"/>
          <line num="18" count="588" type="cond" truecount="2" falsecount="0"/>
        </file>
        <file name="ScreenBoundary.js" path="/Users/kspector/Development/directv/src/components/navigation/util/ScreenBoundary.js">
          <metrics statements="7" coveredstatements="7" conditionals="2" coveredconditionals="2" methods="6" coveredmethods="6"/>
          <line num="2" count="169" type="stmt"/>
          <line num="3" count="338" type="stmt"/>
          <line num="4" count="406" type="stmt"/>
          <line num="5" count="812" type="stmt"/>
          <line num="10" count="169" type="stmt"/>
          <line num="12" count="260" type="stmt"/>
          <line num="13" count="1232" type="cond" truecount="2" falsecount="0"/>
        </file>
        <file name="helpers.js" path="/Users/kspector/Development/directv/src/components/navigation/util/helpers.js">
          <metrics statements="8" coveredstatements="8" conditionals="3" coveredconditionals="3" methods="2" coveredmethods="2"/>
          <line num="2" count="897" type="stmt"/>
          <line num="3" count="897" type="stmt"/>
          <line num="4" count="897" type="stmt"/>
          <line num="8" count="897" type="stmt"/>
          <line num="9" count="897" type="stmt"/>
          <line num="10" count="897" type="stmt"/>
          <line num="11" count="897" type="stmt"/>
          <line num="18" count="897" type="cond" truecount="3" falsecount="0"/>
        </file>
      </package>
      <package name="src.components.rows">
        <metrics statements="23" coveredstatements="23" conditionals="6" coveredconditionals="5" methods="9" coveredmethods="9"/>
        <file name="SearchInputRow.js" path="/Users/kspector/Development/directv/src/components/rows/SearchInputRow.js">
          <metrics statements="16" coveredstatements="16" conditionals="4" coveredconditionals="3" methods="6" coveredmethods="6"/>
          <line num="9" count="267" type="stmt"/>
          <line num="11" count="267" type="stmt"/>
          <line num="15" count="484" type="stmt"/>
          <line num="17" count="484" type="stmt"/>
          <line num="18" count="2674" type="cond" truecount="2" falsecount="0"/>
          <line num="19" count="208" type="stmt"/>
          <line num="20" count="208" type="stmt"/>
          <line num="22" count="2466" type="stmt"/>
          <line num="23" count="2466" type="stmt"/>
          <line num="25" count="2674" type="stmt"/>
          <line num="30" count="1" type="cond" truecount="1" falsecount="1"/>
          <line num="31" count="1" type="stmt"/>
          <line num="36" count="484" type="stmt"/>
          <line num="37" count="484" type="stmt"/>
          <line num="41" count="4" type="stmt"/>
          <line num="43" count="1" type="stmt"/>
        </file>
        <file name="VideoRow.js" path="/Users/kspector/Development/directv/src/components/rows/VideoRow.js">
          <metrics statements="7" coveredstatements="7" conditionals="2" coveredconditionals="2" methods="3" coveredmethods="3"/>
          <line num="8" count="57" type="stmt"/>
          <line num="9" count="57" type="cond" truecount="2" falsecount="0"/>
          <line num="10" count="46" type="stmt"/>
          <line num="13" count="11" type="stmt"/>
          <line num="15" count="42" type="stmt"/>
          <line num="21" count="57" type="stmt"/>
          <line num="25" count="7" type="stmt"/>
        </file>
      </package>
      <package name="src.components.screens">
        <metrics statements="88" coveredstatements="88" conditionals="59" coveredconditionals="57" methods="39" coveredmethods="38"/>
        <file name="Header.js" path="/Users/kspector/Development/directv/src/components/screens/Header.js">
          <metrics statements="2" coveredstatements="2" conditionals="0" coveredconditionals="0" methods="1" coveredmethods="1"/>
          <line num="8" count="76" type="stmt"/>
          <line num="9" count="76" type="stmt"/>
        </file>
        <file name="NavScreen.js" path="/Users/kspector/Development/directv/src/components/screens/NavScreen.js">
          <metrics statements="5" coveredstatements="5" conditionals="2" coveredconditionals="2" methods="6" coveredmethods="6"/>
          <line num="13" count="58" type="stmt"/>
          <line num="31" count="58" type="stmt"/>
          <line num="35" count="58" type="stmt"/>
          <line num="39" count="24" type="cond" truecount="2" falsecount="0"/>
          <line num="43" count="58" type="stmt"/>
        </file>
        <file name="SearchScreen.js" path="/Users/kspector/Development/directv/src/components/screens/SearchScreen.js">
          <metrics statements="58" coveredstatements="58" conditionals="47" coveredconditionals="45" methods="25" coveredmethods="25"/>
          <line num="15" count="37" type="stmt"/>
          <line num="17" count="37" type="stmt"/>
          <line num="18" count="37" type="stmt"/>
          <line num="19" count="37" type="stmt"/>
          <line num="20" count="37" type="stmt"/>
          <line num="21" count="37" type="stmt"/>
          <line num="22" count="37" type="stmt"/>
          <line num="23" count="37" type="stmt"/>
          <line num="27" count="31" type="cond" truecount="2" falsecount="0"/>
          <line num="28" count="22" type="cond" truecount="2" falsecount="0"/>
          <line num="29" count="17" type="stmt"/>
          <line num="30" count="5" type="cond" truecount="4" falsecount="0"/>
          <line num="31" count="2" type="stmt"/>
          <line num="37" count="1" type="stmt"/>
          <line num="41" count="68" type="stmt"/>
          <line num="45" count="70" type="stmt"/>
          <line num="46" count="70" type="stmt"/>
          <line num="62" count="80" type="stmt"/>
          <line num="63" count="80" type="cond" truecount="2" falsecount="0"/>
          <line num="67" count="75" type="stmt"/>
          <line num="68" count="75" type="stmt"/>
          <line num="74" count="68" type="cond" truecount="2" falsecount="0"/>
          <line num="75" count="20" type="stmt"/>
          <line num="77" count="48" type="stmt"/>
          <line num="80" count="68" type="stmt"/>
          <line num="84" count="68" type="stmt"/>
          <line num="85" count="68" type="stmt"/>
          <line num="89" count="68" type="stmt"/>
          <line num="90" count="68" type="stmt"/>
          <line num="100" count="68" type="stmt"/>
          <line num="104" count="1" type="stmt"/>
          <line num="108" count="3" type="stmt"/>
          <line num="112" count="1" type="stmt"/>
          <line num="116" count="1" type="stmt"/>
          <line num="120" count="4" type="stmt"/>
          <line num="124" count="7" type="stmt"/>
          <line num="125" count="7" type="cond" truecount="4" falsecount="0"/>
          <line num="126" count="1" type="stmt"/>
          <line num="127" count="6" type="cond" truecount="5" falsecount="0"/>
          <line num="128" count="1" type="stmt"/>
          <line num="129" count="5" type="cond" truecount="4" falsecount="0"/>
          <line num="130" count="1" type="stmt"/>
          <line num="131" count="4" type="cond" truecount="4" falsecount="0"/>
          <line num="132" count="1" type="stmt"/>
          <line num="134" count="3" type="stmt"/>
          <line num="139" count="3" type="cond" truecount="1" falsecount="1"/>
          <line num="140" count="3" type="cond" truecount="4" falsecount="0"/>
          <line num="141" count="2" type="stmt"/>
          <line num="144" count="2" type="cond" truecount="4" falsecount="0"/>
          <line num="145" count="1" type="stmt"/>
          <line num="148" count="1" type="cond" truecount="1" falsecount="1"/>
          <line num="149" count="1" type="stmt"/>
          <line num="155" count="5" type="cond" truecount="6" falsecount="0"/>
          <line num="156" count="2" type="stmt"/>
          <line num="158" count="3" type="stmt"/>
          <line num="162" count="68" type="stmt"/>
          <line num="167" count="100" type="stmt"/>
          <line num="178" count="3" type="stmt"/>
        </file>
        <file name="VideoListScreen.js" path="/Users/kspector/Development/directv/src/components/screens/VideoListScreen.js">
          <metrics statements="23" coveredstatements="23" conditionals="10" coveredconditionals="10" methods="7" coveredmethods="6"/>
          <line num="11" count="6" type="stmt"/>
          <line num="12" count="6" type="stmt"/>
          <line num="16" count="8" type="stmt"/>
          <line num="17" count="8" type="stmt"/>
          <line num="20" count="8" type="stmt"/>
          <line num="21" count="16" type="stmt"/>
          <line num="22" count="16" type="stmt"/>
          <line num="23" count="16" type="stmt"/>
          <line num="25" count="16" type="cond" truecount="2" falsecount="0"/>
          <line num="26" count="4" type="stmt"/>
          <line num="30" count="8" type="stmt"/>
          <line num="34" count="8" type="stmt"/>
          <line num="38" count="8" type="stmt"/>
          <line num="42" count="5" type="cond" truecount="4" falsecount="0"/>
          <line num="43" count="2" type="stmt"/>
          <line num="44" count="2" type="stmt"/>
          <line num="45" count="3" type="cond" truecount="4" falsecount="0"/>
          <line num="46" count="2" type="stmt"/>
          <line num="47" count="2" type="stmt"/>
          <line num="50" count="1" type="stmt"/>
          <line num="55" count="8" type="stmt"/>
          <line num="56" count="8" type="stmt"/>
          <line num="67" count="6" type="stmt"/>
        </file>
      </package>
      <package name="src.stylesheets">
        <metrics statements="2" coveredstatements="2" conditionals="0" coveredconditionals="0" methods="0" coveredmethods="0"/>
        <file name="app.css" path="/Users/kspector/Development/directv/src/stylesheets/app.css">
          <metrics statements="1" coveredstatements="1" conditionals="0" coveredconditionals="0" methods="0" coveredmethods="0"/>
          <line num="1" count="2" type="stmt"/>
        </file>
        <file name="videoPlayer.css" path="/Users/kspector/Development/directv/src/stylesheets/videoPlayer.css">
          <metrics statements="1" coveredstatements="1" conditionals="0" coveredconditionals="0" methods="0" coveredmethods="0"/>
          <line num="1" count="4" type="stmt"/>
        </file>
      </package>
      <package name="src.stylesheets.columns">
        <metrics statements="1" coveredstatements="1" conditionals="0" coveredconditionals="0" methods="0" coveredmethods="0"/>
        <file name="searchInputFeedback.css" path="/Users/kspector/Development/directv/src/stylesheets/columns/searchInputFeedback.css">
          <metrics statements="1" coveredstatements="1" conditionals="0" coveredconditionals="0" methods="0" coveredmethods="0"/>
          <line num="1" count="4" type="stmt"/>
        </file>
      </package>
      <package name="src.stylesheets.items">
        <metrics statements="1" coveredstatements="1" conditionals="0" coveredconditionals="0" methods="0" coveredmethods="0"/>
        <file name="videoItem.css" path="/Users/kspector/Development/directv/src/stylesheets/items/videoItem.css">
          <metrics statements="1" coveredstatements="1" conditionals="0" coveredconditionals="0" methods="0" coveredmethods="0"/>
          <line num="1" count="8" type="stmt"/>
        </file>
      </package>
      <package name="src.stylesheets.navigation">
        <metrics statements="3" coveredstatements="3" conditionals="0" coveredconditionals="0" methods="0" coveredmethods="0"/>
        <file name="column.css" path="/Users/kspector/Development/directv/src/stylesheets/navigation/column.css">
          <metrics statements="1" coveredstatements="1" conditionals="0" coveredconditionals="0" methods="0" coveredmethods="0"/>
          <line num="1" count="9" type="stmt"/>
        </file>
        <file name="row.css" path="/Users/kspector/Development/directv/src/stylesheets/navigation/row.css">
          <metrics statements="1" coveredstatements="1" conditionals="0" coveredconditionals="0" methods="0" coveredmethods="0"/>
          <line num="1" count="10" type="stmt"/>
        </file>
        <file name="screen.css" path="/Users/kspector/Development/directv/src/stylesheets/navigation/screen.css">
          <metrics statements="1" coveredstatements="1" conditionals="0" coveredconditionals="0" methods="0" coveredmethods="0"/>
          <line num="1" count="9" type="stmt"/>
        </file>
      </package>
      <package name="src.stylesheets.rows">
        <metrics statements="2" coveredstatements="2" conditionals="0" coveredconditionals="0" methods="0" coveredmethods="0"/>
        <file name="searchInput.css" path="/Users/kspector/Development/directv/src/stylesheets/rows/searchInput.css">
          <metrics statements="1" coveredstatements="1" conditionals="0" coveredconditionals="0" methods="0" coveredmethods="0"/>
          <line num="1" count="4" type="stmt"/>
        </file>
        <file name="video.css" path="/Users/kspector/Development/directv/src/stylesheets/rows/video.css">
          <metrics statements="1" coveredstatements="1" conditionals="0" coveredconditionals="0" methods="0" coveredmethods="0"/>
          <line num="1" count="7" type="stmt"/>
        </file>
      </package>
      <package name="src.stylesheets.screens">
        <metrics statements="4" coveredstatements="4" conditionals="0" coveredconditionals="0" methods="0" coveredmethods="0"/>
        <file name="header.css" path="/Users/kspector/Development/directv/src/stylesheets/screens/header.css">
          <metrics statements="1" coveredstatements="1" conditionals="0" coveredconditionals="0" methods="0" coveredmethods="0"/>
          <line num="1" count="6" type="stmt"/>
        </file>
        <file name="nav.css" path="/Users/kspector/Development/directv/src/stylesheets/screens/nav.css">
          <metrics statements="1" coveredstatements="1" conditionals="0" coveredconditionals="0" methods="0" coveredmethods="0"/>
          <line num="1" count="3" type="stmt"/>
        </file>
        <file name="search.css" path="/Users/kspector/Development/directv/src/stylesheets/screens/search.css">
          <metrics statements="1" coveredstatements="1" conditionals="0" coveredconditionals="0" methods="0" coveredmethods="0"/>
          <line num="1" count="3" type="stmt"/>
        </file>
        <file name="videoList.css" path="/Users/kspector/Development/directv/src/stylesheets/screens/videoList.css">
          <metrics statements="1" coveredstatements="1" conditionals="0" coveredconditionals="0" methods="0" coveredmethods="0"/>
          <line num="1" count="6" type="stmt"/>
        </file>
      </package>
      <package name="src.util">
        <metrics statements="53" coveredstatements="51" conditionals="17" coveredconditionals="12" methods="15" coveredmethods="15"/>
        <file name="Analytics.js" path="/Users/kspector/Development/directv/src/util/Analytics.js">
          <metrics statements="12" coveredstatements="11" conditionals="5" coveredconditionals="3" methods="6" coveredmethods="6"/>
          <line num="4" count="3" type="stmt"/>
          <line num="11" count="1" type="cond" truecount="1" falsecount="1"/>
          <line num="12" count="1" type="stmt"/>
          <line num="13" count="1" type="stmt"/>
          <line num="14" count="1" type="stmt"/>
          <line num="16" count="0" type="stmt"/>
          <line num="21" count="2" type="stmt"/>
          <line num="27" count="2" type="stmt"/>
          <line num="34" count="2" type="stmt"/>
          <line num="39" count="2" type="stmt"/>
          <line num="41" count="2" type="stmt"/>
          <line num="46" count="3" type="stmt"/>
        </file>
        <file name="Cookies.js" path="/Users/kspector/Development/directv/src/util/Cookies.js">
          <metrics statements="14" coveredstatements="14" conditionals="2" coveredconditionals="2" methods="5" coveredmethods="5"/>
          <line num="1" count="6" type="stmt"/>
          <line num="2" count="30" type="stmt"/>
          <line num="5" count="6" type="stmt"/>
          <line num="6" count="29" type="stmt"/>
          <line num="9" count="29" type="stmt"/>
          <line num="10" count="34" type="stmt"/>
          <line num="11" count="34" type="stmt"/>
          <line num="13" count="29" type="stmt"/>
          <line num="17" count="29" type="stmt"/>
          <line num="21" count="6" type="stmt"/>
          <line num="26" count="1" type="stmt"/>
          <line num="27" count="3" type="stmt"/>
          <line num="28" count="3" type="cond" truecount="2" falsecount="0"/>
          <line num="29" count="1" type="stmt"/>
        </file>
        <file name="categories.js" path="/Users/kspector/Development/directv/src/util/categories.js">
          <metrics statements="0" coveredstatements="0" conditionals="0" coveredconditionals="0" methods="0" coveredmethods="0"/>
        </file>
        <file name="fetchQuery.js" path="/Users/kspector/Development/directv/src/util/fetchQuery.js">
          <metrics statements="12" coveredstatements="11" conditionals="10" coveredconditionals="7" methods="4" coveredmethods="4"/>
          <line num="4" count="29" type="stmt"/>
          <line num="8" count="29" type="stmt"/>
          <line num="9" count="29" type="cond" truecount="2" falsecount="0"/>
          <line num="10" count="4" type="cond" truecount="1" falsecount="1"/>
          <line num="11" count="4" type="stmt"/>
          <line num="14" count="29" type="stmt"/>
          <line num="17" count="6" type="stmt"/>
          <line num="27" count="29" type="stmt"/>
          <line num="35" count="29" type="cond" truecount="2" falsecount="2"/>
          <line num="36" count="0" type="stmt"/>
          <line num="38" count="29" type="stmt"/>
          <line num="40" count="29" type="stmt"/>
        </file>
        <file name="fileMock.js" path="/Users/kspector/Development/directv/src/util/fileMock.js">
          <metrics statements="1" coveredstatements="1" conditionals="0" coveredconditionals="0" methods="0" coveredmethods="0"/>
          <line num="1" count="9" type="stmt"/>
        </file>
        <file name="keypress.js" path="/Users/kspector/Development/directv/src/util/keypress.js">
          <metrics statements="11" coveredstatements="11" conditionals="0" coveredconditionals="0" methods="0" coveredmethods="0"/>
          <line num="1" count="4" type="stmt"/>
          <line num="2" count="4" type="stmt"/>
          <line num="3" count="4" type="stmt"/>
          <line num="4" count="4" type="stmt"/>
          <line num="5" count="4" type="stmt"/>
          <line num="6" count="4" type="stmt"/>
          <line num="7" count="4" type="stmt"/>
          <line num="8" count="4" type="stmt"/>
          <line num="10" count="4" type="stmt"/>
          <line num="11" count="4" type="stmt"/>
          <line num="12" count="4" type="stmt"/>
        </file>
        <file name="livestreamURL.js" path="/Users/kspector/Development/directv/src/util/livestreamURL.js">
          <metrics statements="1" coveredstatements="1" conditionals="0" coveredconditionals="0" methods="0" coveredmethods="0"/>
          <line num="1" count="6" type="stmt"/>
        </file>
        <file name="mockVideos.js" path="/Users/kspector/Development/directv/src/util/mockVideos.js">
          <metrics statements="1" coveredstatements="1" conditionals="0" coveredconditionals="0" methods="0" coveredmethods="0"/>
          <line num="1" count="6" type="stmt"/>
        </file>
        <file name="months.js" path="/Users/kspector/Development/directv/src/util/months.js">
          <metrics statements="1" coveredstatements="1" conditionals="0" coveredconditionals="0" methods="0" coveredmethods="0"/>
          <line num="1" count="8" type="stmt"/>
        </file>
      </package>
    </metrics>
  </project>
</coverage>
