{"/Users/kspector/Development/directv/config/setupTests.js": {"path":"/Users/kspector/Development/directv/config/setupTests.js","statementMap":{"0":{"start":{"line":5,"column":0},"end":{"line":5,"column":37}},"1":{"start":{"line":6,"column":0},"end":{"line":6,"column":41}}},"fnMap":{},"branchMap":{},"s":{"0":26,"1":26},"f":{},"b":{},"_coverageSchema":"332fd63041d2c1bcb487cc26dd0d5f7d97098a6c","hash":"f5823fbbfe53d269327e0fed12b306282f4c414c"}
,"/Users/kspector/Development/directv/src/components/App.js": {"path":"/Users/kspector/Development/directv/src/components/App.js","statementMap":{"0":{"start":{"line":11,"column":4},"end":{"line":11,"column":16}},"1":{"start":{"line":12,"column":4},"end":{"line":12,"column":52}},"2":{"start":{"line":16,"column":24},"end":{"line":16,"column":48}},"3":{"start":{"line":17,"column":4},"end":{"line":19,"column":5}},"4":{"start":{"line":18,"column":6},"end":{"line":18,"column":33}},"5":{"start":{"line":23,"column":4},"end":{"line":23,"column":21}},"6":{"start":{"line":27,"column":4},"end":{"line":27,"column":93}},"7":{"start":{"line":31,"column":24},"end":{"line":31,"column":48}},"8":{"start":{"line":32,"column":4},"end":{"line":38,"column":5}}},"fnMap":{"0":{"name":"(anonymous_0)","decl":{"start":{"line":10,"column":2},"end":{"line":10,"column":3}},"loc":{"start":{"line":10,"column":21},"end":{"line":13,"column":3}},"line":10},"1":{"name":"(anonymous_1)","decl":{"start":{"line":15,"column":2},"end":{"line":15,"column":3}},"loc":{"start":{"line":15,"column":22},"end":{"line":20,"column":3}},"line":15},"2":{"name":"(anonymous_2)","decl":{"start":{"line":22,"column":2},"end":{"line":22,"column":3}},"loc":{"start":{"line":22,"column":17},"end":{"line":24,"column":3}},"line":22},"3":{"name":"(anonymous_3)","decl":{"start":{"line":26,"column":2},"end":{"line":26,"column":3}},"loc":{"start":{"line":26,"column":25},"end":{"line":28,"column":3}},"line":26},"4":{"name":"(anonymous_4)","decl":{"start":{"line":30,"column":2},"end":{"line":30,"column":3}},"loc":{"start":{"line":30,"column":11},"end":{"line":39,"column":3}},"line":30}},"branchMap":{"0":{"loc":{"start":{"line":17,"column":4},"end":{"line":19,"column":5}},"type":"if","locations":[{"start":{"line":17,"column":4},"end":{"line":19,"column":5}},{"start":{"line":17,"column":4},"end":{"line":19,"column":5}}],"line":17},"1":{"loc":{"start":{"line":35,"column":11},"end":{"line":35,"column":78}},"type":"binary-expr","locations":[{"start":{"line":35,"column":11},"end":{"line":35,"column":24}},{"start":{"line":35,"column":28},"end":{"line":35,"column":47}},{"start":{"line":35,"column":51},"end":{"line":35,"column":78}}],"line":35}},"s":{"0":3,"1":3,"2":3,"3":3,"4":2,"5":3,"6":0,"7":3,"8":3},"f":{"0":3,"1":3,"2":3,"3":0,"4":3},"b":{"0":[2,1],"1":[3,3,0]},"_coverageSchema":"332fd63041d2c1bcb487cc26dd0d5f7d97098a6c","hash":"f948d7e25e8a2a8ae6ec2b8a79c93803f16edbb7"}
,"/Users/kspector/Development/directv/src/components/CreateDeviceToken.js": {"path":"/Users/kspector/Development/directv/src/components/CreateDeviceToken.js","statementMap":{"0":{"start":{"line":5,"column":29},"end":{"line":7,"column":1}},"1":{"start":{"line":6,"column":2},"end":{"line":6,"column":55}},"2":{"start":{"line":9,"column":32},"end":{"line":11,"column":1}},"3":{"start":{"line":10,"column":2},"end":{"line":10,"column":40}},"4":{"start":{"line":13,"column":26},"end":{"line":51,"column":1}},"5":{"start":{"line":15,"column":19},"end":{"line":22,"column":3}},"6":{"start":{"line":23,"column":16},"end":{"line":23,"column":55}},"7":{"start":{"line":24,"column":20},"end":{"line":24,"column":81}},"8":{"start":{"line":26,"column":30},"end":{"line":40,"column":3}},"9":{"start":{"line":27,"column":4},"end":{"line":38,"column":5}},"10":{"start":{"line":28,"column":6},"end":{"line":28,"column":39}},"11":{"start":{"line":29,"column":11},"end":{"line":38,"column":5}},"12":{"start":{"line":30,"column":6},"end":{"line":37,"column":7}},"13":{"start":{"line":31,"column":8},"end":{"line":31,"column":55}},"14":{"start":{"line":32,"column":8},"end":{"line":32,"column":52}},"15":{"start":{"line":33,"column":8},"end":{"line":33,"column":91}},"16":{"start":{"line":34,"column":8},"end":{"line":34,"column":34}},"17":{"start":{"line":36,"column":8},"end":{"line":36,"column":39}},"18":{"start":{"line":39,"column":4},"end":{"line":39,"column":32}},"19":{"start":{"line":42,"column":2},"end":{"line":50,"column":3}},"20":{"start":{"line":47,"column":8},"end":{"line":47,"column":74}}},"fnMap":{"0":{"name":"(anonymous_0)","decl":{"start":{"line":5,"column":29},"end":{"line":5,"column":30}},"loc":{"start":{"line":5,"column":43},"end":{"line":7,"column":1}},"line":5},"1":{"name":"(anonymous_1)","decl":{"start":{"line":9,"column":32},"end":{"line":9,"column":33}},"loc":{"start":{"line":9,"column":57},"end":{"line":11,"column":1}},"line":9},"2":{"name":"(anonymous_2)","decl":{"start":{"line":13,"column":26},"end":{"line":13,"column":27}},"loc":{"start":{"line":13,"column":60},"end":{"line":51,"column":1}},"line":13},"3":{"name":"(anonymous_3)","decl":{"start":{"line":26,"column":30},"end":{"line":26,"column":31}},"loc":{"start":{"line":26,"column":60},"end":{"line":40,"column":3}},"line":26},"4":{"name":"(anonymous_4)","decl":{"start":{"line":46,"column":15},"end":{"line":46,"column":16}},"loc":{"start":{"line":46,"column":25},"end":{"line":48,"column":7}},"line":46}},"branchMap":{"0":{"loc":{"start":{"line":24,"column":68},"end":{"line":24,"column":79}},"type":"binary-expr","locations":[{"start":{"line":24,"column":68},"end":{"line":24,"column":73}},{"start":{"line":24,"column":77},"end":{"line":24,"column":79}}],"line":24},"1":{"loc":{"start":{"line":27,"column":4},"end":{"line":38,"column":5}},"type":"if","locations":[{"start":{"line":27,"column":4},"end":{"line":38,"column":5}},{"start":{"line":27,"column":4},"end":{"line":38,"column":5}}],"line":27},"2":{"loc":{"start":{"line":29,"column":11},"end":{"line":38,"column":5}},"type":"if","locations":[{"start":{"line":29,"column":11},"end":{"line":38,"column":5}},{"start":{"line":29,"column":11},"end":{"line":38,"column":5}}],"line":29},"3":{"loc":{"start":{"line":30,"column":6},"end":{"line":37,"column":7}},"type":"if","locations":[{"start":{"line":30,"column":6},"end":{"line":37,"column":7}},{"start":{"line":30,"column":6},"end":{"line":37,"column":7}}],"line":30}},"s":{"0":2,"1":7,"2":2,"3":2,"4":2,"5":7,"6":7,"7":7,"8":7,"9":18,"10":0,"11":18,"12":3,"13":2,"14":2,"15":2,"16":2,"17":1,"18":15,"19":7,"20":18},"f":{"0":7,"1":2,"2":7,"3":18,"4":18},"b":{"0":[7,2],"1":[0,18],"2":[3,15],"3":[2,1]},"_coverageSchema":"332fd63041d2c1bcb487cc26dd0d5f7d97098a6c","hash":"bfdfb69912d500badcf4e55edddf4c42e99665e2"}
,"/Users/kspector/Development/directv/src/components/Layout.js": {"path":"/Users/kspector/Development/directv/src/components/Layout.js","statementMap":{"0":{"start":{"line":11,"column":16},"end":{"line":11,"column":25}},"1":{"start":{"line":12,"column":25},"end":{"line":19,"column":1}},"2":{"start":{"line":20,"column":22},"end":{"line":34,"column":1}},"3":{"start":{"line":35,"column":23},"end":{"line":42,"column":1}},"4":{"start":{"line":44,"column":20},"end":{"line":50,"column":1}},"5":{"start":{"line":52,"column":33},"end":{"line":52,"column":59}},"6":{"start":{"line":53,"column":25},"end":{"line":53,"column":36}},"7":{"start":{"line":57,"column":4},"end":{"line":57,"column":16}},"8":{"start":{"line":59,"column":4},"end":{"line":59,"column":58}},"9":{"start":{"line":60,"column":4},"end":{"line":60,"column":52}},"10":{"start":{"line":61,"column":4},"end":{"line":61,"column":76}},"11":{"start":{"line":62,"column":4},"end":{"line":62,"column":78}},"12":{"start":{"line":63,"column":4},"end":{"line":63,"column":48}},"13":{"start":{"line":64,"column":4},"end":{"line":64,"column":68}},"14":{"start":{"line":65,"column":4},"end":{"line":65,"column":50}},"15":{"start":{"line":66,"column":4},"end":{"line":66,"column":117}},"16":{"start":{"line":70,"column":46},"end":{"line":70,"column":56}},"17":{"start":{"line":72,"column":17},"end":{"line":77,"column":5}},"18":{"start":{"line":79,"column":4},"end":{"line":83,"column":5}},"19":{"start":{"line":80,"column":6},"end":{"line":80,"column":41}},"20":{"start":{"line":82,"column":6},"end":{"line":82,"column":28}},"21":{"start":{"line":85,"column":4},"end":{"line":85,"column":15}},"22":{"start":{"line":89,"column":28},"end":{"line":89,"column":38}},"23":{"start":{"line":91,"column":4},"end":{"line":97,"column":5}},"24":{"start":{"line":95,"column":27},"end":{"line":95,"column":104}},"25":{"start":{"line":101,"column":29},"end":{"line":101,"column":39}},"26":{"start":{"line":102,"column":4},"end":{"line":108,"column":5}},"27":{"start":{"line":106,"column":27},"end":{"line":106,"column":105}},"28":{"start":{"line":112,"column":29},"end":{"line":112,"column":33}},"29":{"start":{"line":114,"column":4},"end":{"line":118,"column":5}},"30":{"start":{"line":115,"column":6},"end":{"line":115,"column":39}},"31":{"start":{"line":116,"column":11},"end":{"line":118,"column":5}},"32":{"start":{"line":117,"column":6},"end":{"line":117,"column":36}},"33":{"start":{"line":120,"column":4},"end":{"line":120,"column":52}},"34":{"start":{"line":124,"column":43},"end":{"line":124,"column":47}},"35":{"start":{"line":125,"column":4},"end":{"line":125,"column":137}},"36":{"start":{"line":129,"column":4},"end":{"line":129,"column":98}},"37":{"start":{"line":133,"column":4},"end":{"line":133,"column":37}},"38":{"start":{"line":137,"column":4},"end":{"line":142,"column":5}},"39":{"start":{"line":138,"column":23},"end":{"line":138,"column":148}},"40":{"start":{"line":139,"column":6},"end":{"line":141,"column":7}},"41":{"start":{"line":140,"column":8},"end":{"line":140,"column":63}},"42":{"start":{"line":146,"column":4},"end":{"line":146,"column":40}},"43":{"start":{"line":148,"column":4},"end":{"line":155,"column":5}},"44":{"start":{"line":149,"column":6},"end":{"line":154,"column":8}},"45":{"start":{"line":159,"column":32},"end":{"line":159,"column":42}},"46":{"start":{"line":160,"column":4},"end":{"line":165,"column":5}}},"fnMap":{"0":{"name":"(anonymous_0)","decl":{"start":{"line":56,"column":2},"end":{"line":56,"column":3}},"loc":{"start":{"line":56,"column":21},"end":{"line":67,"column":3}},"line":56},"1":{"name":"(anonymous_1)","decl":{"start":{"line":69,"column":2},"end":{"line":69,"column":3}},"loc":{"start":{"line":69,"column":18},"end":{"line":86,"column":3}},"line":69},"2":{"name":"(anonymous_2)","decl":{"start":{"line":88,"column":2},"end":{"line":88,"column":3}},"loc":{"start":{"line":88,"column":31},"end":{"line":98,"column":3}},"line":88},"3":{"name":"(anonymous_3)","decl":{"start":{"line":95,"column":17},"end":{"line":95,"column":18}},"loc":{"start":{"line":95,"column":27},"end":{"line":95,"column":104}},"line":95},"4":{"name":"(anonymous_4)","decl":{"start":{"line":100,"column":2},"end":{"line":100,"column":3}},"loc":{"start":{"line":100,"column":28},"end":{"line":109,"column":3}},"line":100},"5":{"name":"(anonymous_5)","decl":{"start":{"line":106,"column":17},"end":{"line":106,"column":18}},"loc":{"start":{"line":106,"column":27},"end":{"line":106,"column":105}},"line":106},"6":{"name":"(anonymous_6)","decl":{"start":{"line":111,"column":2},"end":{"line":111,"column":3}},"loc":{"start":{"line":111,"column":45},"end":{"line":121,"column":3}},"line":111},"7":{"name":"(anonymous_7)","decl":{"start":{"line":123,"column":2},"end":{"line":123,"column":3}},"loc":{"start":{"line":123,"column":49},"end":{"line":126,"column":3}},"line":123},"8":{"name":"(anonymous_8)","decl":{"start":{"line":128,"column":2},"end":{"line":128,"column":3}},"loc":{"start":{"line":128,"column":57},"end":{"line":130,"column":3}},"line":128},"9":{"name":"(anonymous_9)","decl":{"start":{"line":132,"column":2},"end":{"line":132,"column":3}},"loc":{"start":{"line":132,"column":24},"end":{"line":134,"column":3}},"line":132},"10":{"name":"(anonymous_10)","decl":{"start":{"line":136,"column":2},"end":{"line":136,"column":3}},"loc":{"start":{"line":136,"column":29},"end":{"line":143,"column":3}},"line":136},"11":{"name":"(anonymous_11)","decl":{"start":{"line":145,"column":2},"end":{"line":145,"column":3}},"loc":{"start":{"line":145,"column":21},"end":{"line":156,"column":3}},"line":145},"12":{"name":"(anonymous_12)","decl":{"start":{"line":158,"column":2},"end":{"line":158,"column":3}},"loc":{"start":{"line":158,"column":11},"end":{"line":166,"column":3}},"line":158}},"branchMap":{"0":{"loc":{"start":{"line":79,"column":4},"end":{"line":83,"column":5}},"type":"if","locations":[{"start":{"line":79,"column":4},"end":{"line":83,"column":5}},{"start":{"line":79,"column":4},"end":{"line":83,"column":5}}],"line":79},"1":{"loc":{"start":{"line":114,"column":4},"end":{"line":118,"column":5}},"type":"if","locations":[{"start":{"line":114,"column":4},"end":{"line":118,"column":5}},{"start":{"line":114,"column":4},"end":{"line":118,"column":5}}],"line":114},"2":{"loc":{"start":{"line":116,"column":11},"end":{"line":118,"column":5}},"type":"if","locations":[{"start":{"line":116,"column":11},"end":{"line":118,"column":5}},{"start":{"line":116,"column":11},"end":{"line":118,"column":5}}],"line":116},"3":{"loc":{"start":{"line":137,"column":4},"end":{"line":142,"column":5}},"type":"if","locations":[{"start":{"line":137,"column":4},"end":{"line":142,"column":5}},{"start":{"line":137,"column":4},"end":{"line":142,"column":5}}],"line":137},"4":{"loc":{"start":{"line":138,"column":23},"end":{"line":138,"column":148}},"type":"cond-expr","locations":[{"start":{"line":138,"column":60},"end":{"line":138,"column":94}},{"start":{"line":138,"column":97},"end":{"line":138,"column":148}}],"line":138},"5":{"loc":{"start":{"line":138,"column":97},"end":{"line":138,"column":148}},"type":"binary-expr","locations":[{"start":{"line":138,"column":97},"end":{"line":138,"column":128}},{"start":{"line":138,"column":132},"end":{"line":138,"column":148}}],"line":138},"6":{"loc":{"start":{"line":139,"column":6},"end":{"line":141,"column":7}},"type":"if","locations":[{"start":{"line":139,"column":6},"end":{"line":141,"column":7}},{"start":{"line":139,"column":6},"end":{"line":141,"column":7}}],"line":139},"7":{"loc":{"start":{"line":148,"column":4},"end":{"line":155,"column":5}},"type":"if","locations":[{"start":{"line":148,"column":4},"end":{"line":155,"column":5}},{"start":{"line":148,"column":4},"end":{"line":155,"column":5}}],"line":148},"8":{"loc":{"start":{"line":163,"column":8},"end":{"line":163,"column":79}},"type":"cond-expr","locations":[{"start":{"line":163,"column":39},"end":{"line":163,"column":56}},{"start":{"line":163,"column":59},"end":{"line":163,"column":79}}],"line":163}},"s":{"0":2,"1":2,"2":2,"3":2,"4":2,"5":2,"6":2,"7":22,"8":22,"9":22,"10":22,"11":22,"12":22,"13":22,"14":22,"15":22,"16":43,"17":43,"18":43,"19":2,"20":41,"21":43,"22":41,"23":41,"24":60,"25":1,"26":1,"27":3,"28":64,"29":64,"30":0,"31":64,"32":1,"33":63,"34":2,"35":2,"36":3,"37":1,"38":25,"39":24,"40":24,"41":2,"42":3,"43":3,"44":2,"45":32,"46":32},"f":{"0":22,"1":43,"2":41,"3":60,"4":1,"5":3,"6":64,"7":2,"8":3,"9":1,"10":25,"11":3,"12":32},"b":{"0":[2,41],"1":[0,64],"2":[1,63],"3":[24,1],"4":[1,23],"5":[23,0],"6":[2,22],"7":[2,1],"8":[2,30]},"_coverageSchema":"332fd63041d2c1bcb487cc26dd0d5f7d97098a6c","hash":"33c8a396a398ebf9ab8fbd56fec8f347cdd0b3a5"}
,"/Users/kspector/Development/directv/src/components/QueryRenderer.js": {"path":"/Users/kspector/Development/directv/src/components/QueryRenderer.js","statementMap":{"0":{"start":{"line":5,"column":4},"end":{"line":5,"column":16}},"1":{"start":{"line":7,"column":4},"end":{"line":7,"column":48}},"2":{"start":{"line":11,"column":4},"end":{"line":11,"column":23}},"3":{"start":{"line":15,"column":26},"end":{"line":15,"column":36}},"4":{"start":{"line":17,"column":4},"end":{"line":19,"column":5}},"5":{"start":{"line":18,"column":6},"end":{"line":18,"column":25}},"6":{"start":{"line":23,"column":33},"end":{"line":23,"column":43}},"7":{"start":{"line":25,"column":4},"end":{"line":27,"column":6}},"8":{"start":{"line":26,"column":6},"end":{"line":26,"column":52}},"9":{"start":{"line":31,"column":23},"end":{"line":31,"column":33}},"10":{"start":{"line":32,"column":34},"end":{"line":32,"column":44}},"11":{"start":{"line":34,"column":4},"end":{"line":34,"column":52}},"12":{"start":{"line":38,"column":0},"end":{"line":41,"column":1}}},"fnMap":{"0":{"name":"(anonymous_0)","decl":{"start":{"line":4,"column":2},"end":{"line":4,"column":3}},"loc":{"start":{"line":4,"column":21},"end":{"line":8,"column":3}},"line":4},"1":{"name":"(anonymous_1)","decl":{"start":{"line":10,"column":2},"end":{"line":10,"column":3}},"loc":{"start":{"line":10,"column":22},"end":{"line":12,"column":3}},"line":10},"2":{"name":"(anonymous_2)","decl":{"start":{"line":14,"column":2},"end":{"line":14,"column":3}},"loc":{"start":{"line":14,"column":32},"end":{"line":20,"column":3}},"line":14},"3":{"name":"(anonymous_3)","decl":{"start":{"line":22,"column":2},"end":{"line":22,"column":3}},"loc":{"start":{"line":22,"column":17},"end":{"line":28,"column":3}},"line":22},"4":{"name":"(anonymous_4)","decl":{"start":{"line":25,"column":38},"end":{"line":25,"column":39}},"loc":{"start":{"line":25,"column":50},"end":{"line":27,"column":5}},"line":25},"5":{"name":"(anonymous_5)","decl":{"start":{"line":30,"column":2},"end":{"line":30,"column":3}},"loc":{"start":{"line":30,"column":11},"end":{"line":35,"column":3}},"line":30},"6":{"name":"(anonymous_6)","decl":{"start":{"line":40,"column":11},"end":{"line":40,"column":12}},"loc":{"start":{"line":40,"column":29},"end":{"line":40,"column":31}},"line":40}},"branchMap":{"0":{"loc":{"start":{"line":17,"column":4},"end":{"line":19,"column":5}},"type":"if","locations":[{"start":{"line":17,"column":4},"end":{"line":19,"column":5}},{"start":{"line":17,"column":4},"end":{"line":19,"column":5}}],"line":17}},"s":{"0":30,"1":30,"2":30,"3":54,"4":54,"5":4,"6":34,"7":34,"8":28,"9":84,"10":84,"11":84,"12":4},"f":{"0":30,"1":30,"2":54,"3":34,"4":28,"5":84,"6":0},"b":{"0":[4,50]},"_coverageSchema":"332fd63041d2c1bcb487cc26dd0d5f7d97098a6c","hash":"2f4e2365c89e7e5c9ff0e4bc9571faac78ae770d"}
,"/Users/kspector/Development/directv/src/components/Thumbnail.js": {"path":"/Users/kspector/Development/directv/src/components/Thumbnail.js","statementMap":{"0":{"start":{"line":6,"column":4},"end":{"line":8,"column":5}},"1":{"start":{"line":7,"column":6},"end":{"line":7,"column":18}},"2":{"start":{"line":9,"column":4},"end":{"line":9,"column":15}},"3":{"start":{"line":13,"column":20},"end":{"line":13,"column":30}},"4":{"start":{"line":14,"column":4},"end":{"line":19,"column":5}}},"fnMap":{"0":{"name":"(anonymous_0)","decl":{"start":{"line":5,"column":2},"end":{"line":5,"column":3}},"loc":{"start":{"line":5,"column":46},"end":{"line":10,"column":3}},"line":5},"1":{"name":"(anonymous_1)","decl":{"start":{"line":12,"column":2},"end":{"line":12,"column":3}},"loc":{"start":{"line":12,"column":11},"end":{"line":20,"column":3}},"line":12}},"branchMap":{"0":{"loc":{"start":{"line":6,"column":4},"end":{"line":8,"column":5}},"type":"if","locations":[{"start":{"line":6,"column":4},"end":{"line":8,"column":5}},{"start":{"line":6,"column":4},"end":{"line":8,"column":5}}],"line":6}},"s":{"0":2,"1":1,"2":1,"3":45,"4":45},"f":{"0":2,"1":45},"b":{"0":[1,1]},"_coverageSchema":"332fd63041d2c1bcb487cc26dd0d5f7d97098a6c","hash":"6bc120f15de8e1519161977435cacc7285fc4fd5"}
,"/Users/kspector/Development/directv/src/components/VideoPlayer.js": {"path":"/Users/kspector/Development/directv/src/components/VideoPlayer.js","statementMap":{"0":{"start":{"line":16,"column":4},"end":{"line":16,"column":16}},"1":{"start":{"line":17,"column":4},"end":{"line":17,"column":64}},"2":{"start":{"line":18,"column":4},"end":{"line":18,"column":56}},"3":{"start":{"line":19,"column":4},"end":{"line":19,"column":44}},"4":{"start":{"line":23,"column":4},"end":{"line":23,"column":23}},"5":{"start":{"line":24,"column":4},"end":{"line":24,"column":26}},"6":{"start":{"line":25,"column":4},"end":{"line":25,"column":59}},"7":{"start":{"line":29,"column":4},"end":{"line":29,"column":73}},"8":{"start":{"line":30,"column":4},"end":{"line":30,"column":31}},"9":{"start":{"line":35,"column":4},"end":{"line":40,"column":5}},"10":{"start":{"line":36,"column":6},"end":{"line":36,"column":65}},"11":{"start":{"line":37,"column":6},"end":{"line":37,"column":61}},"12":{"start":{"line":37,"column":36},"end":{"line":37,"column":59}},"13":{"start":{"line":38,"column":6},"end":{"line":38,"column":65}},"14":{"start":{"line":39,"column":6},"end":{"line":39,"column":29}},"15":{"start":{"line":43,"column":4},"end":{"line":48,"column":5}},"16":{"start":{"line":44,"column":6},"end":{"line":44,"column":75}},"17":{"start":{"line":45,"column":6},"end":{"line":45,"column":61}},"18":{"start":{"line":45,"column":36},"end":{"line":45,"column":59}},"19":{"start":{"line":46,"column":6},"end":{"line":46,"column":57}},"20":{"start":{"line":47,"column":6},"end":{"line":47,"column":25}},"21":{"start":{"line":52,"column":4},"end":{"line":52,"column":54}},"22":{"start":{"line":53,"column":4},"end":{"line":53,"column":50}},"23":{"start":{"line":54,"column":4},"end":{"line":54,"column":51}},"24":{"start":{"line":55,"column":4},"end":{"line":55,"column":53}},"25":{"start":{"line":56,"column":4},"end":{"line":56,"column":57}},"26":{"start":{"line":57,"column":4},"end":{"line":57,"column":90}},"27":{"start":{"line":61,"column":4},"end":{"line":61,"column":26}},"28":{"start":{"line":62,"column":4},"end":{"line":62,"column":61}},"29":{"start":{"line":63,"column":4},"end":{"line":63,"column":22}},"30":{"start":{"line":64,"column":4},"end":{"line":64,"column":27}},"31":{"start":{"line":68,"column":4},"end":{"line":68,"column":50}},"32":{"start":{"line":69,"column":4},"end":{"line":69,"column":51}},"33":{"start":{"line":70,"column":4},"end":{"line":70,"column":45}},"34":{"start":{"line":74,"column":4},"end":{"line":74,"column":49}},"35":{"start":{"line":75,"column":4},"end":{"line":75,"column":50}},"36":{"start":{"line":76,"column":4},"end":{"line":76,"column":42}},"37":{"start":{"line":80,"column":4},"end":{"line":80,"column":45}},"38":{"start":{"line":81,"column":4},"end":{"line":81,"column":28}},"39":{"start":{"line":82,"column":4},"end":{"line":82,"column":39}},"40":{"start":{"line":83,"column":4},"end":{"line":83,"column":65}},"41":{"start":{"line":84,"column":4},"end":{"line":84,"column":40}},"42":{"start":{"line":88,"column":4},"end":{"line":91,"column":5}},"43":{"start":{"line":89,"column":6},"end":{"line":89,"column":49}},"44":{"start":{"line":90,"column":6},"end":{"line":90,"column":22}},"45":{"start":{"line":95,"column":17},"end":{"line":95,"column":21}},"46":{"start":{"line":96,"column":4},"end":{"line":103,"column":13}},"47":{"start":{"line":97,"column":6},"end":{"line":102,"column":7}},"48":{"start":{"line":98,"column":8},"end":{"line":98,"column":26}},"49":{"start":{"line":99,"column":8},"end":{"line":101,"column":17}},"50":{"start":{"line":100,"column":10},"end":{"line":100,"column":29}},"51":{"start":{"line":107,"column":4},"end":{"line":107,"column":46}},"52":{"start":{"line":108,"column":4},"end":{"line":108,"column":37}},"53":{"start":{"line":110,"column":4},"end":{"line":110,"column":52}},"54":{"start":{"line":111,"column":4},"end":{"line":111,"column":43}},"55":{"start":{"line":112,"column":4},"end":{"line":112,"column":49}},"56":{"start":{"line":114,"column":4},"end":{"line":114,"column":52}},"57":{"start":{"line":115,"column":4},"end":{"line":115,"column":79}},"58":{"start":{"line":116,"column":4},"end":{"line":116,"column":49}},"59":{"start":{"line":118,"column":4},"end":{"line":118,"column":47}},"60":{"start":{"line":119,"column":4},"end":{"line":119,"column":28}},"61":{"start":{"line":120,"column":4},"end":{"line":120,"column":39}},"62":{"start":{"line":122,"column":4},"end":{"line":122,"column":46}},"63":{"start":{"line":123,"column":4},"end":{"line":123,"column":26}},"64":{"start":{"line":124,"column":4},"end":{"line":124,"column":37}},"65":{"start":{"line":126,"column":4},"end":{"line":126,"column":46}},"66":{"start":{"line":127,"column":4},"end":{"line":127,"column":60}},"67":{"start":{"line":128,"column":4},"end":{"line":128,"column":37}},"68":{"start":{"line":129,"column":4},"end":{"line":129,"column":47}},"69":{"start":{"line":131,"column":4},"end":{"line":131,"column":50}},"70":{"start":{"line":132,"column":4},"end":{"line":132,"column":34}},"71":{"start":{"line":133,"column":4},"end":{"line":133,"column":45}},"72":{"start":{"line":135,"column":4},"end":{"line":135,"column":52}},"73":{"start":{"line":136,"column":4},"end":{"line":136,"column":76}},"74":{"start":{"line":137,"column":4},"end":{"line":137,"column":49}},"75":{"start":{"line":138,"column":4},"end":{"line":138,"column":53}},"76":{"start":{"line":140,"column":4},"end":{"line":140,"column":49}},"77":{"start":{"line":141,"column":4},"end":{"line":141,"column":81}},"78":{"start":{"line":142,"column":4},"end":{"line":142,"column":43}},"79":{"start":{"line":143,"column":4},"end":{"line":143,"column":50}},"80":{"start":{"line":145,"column":4},"end":{"line":145,"column":44}},"81":{"start":{"line":146,"column":4},"end":{"line":146,"column":38}},"82":{"start":{"line":147,"column":4},"end":{"line":147,"column":44}},"83":{"start":{"line":148,"column":4},"end":{"line":148,"column":39}},"84":{"start":{"line":149,"column":4},"end":{"line":149,"column":38}},"85":{"start":{"line":150,"column":4},"end":{"line":150,"column":42}},"86":{"start":{"line":151,"column":4},"end":{"line":151,"column":44}},"87":{"start":{"line":152,"column":4},"end":{"line":152,"column":41}},"88":{"start":{"line":153,"column":4},"end":{"line":153,"column":41}},"89":{"start":{"line":157,"column":4},"end":{"line":160,"column":5}},"90":{"start":{"line":158,"column":6},"end":{"line":158,"column":27}},"91":{"start":{"line":159,"column":6},"end":{"line":159,"column":20}},"92":{"start":{"line":164,"column":4},"end":{"line":183,"column":5}},"93":{"start":{"line":165,"column":6},"end":{"line":165,"column":51}},"94":{"start":{"line":166,"column":6},"end":{"line":166,"column":63}},"95":{"start":{"line":167,"column":6},"end":{"line":167,"column":63}},"96":{"start":{"line":168,"column":6},"end":{"line":168,"column":53}},"97":{"start":{"line":169,"column":6},"end":{"line":169,"column":51}},"98":{"start":{"line":170,"column":6},"end":{"line":170,"column":51}},"99":{"start":{"line":171,"column":6},"end":{"line":171,"column":59}},"100":{"start":{"line":172,"column":6},"end":{"line":172,"column":63}},"101":{"start":{"line":173,"column":6},"end":{"line":173,"column":57}},"102":{"start":{"line":174,"column":6},"end":{"line":174,"column":29}},"103":{"start":{"line":175,"column":6},"end":{"line":175,"column":29}},"104":{"start":{"line":176,"column":6},"end":{"line":176,"column":24}},"105":{"start":{"line":177,"column":6},"end":{"line":177,"column":23}},"106":{"start":{"line":178,"column":6},"end":{"line":178,"column":23}},"107":{"start":{"line":179,"column":6},"end":{"line":179,"column":27}},"108":{"start":{"line":180,"column":6},"end":{"line":180,"column":29}},"109":{"start":{"line":181,"column":6},"end":{"line":181,"column":26}},"110":{"start":{"line":182,"column":6},"end":{"line":182,"column":23}},"111":{"start":{"line":187,"column":4},"end":{"line":187,"column":98}},"112":{"start":{"line":191,"column":4},"end":{"line":191,"column":50}},"113":{"start":{"line":195,"column":27},"end":{"line":195,"column":37}},"114":{"start":{"line":196,"column":4},"end":{"line":196,"column":22}},"115":{"start":{"line":197,"column":4},"end":{"line":197,"column":15}},"116":{"start":{"line":198,"column":4},"end":{"line":198,"column":46}},"117":{"start":{"line":199,"column":4},"end":{"line":199,"column":16}},"118":{"start":{"line":203,"column":4},"end":{"line":205,"column":5}},"119":{"start":{"line":204,"column":6},"end":{"line":204,"column":34}},"120":{"start":{"line":209,"column":4},"end":{"line":211,"column":5}},"121":{"start":{"line":210,"column":6},"end":{"line":210,"column":45}},"122":{"start":{"line":213,"column":4},"end":{"line":215,"column":5}},"123":{"start":{"line":214,"column":6},"end":{"line":214,"column":46}},"124":{"start":{"line":219,"column":4},"end":{"line":219,"column":15}},"125":{"start":{"line":220,"column":4},"end":{"line":220,"column":22}},"126":{"start":{"line":221,"column":4},"end":{"line":221,"column":29}},"127":{"start":{"line":222,"column":4},"end":{"line":222,"column":25}},"128":{"start":{"line":226,"column":4},"end":{"line":231,"column":5}},"129":{"start":{"line":227,"column":6},"end":{"line":227,"column":55}},"130":{"start":{"line":227,"column":45},"end":{"line":227,"column":53}},"131":{"start":{"line":228,"column":6},"end":{"line":228,"column":67}},"132":{"start":{"line":230,"column":6},"end":{"line":230,"column":41}},"133":{"start":{"line":235,"column":4},"end":{"line":235,"column":100}},"134":{"start":{"line":239,"column":4},"end":{"line":243,"column":5}},"135":{"start":{"line":247,"column":4},"end":{"line":255,"column":5}},"136":{"start":{"line":259,"column":4},"end":{"line":264,"column":5}},"137":{"start":{"line":268,"column":4},"end":{"line":272,"column":5}},"138":{"start":{"line":269,"column":6},"end":{"line":269,"column":54}},"139":{"start":{"line":271,"column":6},"end":{"line":271,"column":57}},"140":{"start":{"line":276,"column":30},"end":{"line":276,"column":40}},"141":{"start":{"line":277,"column":4},"end":{"line":281,"column":5}},"142":{"start":{"line":278,"column":6},"end":{"line":278,"column":59}},"143":{"start":{"line":280,"column":6},"end":{"line":280,"column":82}},"144":{"start":{"line":286,"column":30},"end":{"line":286,"column":40}},"145":{"start":{"line":287,"column":4},"end":{"line":287,"column":83}},"146":{"start":{"line":291,"column":30},"end":{"line":291,"column":40}},"147":{"start":{"line":292,"column":4},"end":{"line":292,"column":70}},"148":{"start":{"line":296,"column":4},"end":{"line":296,"column":54}},"149":{"start":{"line":300,"column":4},"end":{"line":302,"column":5}},"150":{"start":{"line":301,"column":6},"end":{"line":301,"column":54}},"151":{"start":{"line":303,"column":4},"end":{"line":303,"column":27}},"152":{"start":{"line":307,"column":4},"end":{"line":307,"column":49}},"153":{"start":{"line":308,"column":4},"end":{"line":308,"column":28}},"154":{"start":{"line":312,"column":4},"end":{"line":312,"column":50}},"155":{"start":{"line":313,"column":4},"end":{"line":313,"column":27}},"156":{"start":{"line":317,"column":4},"end":{"line":317,"column":25}},"157":{"start":{"line":318,"column":4},"end":{"line":318,"column":24}},"158":{"start":{"line":323,"column":4},"end":{"line":329,"column":6}},"159":{"start":{"line":324,"column":6},"end":{"line":324,"column":26}},"160":{"start":{"line":325,"column":6},"end":{"line":325,"column":22}},"161":{"start":{"line":327,"column":6},"end":{"line":327,"column":26}},"162":{"start":{"line":328,"column":6},"end":{"line":328,"column":22}},"163":{"start":{"line":333,"column":4},"end":{"line":337,"column":5}},"164":{"start":{"line":334,"column":6},"end":{"line":334,"column":18}},"165":{"start":{"line":335,"column":6},"end":{"line":335,"column":63}},"166":{"start":{"line":336,"column":6},"end":{"line":336,"column":29}},"167":{"start":{"line":341,"column":4},"end":{"line":371,"column":5}},"168":{"start":{"line":344,"column":8},"end":{"line":349,"column":9}},"169":{"start":{"line":345,"column":10},"end":{"line":347,"column":11}},"170":{"start":{"line":346,"column":12},"end":{"line":346,"column":44}},"171":{"start":{"line":348,"column":10},"end":{"line":348,"column":15}},"172":{"start":{"line":351,"column":8},"end":{"line":351,"column":29}},"173":{"start":{"line":352,"column":8},"end":{"line":352,"column":29}},"174":{"start":{"line":353,"column":8},"end":{"line":353,"column":13}},"175":{"start":{"line":355,"column":8},"end":{"line":357,"column":9}},"176":{"start":{"line":356,"column":10},"end":{"line":356,"column":64}},"177":{"start":{"line":358,"column":8},"end":{"line":358,"column":13}},"178":{"start":{"line":361,"column":8},"end":{"line":364,"column":9}},"179":{"start":{"line":362,"column":10},"end":{"line":362,"column":27}},"180":{"start":{"line":363,"column":10},"end":{"line":363,"column":29}},"181":{"start":{"line":366,"column":8},"end":{"line":366,"column":29}},"182":{"start":{"line":367,"column":8},"end":{"line":367,"column":29}},"183":{"start":{"line":368,"column":8},"end":{"line":368,"column":13}},"184":{"start":{"line":370,"column":6},"end":{"line":370,"column":11}},"185":{"start":{"line":372,"column":4},"end":{"line":372,"column":17}},"186":{"start":{"line":376,"column":17},"end":{"line":376,"column":21}},"187":{"start":{"line":377,"column":4},"end":{"line":377,"column":63}},"188":{"start":{"line":378,"column":4},"end":{"line":378,"column":94}},"189":{"start":{"line":379,"column":4},"end":{"line":379,"column":76}},"190":{"start":{"line":380,"column":4},"end":{"line":380,"column":76}},"191":{"start":{"line":381,"column":4},"end":{"line":381,"column":74}},"192":{"start":{"line":385,"column":17},"end":{"line":385,"column":21}},"193":{"start":{"line":386,"column":4},"end":{"line":386,"column":73}},"194":{"start":{"line":387,"column":4},"end":{"line":387,"column":93}},"195":{"start":{"line":388,"column":4},"end":{"line":388,"column":75}},"196":{"start":{"line":389,"column":4},"end":{"line":389,"column":75}},"197":{"start":{"line":390,"column":4},"end":{"line":390,"column":73}},"198":{"start":{"line":394,"column":71},"end":{"line":394,"column":81}},"199":{"start":{"line":396,"column":4},"end":{"line":396,"column":71}},"200":{"start":{"line":396,"column":48},"end":{"line":396,"column":69}},"201":{"start":{"line":397,"column":4},"end":{"line":397,"column":49}},"202":{"start":{"line":397,"column":31},"end":{"line":397,"column":47}},"203":{"start":{"line":399,"column":4},"end":{"line":401,"column":5}},"204":{"start":{"line":400,"column":6},"end":{"line":400,"column":28}},"205":{"start":{"line":403,"column":4},"end":{"line":403,"column":16}},"206":{"start":{"line":407,"column":4},"end":{"line":407,"column":98}},"207":{"start":{"line":408,"column":4},"end":{"line":408,"column":25}},"208":{"start":{"line":412,"column":4},"end":{"line":412,"column":98}},"209":{"start":{"line":413,"column":4},"end":{"line":413,"column":24}},"210":{"start":{"line":417,"column":4},"end":{"line":417,"column":98}},"211":{"start":{"line":421,"column":4},"end":{"line":421,"column":15}}},"fnMap":{"0":{"name":"(anonymous_0)","decl":{"start":{"line":15,"column":2},"end":{"line":15,"column":3}},"loc":{"start":{"line":15,"column":21},"end":{"line":20,"column":3}},"line":15},"1":{"name":"(anonymous_1)","decl":{"start":{"line":22,"column":2},"end":{"line":22,"column":3}},"loc":{"start":{"line":22,"column":22},"end":{"line":26,"column":3}},"line":22},"2":{"name":"(anonymous_2)","decl":{"start":{"line":28,"column":2},"end":{"line":28,"column":3}},"loc":{"start":{"line":28,"column":25},"end":{"line":31,"column":3}},"line":28},"3":{"name":"(anonymous_3)","decl":{"start":{"line":33,"column":2},"end":{"line":33,"column":3}},"loc":{"start":{"line":33,"column":44},"end":{"line":49,"column":3}},"line":33},"4":{"name":"(anonymous_4)","decl":{"start":{"line":51,"column":2},"end":{"line":51,"column":3}},"loc":{"start":{"line":51,"column":17},"end":{"line":58,"column":3}},"line":51},"5":{"name":"(anonymous_5)","decl":{"start":{"line":60,"column":2},"end":{"line":60,"column":3}},"loc":{"start":{"line":60,"column":18},"end":{"line":65,"column":3}},"line":60},"6":{"name":"(anonymous_6)","decl":{"start":{"line":67,"column":2},"end":{"line":67,"column":3}},"loc":{"start":{"line":67,"column":21},"end":{"line":71,"column":3}},"line":67},"7":{"name":"(anonymous_7)","decl":{"start":{"line":73,"column":2},"end":{"line":73,"column":3}},"loc":{"start":{"line":73,"column":17},"end":{"line":77,"column":3}},"line":73},"8":{"name":"(anonymous_8)","decl":{"start":{"line":79,"column":2},"end":{"line":79,"column":3}},"loc":{"start":{"line":79,"column":19},"end":{"line":85,"column":3}},"line":79},"9":{"name":"(anonymous_9)","decl":{"start":{"line":87,"column":2},"end":{"line":87,"column":3}},"loc":{"start":{"line":87,"column":16},"end":{"line":92,"column":3}},"line":87},"10":{"name":"(anonymous_10)","decl":{"start":{"line":94,"column":2},"end":{"line":94,"column":3}},"loc":{"start":{"line":94,"column":14},"end":{"line":104,"column":3}},"line":94},"11":{"name":"(anonymous_11)","decl":{"start":{"line":96,"column":25},"end":{"line":96,"column":26}},"loc":{"start":{"line":96,"column":36},"end":{"line":103,"column":5}},"line":96},"12":{"name":"(anonymous_12)","decl":{"start":{"line":99,"column":29},"end":{"line":99,"column":30}},"loc":{"start":{"line":99,"column":40},"end":{"line":101,"column":9}},"line":99},"13":{"name":"(anonymous_13)","decl":{"start":{"line":106,"column":2},"end":{"line":106,"column":3}},"loc":{"start":{"line":106,"column":16},"end":{"line":154,"column":3}},"line":106},"14":{"name":"(anonymous_14)","decl":{"start":{"line":156,"column":2},"end":{"line":156,"column":3}},"loc":{"start":{"line":156,"column":15},"end":{"line":161,"column":3}},"line":156},"15":{"name":"(anonymous_15)","decl":{"start":{"line":163,"column":2},"end":{"line":163,"column":3}},"loc":{"start":{"line":163,"column":17},"end":{"line":184,"column":3}},"line":163},"16":{"name":"(anonymous_16)","decl":{"start":{"line":186,"column":2},"end":{"line":186,"column":3}},"loc":{"start":{"line":186,"column":16},"end":{"line":188,"column":3}},"line":186},"17":{"name":"(anonymous_17)","decl":{"start":{"line":190,"column":2},"end":{"line":190,"column":3}},"loc":{"start":{"line":190,"column":37},"end":{"line":192,"column":3}},"line":190},"18":{"name":"(anonymous_18)","decl":{"start":{"line":194,"column":2},"end":{"line":194,"column":3}},"loc":{"start":{"line":194,"column":19},"end":{"line":200,"column":3}},"line":194},"19":{"name":"(anonymous_19)","decl":{"start":{"line":202,"column":2},"end":{"line":202,"column":3}},"loc":{"start":{"line":202,"column":9},"end":{"line":206,"column":3}},"line":202},"20":{"name":"(anonymous_20)","decl":{"start":{"line":208,"column":2},"end":{"line":208,"column":3}},"loc":{"start":{"line":208,"column":16},"end":{"line":216,"column":3}},"line":208},"21":{"name":"(anonymous_21)","decl":{"start":{"line":218,"column":2},"end":{"line":218,"column":3}},"loc":{"start":{"line":218,"column":19},"end":{"line":223,"column":3}},"line":218},"22":{"name":"(anonymous_22)","decl":{"start":{"line":225,"column":2},"end":{"line":225,"column":3}},"loc":{"start":{"line":225,"column":16},"end":{"line":232,"column":3}},"line":225},"23":{"name":"(anonymous_23)","decl":{"start":{"line":234,"column":2},"end":{"line":234,"column":3}},"loc":{"start":{"line":234,"column":17},"end":{"line":236,"column":3}},"line":234},"24":{"name":"(anonymous_24)","decl":{"start":{"line":238,"column":2},"end":{"line":238,"column":3}},"loc":{"start":{"line":238,"column":21},"end":{"line":244,"column":3}},"line":238},"25":{"name":"(anonymous_25)","decl":{"start":{"line":246,"column":2},"end":{"line":246,"column":3}},"loc":{"start":{"line":246,"column":38},"end":{"line":256,"column":3}},"line":246},"26":{"name":"(anonymous_26)","decl":{"start":{"line":258,"column":2},"end":{"line":258,"column":3}},"loc":{"start":{"line":258,"column":33},"end":{"line":265,"column":3}},"line":258},"27":{"name":"(anonymous_27)","decl":{"start":{"line":267,"column":2},"end":{"line":267,"column":3}},"loc":{"start":{"line":267,"column":19},"end":{"line":273,"column":3}},"line":267},"28":{"name":"(anonymous_28)","decl":{"start":{"line":275,"column":2},"end":{"line":275,"column":3}},"loc":{"start":{"line":275,"column":20},"end":{"line":282,"column":3}},"line":275},"29":{"name":"(anonymous_29)","decl":{"start":{"line":285,"column":2},"end":{"line":285,"column":3}},"loc":{"start":{"line":285,"column":23},"end":{"line":288,"column":3}},"line":285},"30":{"name":"(anonymous_30)","decl":{"start":{"line":290,"column":2},"end":{"line":290,"column":3}},"loc":{"start":{"line":290,"column":31},"end":{"line":293,"column":3}},"line":290},"31":{"name":"(anonymous_31)","decl":{"start":{"line":295,"column":2},"end":{"line":295,"column":3}},"loc":{"start":{"line":295,"column":27},"end":{"line":297,"column":3}},"line":295},"32":{"name":"(anonymous_32)","decl":{"start":{"line":299,"column":2},"end":{"line":299,"column":3}},"loc":{"start":{"line":299,"column":10},"end":{"line":304,"column":3}},"line":299},"33":{"name":"(anonymous_33)","decl":{"start":{"line":306,"column":2},"end":{"line":306,"column":3}},"loc":{"start":{"line":306,"column":10},"end":{"line":309,"column":3}},"line":306},"34":{"name":"(anonymous_34)","decl":{"start":{"line":311,"column":2},"end":{"line":311,"column":3}},"loc":{"start":{"line":311,"column":11},"end":{"line":314,"column":3}},"line":311},"35":{"name":"(anonymous_35)","decl":{"start":{"line":316,"column":2},"end":{"line":316,"column":3}},"loc":{"start":{"line":316,"column":25},"end":{"line":319,"column":3}},"line":316},"36":{"name":"(anonymous_36)","decl":{"start":{"line":321,"column":2},"end":{"line":321,"column":3}},"loc":{"start":{"line":321,"column":30},"end":{"line":330,"column":3}},"line":321},"37":{"name":"(anonymous_37)","decl":{"start":{"line":323,"column":31},"end":{"line":323,"column":32}},"loc":{"start":{"line":323,"column":37},"end":{"line":326,"column":5}},"line":323},"38":{"name":"(anonymous_38)","decl":{"start":{"line":326,"column":13},"end":{"line":326,"column":14}},"loc":{"start":{"line":326,"column":19},"end":{"line":329,"column":5}},"line":326},"39":{"name":"(anonymous_39)","decl":{"start":{"line":332,"column":2},"end":{"line":332,"column":3}},"loc":{"start":{"line":332,"column":14},"end":{"line":338,"column":3}},"line":332},"40":{"name":"(anonymous_40)","decl":{"start":{"line":340,"column":2},"end":{"line":340,"column":3}},"loc":{"start":{"line":340,"column":26},"end":{"line":373,"column":3}},"line":340},"41":{"name":"(anonymous_41)","decl":{"start":{"line":375,"column":2},"end":{"line":375,"column":3}},"loc":{"start":{"line":375,"column":20},"end":{"line":382,"column":3}},"line":375},"42":{"name":"(anonymous_42)","decl":{"start":{"line":384,"column":2},"end":{"line":384,"column":3}},"loc":{"start":{"line":384,"column":20},"end":{"line":391,"column":3}},"line":384},"43":{"name":"(anonymous_43)","decl":{"start":{"line":393,"column":2},"end":{"line":393,"column":3}},"loc":{"start":{"line":393,"column":26},"end":{"line":404,"column":3}},"line":393},"44":{"name":"(anonymous_44)","decl":{"start":{"line":406,"column":2},"end":{"line":406,"column":3}},"loc":{"start":{"line":406,"column":17},"end":{"line":409,"column":3}},"line":406},"45":{"name":"(anonymous_45)","decl":{"start":{"line":411,"column":2},"end":{"line":411,"column":3}},"loc":{"start":{"line":411,"column":17},"end":{"line":414,"column":3}},"line":411},"46":{"name":"(anonymous_46)","decl":{"start":{"line":416,"column":2},"end":{"line":416,"column":3}},"loc":{"start":{"line":416,"column":16},"end":{"line":418,"column":3}},"line":416},"47":{"name":"(anonymous_47)","decl":{"start":{"line":420,"column":2},"end":{"line":420,"column":3}},"loc":{"start":{"line":420,"column":11},"end":{"line":422,"column":3}},"line":420}},"branchMap":{"0":{"loc":{"start":{"line":35,"column":4},"end":{"line":40,"column":5}},"type":"if","locations":[{"start":{"line":35,"column":4},"end":{"line":40,"column":5}},{"start":{"line":35,"column":4},"end":{"line":40,"column":5}}],"line":35},"1":{"loc":{"start":{"line":35,"column":8},"end":{"line":35,"column":106}},"type":"binary-expr","locations":[{"start":{"line":35,"column":8},"end":{"line":35,"column":72}},{"start":{"line":35,"column":76},"end":{"line":35,"column":106}}],"line":35},"2":{"loc":{"start":{"line":37,"column":6},"end":{"line":37,"column":61}},"type":"if","locations":[{"start":{"line":37,"column":6},"end":{"line":37,"column":61}},{"start":{"line":37,"column":6},"end":{"line":37,"column":61}}],"line":37},"3":{"loc":{"start":{"line":43,"column":4},"end":{"line":48,"column":5}},"type":"if","locations":[{"start":{"line":43,"column":4},"end":{"line":48,"column":5}},{"start":{"line":43,"column":4},"end":{"line":48,"column":5}}],"line":43},"4":{"loc":{"start":{"line":43,"column":8},"end":{"line":43,"column":105}},"type":"binary-expr","locations":[{"start":{"line":43,"column":8},"end":{"line":43,"column":72}},{"start":{"line":43,"column":76},"end":{"line":43,"column":105}}],"line":43},"5":{"loc":{"start":{"line":45,"column":6},"end":{"line":45,"column":61}},"type":"if","locations":[{"start":{"line":45,"column":6},"end":{"line":45,"column":61}},{"start":{"line":45,"column":6},"end":{"line":45,"column":61}}],"line":45},"6":{"loc":{"start":{"line":88,"column":4},"end":{"line":91,"column":5}},"type":"if","locations":[{"start":{"line":88,"column":4},"end":{"line":91,"column":5}},{"start":{"line":88,"column":4},"end":{"line":91,"column":5}}],"line":88},"7":{"loc":{"start":{"line":97,"column":6},"end":{"line":102,"column":7}},"type":"if","locations":[{"start":{"line":97,"column":6},"end":{"line":102,"column":7}},{"start":{"line":97,"column":6},"end":{"line":102,"column":7}}],"line":97},"8":{"loc":{"start":{"line":97,"column":9},"end":{"line":97,"column":61}},"type":"binary-expr","locations":[{"start":{"line":97,"column":9},"end":{"line":97,"column":39}},{"start":{"line":97,"column":43},"end":{"line":97,"column":61}}],"line":97},"9":{"loc":{"start":{"line":157,"column":4},"end":{"line":160,"column":5}},"type":"if","locations":[{"start":{"line":157,"column":4},"end":{"line":160,"column":5}},{"start":{"line":157,"column":4},"end":{"line":160,"column":5}}],"line":157},"10":{"loc":{"start":{"line":164,"column":4},"end":{"line":183,"column":5}},"type":"if","locations":[{"start":{"line":164,"column":4},"end":{"line":183,"column":5}},{"start":{"line":164,"column":4},"end":{"line":183,"column":5}}],"line":164},"11":{"loc":{"start":{"line":187,"column":11},"end":{"line":187,"column":98}},"type":"binary-expr","locations":[{"start":{"line":187,"column":11},"end":{"line":187,"column":47}},{"start":{"line":187,"column":51},"end":{"line":187,"column":98}}],"line":187},"12":{"loc":{"start":{"line":203,"column":4},"end":{"line":205,"column":5}},"type":"if","locations":[{"start":{"line":203,"column":4},"end":{"line":205,"column":5}},{"start":{"line":203,"column":4},"end":{"line":205,"column":5}}],"line":203},"13":{"loc":{"start":{"line":209,"column":4},"end":{"line":211,"column":5}},"type":"if","locations":[{"start":{"line":209,"column":4},"end":{"line":211,"column":5}},{"start":{"line":209,"column":4},"end":{"line":211,"column":5}}],"line":209},"14":{"loc":{"start":{"line":213,"column":4},"end":{"line":215,"column":5}},"type":"if","locations":[{"start":{"line":213,"column":4},"end":{"line":215,"column":5}},{"start":{"line":213,"column":4},"end":{"line":215,"column":5}}],"line":213},"15":{"loc":{"start":{"line":226,"column":4},"end":{"line":231,"column":5}},"type":"if","locations":[{"start":{"line":226,"column":4},"end":{"line":231,"column":5}},{"start":{"line":226,"column":4},"end":{"line":231,"column":5}}],"line":226},"16":{"loc":{"start":{"line":227,"column":6},"end":{"line":227,"column":55}},"type":"if","locations":[{"start":{"line":227,"column":6},"end":{"line":227,"column":55}},{"start":{"line":227,"column":6},"end":{"line":227,"column":55}}],"line":227},"17":{"loc":{"start":{"line":268,"column":4},"end":{"line":272,"column":5}},"type":"if","locations":[{"start":{"line":268,"column":4},"end":{"line":272,"column":5}},{"start":{"line":268,"column":4},"end":{"line":272,"column":5}}],"line":268},"18":{"loc":{"start":{"line":277,"column":4},"end":{"line":281,"column":5}},"type":"if","locations":[{"start":{"line":277,"column":4},"end":{"line":281,"column":5}},{"start":{"line":277,"column":4},"end":{"line":281,"column":5}}],"line":277},"19":{"loc":{"start":{"line":300,"column":4},"end":{"line":302,"column":5}},"type":"if","locations":[{"start":{"line":300,"column":4},"end":{"line":302,"column":5}},{"start":{"line":300,"column":4},"end":{"line":302,"column":5}}],"line":300},"20":{"loc":{"start":{"line":300,"column":8},"end":{"line":300,"column":66}},"type":"binary-expr","locations":[{"start":{"line":300,"column":8},"end":{"line":300,"column":31}},{"start":{"line":300,"column":35},"end":{"line":300,"column":66}}],"line":300},"21":{"loc":{"start":{"line":333,"column":4},"end":{"line":337,"column":5}},"type":"if","locations":[{"start":{"line":333,"column":4},"end":{"line":337,"column":5}},{"start":{"line":333,"column":4},"end":{"line":337,"column":5}}],"line":333},"22":{"loc":{"start":{"line":341,"column":4},"end":{"line":371,"column":5}},"type":"switch","locations":[{"start":{"line":342,"column":6},"end":{"line":342,"column":16}},{"start":{"line":343,"column":6},"end":{"line":353,"column":13}},{"start":{"line":354,"column":6},"end":{"line":358,"column":13}},{"start":{"line":359,"column":6},"end":{"line":359,"column":17}},{"start":{"line":360,"column":6},"end":{"line":368,"column":13}},{"start":{"line":369,"column":6},"end":{"line":370,"column":11}}],"line":341},"23":{"loc":{"start":{"line":344,"column":8},"end":{"line":349,"column":9}},"type":"if","locations":[{"start":{"line":344,"column":8},"end":{"line":349,"column":9}},{"start":{"line":344,"column":8},"end":{"line":349,"column":9}}],"line":344},"24":{"loc":{"start":{"line":345,"column":10},"end":{"line":347,"column":11}},"type":"if","locations":[{"start":{"line":345,"column":10},"end":{"line":347,"column":11}},{"start":{"line":345,"column":10},"end":{"line":347,"column":11}}],"line":345},"25":{"loc":{"start":{"line":355,"column":8},"end":{"line":357,"column":9}},"type":"if","locations":[{"start":{"line":355,"column":8},"end":{"line":357,"column":9}},{"start":{"line":355,"column":8},"end":{"line":357,"column":9}}],"line":355},"26":{"loc":{"start":{"line":356,"column":10},"end":{"line":356,"column":64}},"type":"cond-expr","locations":[{"start":{"line":356,"column":36},"end":{"line":356,"column":49}},{"start":{"line":356,"column":52},"end":{"line":356,"column":64}}],"line":356},"27":{"loc":{"start":{"line":361,"column":8},"end":{"line":364,"column":9}},"type":"if","locations":[{"start":{"line":361,"column":8},"end":{"line":364,"column":9}},{"start":{"line":361,"column":8},"end":{"line":364,"column":9}}],"line":361},"28":{"loc":{"start":{"line":396,"column":4},"end":{"line":396,"column":71}},"type":"if","locations":[{"start":{"line":396,"column":4},"end":{"line":396,"column":71}},{"start":{"line":396,"column":4},"end":{"line":396,"column":71}}],"line":396},"29":{"loc":{"start":{"line":396,"column":8},"end":{"line":396,"column":44}},"type":"binary-expr","locations":[{"start":{"line":396,"column":8},"end":{"line":396,"column":20}},{"start":{"line":396,"column":24},"end":{"line":396,"column":44}}],"line":396},"30":{"loc":{"start":{"line":397,"column":4},"end":{"line":397,"column":49}},"type":"if","locations":[{"start":{"line":397,"column":4},"end":{"line":397,"column":49}},{"start":{"line":397,"column":4},"end":{"line":397,"column":49}}],"line":397},"31":{"loc":{"start":{"line":399,"column":4},"end":{"line":401,"column":5}},"type":"if","locations":[{"start":{"line":399,"column":4},"end":{"line":401,"column":5}},{"start":{"line":399,"column":4},"end":{"line":401,"column":5}}],"line":399}},"s":{"0":101,"1":101,"2":101,"3":101,"4":104,"5":104,"6":104,"7":4,"8":4,"9":96,"10":0,"11":0,"12":0,"13":0,"14":0,"15":96,"16":1,"17":1,"18":0,"19":1,"20":1,"21":103,"22":103,"23":103,"24":103,"25":103,"26":103,"27":6,"28":6,"29":6,"30":6,"31":0,"32":0,"33":0,"34":1,"35":1,"36":1,"37":0,"38":0,"39":0,"40":0,"41":0,"42":19,"43":0,"44":0,"45":3,"46":3,"47":3,"48":1,"49":1,"50":1,"51":0,"52":0,"53":0,"54":0,"55":0,"56":0,"57":0,"58":0,"59":0,"60":0,"61":0,"62":0,"63":0,"64":0,"65":0,"66":0,"67":0,"68":0,"69":0,"70":0,"71":0,"72":0,"73":0,"74":0,"75":0,"76":0,"77":0,"78":0,"79":0,"80":0,"81":0,"82":0,"83":0,"84":0,"85":0,"86":0,"87":0,"88":0,"89":1,"90":0,"91":0,"92":1,"93":0,"94":0,"95":0,"96":0,"97":0,"98":0,"99":0,"100":0,"101":0,"102":0,"103":0,"104":0,"105":0,"106":0,"107":0,"108":0,"109":0,"110":0,"111":3,"112":103,"113":13,"114":13,"115":13,"116":13,"117":13,"118":15,"119":1,"120":3,"121":3,"122":3,"123":0,"124":4,"125":4,"126":4,"127":4,"128":3,"129":2,"130":1,"131":1,"132":1,"133":12,"134":14,"135":21,"136":15,"137":22,"138":12,"139":10,"140":4,"141":4,"142":2,"143":2,"144":4,"145":4,"146":15,"147":15,"148":12,"149":5,"150":2,"151":5,"152":2,"153":2,"154":3,"155":3,"156":4,"157":4,"158":3,"159":3,"160":3,"161":0,"162":0,"163":0,"164":0,"165":0,"166":0,"167":25,"168":12,"169":4,"170":3,"171":4,"172":8,"173":8,"174":8,"175":6,"176":5,"177":6,"178":7,"179":4,"180":4,"181":7,"182":7,"183":7,"184":0,"185":25,"186":103,"187":103,"188":103,"189":103,"190":103,"191":103,"192":6,"193":6,"194":6,"195":6,"196":6,"197":6,"198":5,"199":5,"200":2,"201":5,"202":0,"203":5,"204":4,"205":5,"206":0,"207":0,"208":0,"209":0,"210":0,"211":197},"f":{"0":101,"1":104,"2":4,"3":96,"4":103,"5":6,"6":0,"7":1,"8":0,"9":19,"10":3,"11":3,"12":1,"13":0,"14":1,"15":1,"16":3,"17":103,"18":13,"19":15,"20":3,"21":4,"22":3,"23":12,"24":14,"25":21,"26":15,"27":22,"28":4,"29":4,"30":15,"31":12,"32":5,"33":2,"34":3,"35":4,"36":3,"37":3,"38":0,"39":0,"40":25,"41":103,"42":6,"43":5,"44":0,"45":0,"46":0,"47":197},"b":{"0":[0,96],"1":[96,1],"2":[0,0],"3":[1,95],"4":[96,1],"5":[0,1],"6":[0,19],"7":[1,2],"8":[3,2],"9":[0,1],"10":[0,1],"11":[3,3],"12":[1,14],"13":[3,0],"14":[0,3],"15":[2,1],"16":[1,1],"17":[12,10],"18":[2,2],"19":[2,3],"20":[5,3],"21":[0,0],"22":[8,12,6,7,7,0],"23":[4,8],"24":[3,1],"25":[5,1],"26":[3,2],"27":[4,3],"28":[2,3],"29":[5,3],"30":[0,5],"31":[4,1]},"_coverageSchema":"332fd63041d2c1bcb487cc26dd0d5f7d97098a6c","hash":"9353737f3b9a504d5316445c89a0346819bc575e"}
,"/Users/kspector/Development/directv/src/components/columns/SearchInputFeedbackColumn.js": {"path":"/Users/kspector/Development/directv/src/components/columns/SearchInputFeedbackColumn.js","statementMap":{"0":{"start":{"line":9,"column":4},"end":{"line":9,"column":52}},"1":{"start":{"line":13,"column":44},"end":{"line":13,"column":54}},"2":{"start":{"line":15,"column":18},"end":{"line":15,"column":55}},"3":{"start":{"line":16,"column":4},"end":{"line":23,"column":5}},"4":{"start":{"line":20,"column":38},"end":{"line":20,"column":120}},"5":{"start":{"line":27,"column":0},"end":{"line":30,"column":1}}},"fnMap":{"0":{"name":"(anonymous_0)","decl":{"start":{"line":8,"column":2},"end":{"line":8,"column":3}},"loc":{"start":{"line":8,"column":21},"end":{"line":10,"column":3}},"line":8},"1":{"name":"(anonymous_1)","decl":{"start":{"line":12,"column":2},"end":{"line":12,"column":3}},"loc":{"start":{"line":12,"column":11},"end":{"line":24,"column":3}},"line":12},"2":{"name":"(anonymous_2)","decl":{"start":{"line":20,"column":21},"end":{"line":20,"column":22}},"loc":{"start":{"line":20,"column":38},"end":{"line":20,"column":120}},"line":20},"3":{"name":"(anonymous_3)","decl":{"start":{"line":29,"column":21},"end":{"line":29,"column":22}},"loc":{"start":{"line":29,"column":32},"end":{"line":29,"column":34}},"line":29}},"branchMap":{},"s":{"0":1,"1":72,"2":72,"3":72,"4":18,"5":4},"f":{"0":1,"1":72,"2":18,"3":0},"b":{},"_coverageSchema":"332fd63041d2c1bcb487cc26dd0d5f7d97098a6c","hash":"56fb2fe76bc209f2170a2ec932eaa750ea60fcc4"}
,"/Users/kspector/Development/directv/src/components/connectors/Paginator.js": {"path":"/Users/kspector/Development/directv/src/components/connectors/Paginator.js","statementMap":{"0":{"start":{"line":4,"column":2},"end":{"line":147,"column":3}},"1":{"start":{"line":6,"column":6},"end":{"line":6,"column":18}},"2":{"start":{"line":8,"column":6},"end":{"line":8,"column":60}},"3":{"start":{"line":9,"column":6},"end":{"line":9,"column":52}},"4":{"start":{"line":10,"column":6},"end":{"line":10,"column":54}},"5":{"start":{"line":11,"column":6},"end":{"line":11,"column":46}},"6":{"start":{"line":12,"column":6},"end":{"line":12,"column":34}},"7":{"start":{"line":16,"column":6},"end":{"line":21,"column":7}},"8":{"start":{"line":25,"column":6},"end":{"line":25,"column":19}},"9":{"start":{"line":29,"column":6},"end":{"line":29,"column":36}},"10":{"start":{"line":33,"column":6},"end":{"line":45,"column":7}},"11":{"start":{"line":34,"column":8},"end":{"line":34,"column":25}},"12":{"start":{"line":35,"column":13},"end":{"line":45,"column":7}},"13":{"start":{"line":36,"column":8},"end":{"line":40,"column":10}},"14":{"start":{"line":41,"column":8},"end":{"line":44,"column":9}},"15":{"start":{"line":42,"column":10},"end":{"line":42,"column":35}},"16":{"start":{"line":43,"column":10},"end":{"line":43,"column":45}},"17":{"start":{"line":49,"column":6},"end":{"line":50,"column":82}},"18":{"start":{"line":54,"column":6},"end":{"line":54,"column":76}},"19":{"start":{"line":58,"column":6},"end":{"line":58,"column":38}},"20":{"start":{"line":62,"column":6},"end":{"line":62,"column":33}},"21":{"start":{"line":66,"column":6},"end":{"line":66,"column":42}},"22":{"start":{"line":70,"column":6},"end":{"line":70,"column":42}},"23":{"start":{"line":74,"column":6},"end":{"line":74,"column":36}},"24":{"start":{"line":78,"column":6},"end":{"line":78,"column":52}},"25":{"start":{"line":82,"column":6},"end":{"line":82,"column":50}},"26":{"start":{"line":86,"column":6},"end":{"line":86,"column":87}},"27":{"start":{"line":90,"column":6},"end":{"line":90,"column":93}},"28":{"start":{"line":94,"column":39},"end":{"line":94,"column":49}},"29":{"start":{"line":95,"column":6},"end":{"line":97,"column":7}},"30":{"start":{"line":96,"column":8},"end":{"line":96,"column":59}},"31":{"start":{"line":101,"column":6},"end":{"line":106,"column":7}},"32":{"start":{"line":102,"column":8},"end":{"line":105,"column":10}},"33":{"start":{"line":110,"column":6},"end":{"line":120,"column":7}},"34":{"start":{"line":111,"column":8},"end":{"line":119,"column":9}},"35":{"start":{"line":112,"column":10},"end":{"line":112,"column":39}},"36":{"start":{"line":114,"column":10},"end":{"line":117,"column":12}},"37":{"start":{"line":118,"column":10},"end":{"line":118,"column":36}},"38":{"start":{"line":124,"column":26},"end":{"line":126,"column":21}},"39":{"start":{"line":125,"column":8},"end":{"line":125,"column":46}},"40":{"start":{"line":128,"column":6},"end":{"line":128,"column":43}},"41":{"start":{"line":130,"column":6},"end":{"line":130,"column":24}},"42":{"start":{"line":134,"column":6},"end":{"line":134,"column":46}},"43":{"start":{"line":134,"column":36},"end":{"line":134,"column":45}},"44":{"start":{"line":138,"column":71},"end":{"line":138,"column":75}},"45":{"start":{"line":139,"column":23},"end":{"line":139,"column":47}},"46":{"start":{"line":140,"column":22},"end":{"line":140,"column":52}},"47":{"start":{"line":142,"column":55},"end":{"line":142,"column":65}},"48":{"start":{"line":143,"column":31},"end":{"line":143,"column":70}},"49":{"start":{"line":145,"column":6},"end":{"line":145,"column":97}}},"fnMap":{"0":{"name":"withPagination","decl":{"start":{"line":3,"column":24},"end":{"line":3,"column":38}},"loc":{"start":{"line":3,"column":66},"end":{"line":148,"column":1}},"line":3},"1":{"name":"(anonymous_1)","decl":{"start":{"line":5,"column":4},"end":{"line":5,"column":5}},"loc":{"start":{"line":5,"column":23},"end":{"line":13,"column":5}},"line":5},"2":{"name":"(anonymous_2)","decl":{"start":{"line":15,"column":4},"end":{"line":15,"column":5}},"loc":{"start":{"line":15,"column":21},"end":{"line":22,"column":5}},"line":15},"3":{"name":"(anonymous_3)","decl":{"start":{"line":24,"column":4},"end":{"line":24,"column":5}},"loc":{"start":{"line":24,"column":27},"end":{"line":26,"column":5}},"line":24},"4":{"name":"(anonymous_4)","decl":{"start":{"line":28,"column":4},"end":{"line":28,"column":5}},"loc":{"start":{"line":28,"column":17},"end":{"line":30,"column":5}},"line":28},"5":{"name":"(anonymous_5)","decl":{"start":{"line":32,"column":4},"end":{"line":32,"column":5}},"loc":{"start":{"line":32,"column":45},"end":{"line":46,"column":5}},"line":32},"6":{"name":"(anonymous_6)","decl":{"start":{"line":48,"column":4},"end":{"line":48,"column":5}},"loc":{"start":{"line":48,"column":32},"end":{"line":51,"column":5}},"line":48},"7":{"name":"(anonymous_7)","decl":{"start":{"line":53,"column":4},"end":{"line":53,"column":5}},"loc":{"start":{"line":53,"column":29},"end":{"line":55,"column":5}},"line":53},"8":{"name":"(anonymous_8)","decl":{"start":{"line":57,"column":4},"end":{"line":57,"column":5}},"loc":{"start":{"line":57,"column":38},"end":{"line":59,"column":5}},"line":57},"9":{"name":"(anonymous_9)","decl":{"start":{"line":61,"column":4},"end":{"line":61,"column":5}},"loc":{"start":{"line":61,"column":23},"end":{"line":63,"column":5}},"line":61},"10":{"name":"(anonymous_10)","decl":{"start":{"line":65,"column":4},"end":{"line":65,"column":5}},"loc":{"start":{"line":65,"column":24},"end":{"line":67,"column":5}},"line":65},"11":{"name":"(anonymous_11)","decl":{"start":{"line":69,"column":4},"end":{"line":69,"column":5}},"loc":{"start":{"line":69,"column":22},"end":{"line":71,"column":5}},"line":69},"12":{"name":"(anonymous_12)","decl":{"start":{"line":73,"column":4},"end":{"line":73,"column":5}},"loc":{"start":{"line":73,"column":21},"end":{"line":75,"column":5}},"line":73},"13":{"name":"(anonymous_13)","decl":{"start":{"line":77,"column":4},"end":{"line":77,"column":5}},"loc":{"start":{"line":77,"column":22},"end":{"line":79,"column":5}},"line":77},"14":{"name":"(anonymous_14)","decl":{"start":{"line":81,"column":4},"end":{"line":81,"column":5}},"loc":{"start":{"line":81,"column":20},"end":{"line":83,"column":5}},"line":81},"15":{"name":"(anonymous_15)","decl":{"start":{"line":85,"column":4},"end":{"line":85,"column":5}},"loc":{"start":{"line":85,"column":22},"end":{"line":87,"column":5}},"line":85},"16":{"name":"(anonymous_16)","decl":{"start":{"line":89,"column":4},"end":{"line":89,"column":5}},"loc":{"start":{"line":89,"column":18},"end":{"line":91,"column":5}},"line":89},"17":{"name":"(anonymous_17)","decl":{"start":{"line":93,"column":4},"end":{"line":93,"column":5}},"loc":{"start":{"line":93,"column":22},"end":{"line":98,"column":5}},"line":93},"18":{"name":"(anonymous_18)","decl":{"start":{"line":100,"column":4},"end":{"line":100,"column":5}},"loc":{"start":{"line":100,"column":19},"end":{"line":107,"column":5}},"line":100},"19":{"name":"(anonymous_19)","decl":{"start":{"line":109,"column":4},"end":{"line":109,"column":5}},"loc":{"start":{"line":109,"column":15},"end":{"line":121,"column":5}},"line":109},"20":{"name":"(anonymous_20)","decl":{"start":{"line":123,"column":4},"end":{"line":123,"column":5}},"loc":{"start":{"line":123,"column":22},"end":{"line":131,"column":5}},"line":123},"21":{"name":"(anonymous_21)","decl":{"start":{"line":124,"column":40},"end":{"line":124,"column":41}},"loc":{"start":{"line":124,"column":53},"end":{"line":126,"column":7}},"line":124},"22":{"name":"(anonymous_22)","decl":{"start":{"line":133,"column":4},"end":{"line":133,"column":5}},"loc":{"start":{"line":133,"column":19},"end":{"line":135,"column":5}},"line":133},"23":{"name":"(anonymous_23)","decl":{"start":{"line":134,"column":25},"end":{"line":134,"column":26}},"loc":{"start":{"line":134,"column":36},"end":{"line":134,"column":45}},"line":134},"24":{"name":"(anonymous_24)","decl":{"start":{"line":137,"column":4},"end":{"line":137,"column":5}},"loc":{"start":{"line":137,"column":13},"end":{"line":146,"column":5}},"line":137}},"branchMap":{"0":{"loc":{"start":{"line":33,"column":6},"end":{"line":45,"column":7}},"type":"if","locations":[{"start":{"line":33,"column":6},"end":{"line":45,"column":7}},{"start":{"line":33,"column":6},"end":{"line":45,"column":7}}],"line":33},"1":{"loc":{"start":{"line":35,"column":13},"end":{"line":45,"column":7}},"type":"if","locations":[{"start":{"line":35,"column":13},"end":{"line":45,"column":7}},{"start":{"line":35,"column":13},"end":{"line":45,"column":7}}],"line":35},"2":{"loc":{"start":{"line":41,"column":8},"end":{"line":44,"column":9}},"type":"if","locations":[{"start":{"line":41,"column":8},"end":{"line":44,"column":9}},{"start":{"line":41,"column":8},"end":{"line":44,"column":9}}],"line":41},"3":{"loc":{"start":{"line":49,"column":13},"end":{"line":50,"column":82}},"type":"binary-expr","locations":[{"start":{"line":49,"column":13},"end":{"line":49,"column":78}},{"start":{"line":50,"column":13},"end":{"line":50,"column":82}}],"line":49},"4":{"loc":{"start":{"line":86,"column":13},"end":{"line":86,"column":87}},"type":"binary-expr","locations":[{"start":{"line":86,"column":13},"end":{"line":86,"column":40}},{"start":{"line":86,"column":44},"end":{"line":86,"column":87}}],"line":86},"5":{"loc":{"start":{"line":90,"column":13},"end":{"line":90,"column":93}},"type":"binary-expr","locations":[{"start":{"line":90,"column":13},"end":{"line":90,"column":52}},{"start":{"line":90,"column":56},"end":{"line":90,"column":93}}],"line":90},"6":{"loc":{"start":{"line":95,"column":6},"end":{"line":97,"column":7}},"type":"if","locations":[{"start":{"line":95,"column":6},"end":{"line":97,"column":7}},{"start":{"line":95,"column":6},"end":{"line":97,"column":7}}],"line":95},"7":{"loc":{"start":{"line":95,"column":10},"end":{"line":95,"column":57}},"type":"binary-expr","locations":[{"start":{"line":95,"column":10},"end":{"line":95,"column":26}},{"start":{"line":95,"column":30},"end":{"line":95,"column":57}}],"line":95},"8":{"loc":{"start":{"line":101,"column":6},"end":{"line":106,"column":7}},"type":"if","locations":[{"start":{"line":101,"column":6},"end":{"line":106,"column":7}},{"start":{"line":101,"column":6},"end":{"line":106,"column":7}}],"line":101},"9":{"loc":{"start":{"line":110,"column":6},"end":{"line":120,"column":7}},"type":"if","locations":[{"start":{"line":110,"column":6},"end":{"line":120,"column":7}},{"start":{"line":110,"column":6},"end":{"line":120,"column":7}}],"line":110},"10":{"loc":{"start":{"line":111,"column":8},"end":{"line":119,"column":9}},"type":"if","locations":[{"start":{"line":111,"column":8},"end":{"line":119,"column":9}},{"start":{"line":111,"column":8},"end":{"line":119,"column":9}}],"line":111}},"s":{"0":7,"1":28,"2":28,"3":28,"4":28,"5":28,"6":28,"7":29,"8":24,"9":1,"10":23,"11":1,"12":22,"13":17,"14":17,"15":2,"16":2,"17":23,"18":22,"19":17,"20":677,"21":80,"22":262,"23":8,"24":1,"25":5,"26":7,"27":6,"28":79,"29":79,"30":79,"31":6,"32":5,"33":6,"34":6,"35":4,"36":2,"37":2,"38":4,"39":4,"40":4,"41":4,"42":2,"43":2,"44":79,"45":79,"46":79,"47":79,"48":79,"49":79},"f":{"0":7,"1":28,"2":29,"3":24,"4":1,"5":23,"6":23,"7":22,"8":17,"9":677,"10":80,"11":262,"12":8,"13":1,"14":5,"15":7,"16":6,"17":79,"18":6,"19":6,"20":4,"21":4,"22":2,"23":2,"24":79},"b":{"0":[1,22],"1":[17,5],"2":[2,15],"3":[23,1],"4":[7,5],"5":[6,0],"6":[79,0],"7":[79,79],"8":[5,1],"9":[6,0],"10":[4,2]},"_coverageSchema":"332fd63041d2c1bcb487cc26dd0d5f7d97098a6c","hash":"6cb90d84aa45b631cb900d1d74e984688b7ac46c"}
,"/Users/kspector/Development/directv/src/components/items/LiveVideoItem.js": {"path":"/Users/kspector/Development/directv/src/components/items/LiveVideoItem.js","statementMap":{"0":{"start":{"line":7,"column":4},"end":{"line":7,"column":16}},"1":{"start":{"line":9,"column":4},"end":{"line":9,"column":44}},"2":{"start":{"line":13,"column":4},"end":{"line":13,"column":46}},"3":{"start":{"line":17,"column":4},"end":{"line":19,"column":5}},"4":{"start":{"line":23,"column":0},"end":{"line":25,"column":1}}},"fnMap":{"0":{"name":"(anonymous_0)","decl":{"start":{"line":6,"column":2},"end":{"line":6,"column":3}},"loc":{"start":{"line":6,"column":21},"end":{"line":10,"column":3}},"line":6},"1":{"name":"(anonymous_1)","decl":{"start":{"line":12,"column":2},"end":{"line":12,"column":3}},"loc":{"start":{"line":12,"column":13},"end":{"line":14,"column":3}},"line":12},"2":{"name":"(anonymous_2)","decl":{"start":{"line":16,"column":2},"end":{"line":16,"column":3}},"loc":{"start":{"line":16,"column":11},"end":{"line":20,"column":3}},"line":16},"3":{"name":"(anonymous_3)","decl":{"start":{"line":24,"column":21},"end":{"line":24,"column":22}},"loc":{"start":{"line":24,"column":27},"end":{"line":24,"column":29}},"line":24}},"branchMap":{},"s":{"0":29,"1":29,"2":1,"3":83,"4":4},"f":{"0":29,"1":1,"2":83,"3":0},"b":{},"_coverageSchema":"332fd63041d2c1bcb487cc26dd0d5f7d97098a6c","hash":"cc0915ce91d2df733cd92ac2b8dbdb7e9262afcf"}
,"/Users/kspector/Development/directv/src/components/items/VideoItem.js": {"path":"/Users/kspector/Development/directv/src/components/items/VideoItem.js","statementMap":{"0":{"start":{"line":9,"column":4},"end":{"line":11,"column":5}},"1":{"start":{"line":10,"column":6},"end":{"line":10,"column":71}},"2":{"start":{"line":15,"column":4},"end":{"line":18,"column":5}},"3":{"start":{"line":16,"column":17},"end":{"line":16,"column":52}},"4":{"start":{"line":17,"column":6},"end":{"line":17,"column":93}},"5":{"start":{"line":22,"column":4},"end":{"line":28,"column":5}},"6":{"start":{"line":23,"column":18},"end":{"line":23,"column":65}},"7":{"start":{"line":24,"column":6},"end":{"line":26,"column":7}},"8":{"start":{"line":25,"column":8},"end":{"line":25,"column":43}},"9":{"start":{"line":27,"column":6},"end":{"line":27,"column":16}},"10":{"start":{"line":32,"column":40},"end":{"line":32,"column":50}},"11":{"start":{"line":34,"column":4},"end":{"line":42,"column":5}},"12":{"start":{"line":35,"column":44},"end":{"line":35,"column":117}},"13":{"start":{"line":46,"column":0},"end":{"line":48,"column":1}}},"fnMap":{"0":{"name":"(anonymous_0)","decl":{"start":{"line":8,"column":2},"end":{"line":8,"column":3}},"loc":{"start":{"line":8,"column":18},"end":{"line":12,"column":3}},"line":8},"1":{"name":"(anonymous_1)","decl":{"start":{"line":14,"column":2},"end":{"line":14,"column":3}},"loc":{"start":{"line":14,"column":22},"end":{"line":19,"column":3}},"line":14},"2":{"name":"(anonymous_2)","decl":{"start":{"line":21,"column":2},"end":{"line":21,"column":3}},"loc":{"start":{"line":21,"column":16},"end":{"line":29,"column":3}},"line":21},"3":{"name":"(anonymous_3)","decl":{"start":{"line":31,"column":2},"end":{"line":31,"column":3}},"loc":{"start":{"line":31,"column":11},"end":{"line":43,"column":3}},"line":31},"4":{"name":"(anonymous_4)","decl":{"start":{"line":35,"column":38},"end":{"line":35,"column":39}},"loc":{"start":{"line":35,"column":44},"end":{"line":35,"column":117}},"line":35},"5":{"name":"(anonymous_5)","decl":{"start":{"line":47,"column":21},"end":{"line":47,"column":22}},"loc":{"start":{"line":47,"column":27},"end":{"line":47,"column":29}},"line":47}},"branchMap":{"0":{"loc":{"start":{"line":9,"column":4},"end":{"line":11,"column":5}},"type":"if","locations":[{"start":{"line":9,"column":4},"end":{"line":11,"column":5}},{"start":{"line":9,"column":4},"end":{"line":11,"column":5}}],"line":9},"1":{"loc":{"start":{"line":9,"column":8},"end":{"line":9,"column":55}},"type":"binary-expr","locations":[{"start":{"line":9,"column":8},"end":{"line":9,"column":24}},{"start":{"line":9,"column":28},"end":{"line":9,"column":55}}],"line":9},"2":{"loc":{"start":{"line":15,"column":4},"end":{"line":18,"column":5}},"type":"if","locations":[{"start":{"line":15,"column":4},"end":{"line":18,"column":5}},{"start":{"line":15,"column":4},"end":{"line":18,"column":5}}],"line":15},"3":{"loc":{"start":{"line":22,"column":4},"end":{"line":28,"column":5}},"type":"if","locations":[{"start":{"line":22,"column":4},"end":{"line":28,"column":5}},{"start":{"line":22,"column":4},"end":{"line":28,"column":5}}],"line":22},"4":{"loc":{"start":{"line":22,"column":8},"end":{"line":22,"column":54}},"type":"binary-expr","locations":[{"start":{"line":22,"column":8},"end":{"line":22,"column":24}},{"start":{"line":22,"column":28},"end":{"line":22,"column":54}}],"line":22},"5":{"loc":{"start":{"line":24,"column":6},"end":{"line":26,"column":7}},"type":"if","locations":[{"start":{"line":24,"column":6},"end":{"line":26,"column":7}},{"start":{"line":24,"column":6},"end":{"line":26,"column":7}}],"line":24}},"s":{"0":47,"1":41,"2":47,"3":47,"4":47,"5":3,"6":3,"7":3,"8":2,"9":1,"10":47,"11":47,"12":1,"13":8},"f":{"0":47,"1":47,"2":3,"3":47,"4":1,"5":0},"b":{"0":[41,6],"1":[47,47],"2":[47,0],"3":[3,0],"4":[3,3],"5":[2,1]},"_coverageSchema":"332fd63041d2c1bcb487cc26dd0d5f7d97098a6c","hash":"bf2794208bcd68075cd5a413683c032918944ba4"}
,"/Users/kspector/Development/directv/src/components/navigation/Column.js": {"path":"/Users/kspector/Development/directv/src/components/navigation/Column.js","statementMap":{"0":{"start":{"line":9,"column":4},"end":{"line":9,"column":16}},"1":{"start":{"line":11,"column":4},"end":{"line":11,"column":56}},"2":{"start":{"line":12,"column":4},"end":{"line":12,"column":58}},"3":{"start":{"line":13,"column":4},"end":{"line":13,"column":42}},"4":{"start":{"line":14,"column":4},"end":{"line":14,"column":60}},"5":{"start":{"line":18,"column":67},"end":{"line":18,"column":76}},"6":{"start":{"line":19,"column":69},"end":{"line":19,"column":79}},"7":{"start":{"line":21,"column":20},"end":{"line":21,"column":32}},"8":{"start":{"line":22,"column":20},"end":{"line":22,"column":32}},"9":{"start":{"line":24,"column":4},"end":{"line":28,"column":5}},"10":{"start":{"line":25,"column":6},"end":{"line":27,"column":7}},"11":{"start":{"line":26,"column":8},"end":{"line":26,"column":45}},"12":{"start":{"line":32,"column":4},"end":{"line":32,"column":28}},"13":{"start":{"line":36,"column":4},"end":{"line":36,"column":47}},"14":{"start":{"line":40,"column":4},"end":{"line":40,"column":50}},"15":{"start":{"line":44,"column":4},"end":{"line":44,"column":40}},"16":{"start":{"line":48,"column":21},"end":{"line":48,"column":47}},"17":{"start":{"line":49,"column":25},"end":{"line":49,"column":59}},"18":{"start":{"line":51,"column":22},"end":{"line":55,"column":6}},"19":{"start":{"line":57,"column":4},"end":{"line":61,"column":5}},"20":{"start":{"line":65,"column":0},"end":{"line":76,"column":1}},"21":{"start":{"line":74,"column":35},"end":{"line":74,"column":59}},"22":{"start":{"line":74,"column":50},"end":{"line":74,"column":59}}},"fnMap":{"0":{"name":"(anonymous_0)","decl":{"start":{"line":8,"column":2},"end":{"line":8,"column":3}},"loc":{"start":{"line":8,"column":21},"end":{"line":15,"column":3}},"line":8},"1":{"name":"(anonymous_1)","decl":{"start":{"line":17,"column":2},"end":{"line":17,"column":3}},"loc":{"start":{"line":17,"column":32},"end":{"line":29,"column":3}},"line":17},"2":{"name":"(anonymous_2)","decl":{"start":{"line":31,"column":2},"end":{"line":31,"column":3}},"loc":{"start":{"line":31,"column":16},"end":{"line":33,"column":3}},"line":31},"3":{"name":"(anonymous_3)","decl":{"start":{"line":35,"column":2},"end":{"line":35,"column":3}},"loc":{"start":{"line":35,"column":28},"end":{"line":37,"column":3}},"line":35},"4":{"name":"(anonymous_4)","decl":{"start":{"line":39,"column":2},"end":{"line":39,"column":3}},"loc":{"start":{"line":39,"column":35},"end":{"line":41,"column":3}},"line":39},"5":{"name":"(anonymous_5)","decl":{"start":{"line":43,"column":2},"end":{"line":43,"column":3}},"loc":{"start":{"line":43,"column":25},"end":{"line":45,"column":3}},"line":43},"6":{"name":"(anonymous_6)","decl":{"start":{"line":47,"column":2},"end":{"line":47,"column":3}},"loc":{"start":{"line":47,"column":11},"end":{"line":62,"column":3}},"line":47},"7":{"name":"(anonymous_7)","decl":{"start":{"line":71,"column":12},"end":{"line":71,"column":13}},"loc":{"start":{"line":71,"column":18},"end":{"line":71,"column":20}},"line":71},"8":{"name":"(anonymous_8)","decl":{"start":{"line":72,"column":19},"end":{"line":72,"column":20}},"loc":{"start":{"line":72,"column":25},"end":{"line":72,"column":27}},"line":72},"9":{"name":"(anonymous_9)","decl":{"start":{"line":73,"column":20},"end":{"line":73,"column":21}},"loc":{"start":{"line":73,"column":42},"end":{"line":73,"column":44}},"line":73},"10":{"name":"(anonymous_10)","decl":{"start":{"line":74,"column":21},"end":{"line":74,"column":22}},"loc":{"start":{"line":74,"column":35},"end":{"line":74,"column":59}},"line":74},"11":{"name":"(anonymous_11)","decl":{"start":{"line":74,"column":35},"end":{"line":74,"column":36}},"loc":{"start":{"line":74,"column":50},"end":{"line":74,"column":59}},"line":74}},"branchMap":{"0":{"loc":{"start":{"line":24,"column":4},"end":{"line":28,"column":5}},"type":"if","locations":[{"start":{"line":24,"column":4},"end":{"line":28,"column":5}},{"start":{"line":24,"column":4},"end":{"line":28,"column":5}}],"line":24},"1":{"loc":{"start":{"line":24,"column":8},"end":{"line":24,"column":60}},"type":"binary-expr","locations":[{"start":{"line":24,"column":8},"end":{"line":24,"column":16}},{"start":{"line":24,"column":20},"end":{"line":24,"column":33}},{"start":{"line":24,"column":37},"end":{"line":24,"column":60}}],"line":24},"2":{"loc":{"start":{"line":25,"column":6},"end":{"line":27,"column":7}},"type":"if","locations":[{"start":{"line":25,"column":6},"end":{"line":27,"column":7}},{"start":{"line":25,"column":6},"end":{"line":27,"column":7}}],"line":25}},"s":{"0":142,"1":142,"2":142,"3":142,"4":142,"5":108,"6":108,"7":108,"8":108,"9":108,"10":7,"11":2,"12":31,"13":149,"14":150,"15":2,"16":250,"17":250,"18":250,"19":250,"20":9,"21":120,"22":120},"f":{"0":142,"1":108,"2":31,"3":149,"4":150,"5":2,"6":250,"7":3,"8":0,"9":122,"10":120,"11":120},"b":{"0":[7,101],"1":[108,72,72],"2":[2,5]},"_coverageSchema":"332fd63041d2c1bcb487cc26dd0d5f7d97098a6c","hash":"8e9c1c51c4fbc959b7e54c5a20ea85e35d18af03"}
,"/Users/kspector/Development/directv/src/components/navigation/Item.js": {"path":"/Users/kspector/Development/directv/src/components/navigation/Item.js","statementMap":{"0":{"start":{"line":7,"column":4},"end":{"line":9,"column":5}},"1":{"start":{"line":8,"column":6},"end":{"line":8,"column":30}},"2":{"start":{"line":13,"column":4},"end":{"line":15,"column":5}},"3":{"start":{"line":14,"column":6},"end":{"line":14,"column":31}},"4":{"start":{"line":19,"column":25},"end":{"line":19,"column":35}},"5":{"start":{"line":20,"column":22},"end":{"line":24,"column":6}},"6":{"start":{"line":25,"column":4},"end":{"line":25,"column":54}},"7":{"start":{"line":29,"column":0},"end":{"line":33,"column":1}}},"fnMap":{"0":{"name":"(anonymous_0)","decl":{"start":{"line":6,"column":2},"end":{"line":6,"column":3}},"loc":{"start":{"line":6,"column":32},"end":{"line":10,"column":3}},"line":6},"1":{"name":"(anonymous_1)","decl":{"start":{"line":12,"column":2},"end":{"line":12,"column":3}},"loc":{"start":{"line":12,"column":13},"end":{"line":16,"column":3}},"line":12},"2":{"name":"(anonymous_2)","decl":{"start":{"line":18,"column":2},"end":{"line":18,"column":3}},"loc":{"start":{"line":18,"column":11},"end":{"line":26,"column":3}},"line":18},"3":{"name":"(anonymous_3)","decl":{"start":{"line":31,"column":12},"end":{"line":31,"column":13}},"loc":{"start":{"line":31,"column":22},"end":{"line":31,"column":24}},"line":31},"4":{"name":"(anonymous_4)","decl":{"start":{"line":32,"column":13},"end":{"line":32,"column":14}},"loc":{"start":{"line":32,"column":19},"end":{"line":32,"column":21}},"line":32}},"branchMap":{"0":{"loc":{"start":{"line":7,"column":4},"end":{"line":9,"column":5}},"type":"if","locations":[{"start":{"line":7,"column":4},"end":{"line":9,"column":5}},{"start":{"line":7,"column":4},"end":{"line":9,"column":5}}],"line":7},"1":{"loc":{"start":{"line":7,"column":8},"end":{"line":7,"column":50}},"type":"binary-expr","locations":[{"start":{"line":7,"column":8},"end":{"line":7,"column":27}},{"start":{"line":7,"column":31},"end":{"line":7,"column":50}}],"line":7},"2":{"loc":{"start":{"line":13,"column":4},"end":{"line":15,"column":5}},"type":"if","locations":[{"start":{"line":13,"column":4},"end":{"line":15,"column":5}},{"start":{"line":13,"column":4},"end":{"line":15,"column":5}}],"line":13}},"s":{"0":2033,"1":52,"2":2,"3":2,"4":4300,"5":4300,"6":4300,"7":19},"f":{"0":2033,"1":2,"2":4300,"3":2,"4":0},"b":{"0":[52,1981],"1":[2033,152],"2":[2,0]},"_coverageSchema":"332fd63041d2c1bcb487cc26dd0d5f7d97098a6c","hash":"72604d83f7c132f8f5dded8cd84622a2ea9166e5"}
[...]
"end":{"line":48,"column":8}},"18":{"start":{"line":47,"column":8},"end":{"line":47,"column":40}},"19":{"start":{"line":50,"column":6},"end":{"line":50,"column":56}},"20":{"start":{"line":55,"column":32},"end":{"line":55,"column":42}},"21":{"start":{"line":56,"column":4},"end":{"line":61,"column":5}},"22":{"start":{"line":67,"column":0},"end":{"line":70,"column":1}}},"fnMap":{"0":{"name":"(anonymous_0)","decl":{"start":{"line":15,"column":2},"end":{"line":15,"column":3}},"loc":{"start":{"line":15,"column":18},"end":{"line":31,"column":3}},"line":15},"1":{"name":"(anonymous_1)","decl":{"start":{"line":33,"column":2},"end":{"line":33,"column":3}},"loc":{"start":{"line":33,"column":17},"end":{"line":35,"column":3}},"line":33},"2":{"name":"(anonymous_2)","decl":{"start":{"line":37,"column":2},"end":{"line":37,"column":3}},"loc":{"start":{"line":37,"column":19},"end":{"line":39,"column":3}},"line":37},"3":{"name":"(anonymous_3)","decl":{"start":{"line":41,"column":2},"end":{"line":41,"column":3}},"loc":{"start":{"line":41,"column":35},"end":{"line":52,"column":3}},"line":41},"4":{"name":"(anonymous_4)","decl":{"start":{"line":46,"column":40},"end":{"line":46,"column":41}},"loc":{"start":{"line":46,"column":46},"end":{"line":48,"column":7}},"line":46},"5":{"name":"(anonymous_5)","decl":{"start":{"line":54,"column":2},"end":{"line":54,"column":3}},"loc":{"start":{"line":54,"column":11},"end":{"line":62,"column":3}},"line":54},"6":{"name":"(anonymous_6)","decl":{"start":{"line":69,"column":19},"end":{"line":69,"column":20}},"loc":{"start":{"line":69,"column":41},"end":{"line":69,"column":43}},"line":69}},"branchMap":{"0":{"loc":{"start":{"line":25,"column":6},"end":{"line":27,"column":7}},"type":"if","locations":[{"start":{"line":25,"column":6},"end":{"line":27,"column":7}},{"start":{"line":25,"column":6},"end":{"line":27,"column":7}}],"line":25},"1":{"loc":{"start":{"line":42,"column":4},"end":{"line":51,"column":5}},"type":"if","locations":[{"start":{"line":42,"column":4},"end":{"line":51,"column":5}},{"start":{"line":42,"column":4},"end":{"line":51,"column":5}}],"line":42},"2":{"loc":{"start":{"line":42,"column":8},"end":{"line":42,"column":51}},"type":"binary-expr","locations":[{"start":{"line":42,"column":8},"end":{"line":42,"column":19}},{"start":{"line":42,"column":23},"end":{"line":42,"column":51}}],"line":42},"3":{"loc":{"start":{"line":45,"column":11},"end":{"line":51,"column":5}},"type":"if","locations":[{"start":{"line":45,"column":11},"end":{"line":51,"column":5}},{"start":{"line":45,"column":11},"end":{"line":51,"column":5}}],"line":45},"4":{"loc":{"start":{"line":45,"column":15},"end":{"line":45,"column":54}},"type":"binary-expr","locations":[{"start":{"line":45,"column":15},"end":{"line":45,"column":26}},{"start":{"line":45,"column":30},"end":{"line":45,"column":54}}],"line":45}},"s":{"0":6,"1":6,"2":8,"3":8,"4":8,"5":16,"6":16,"7":16,"8":16,"9":4,"10":8,"11":8,"12":8,"13":5,"14":2,"15":2,"16":3,"17":2,"18":2,"19":1,"20":8,"21":8,"22":6},"f":{"0":8,"1":8,"2":8,"3":5,"4":2,"5":8,"6":0},"b":{"0":[4,12],"1":[2,3],"2":[5,2],"3":[2,1],"4":[3,2]},"_coverageSchema":"332fd63041d2c1bcb487cc26dd0d5f7d97098a6c","hash":"88d79730b93ac774ed5558eabed437d91426f05c"}
,"/Users/kspector/Development/directv/src/stylesheets/app.css": {"path":"/Users/kspector/Development/directv/src/stylesheets/app.css","statementMap":{"0":{"start":{"line":1,"column":0},"end":{"line":1,"column":20}}},"fnMap":{},"branchMap":{},"s":{"0":2},"f":{},"b":{},"_coverageSchema":"332fd63041d2c1bcb487cc26dd0d5f7d97098a6c","hash":"8373b47d3307cdc656d10b4018523dadf72b92d3"}
,"/Users/kspector/Development/directv/src/stylesheets/videoPlayer.css": {"path":"/Users/kspector/Development/directv/src/stylesheets/videoPlayer.css","statementMap":{"0":{"start":{"line":1,"column":0},"end":{"line":1,"column":20}}},"fnMap":{},"branchMap":{},"s":{"0":4},"f":{},"b":{},"_coverageSchema":"332fd63041d2c1bcb487cc26dd0d5f7d97098a6c","hash":"bb7489e6ccf5dff488a2487309a988b9fbb2cb5b"}
,"/Users/kspector/Development/directv/src/stylesheets/columns/searchInputFeedback.css": {"path":"/Users/kspector/Development/directv/src/stylesheets/columns/searchInputFeedback.css","statementMap":{"0":{"start":{"line":1,"column":0},"end":{"line":1,"column":20}}},"fnMap":{},"branchMap":{},"s":{"0":4},"f":{},"b":{},"_coverageSchema":"332fd63041d2c1bcb487cc26dd0d5f7d97098a6c","hash":"53e540f45b608baec9a95c6ab9f855f1a56148c1"}
,"/Users/kspector/Development/directv/src/stylesheets/items/videoItem.css": {"path":"/Users/kspector/Development/directv/src/stylesheets/items/videoItem.css","statementMap":{"0":{"start":{"line":1,"column":0},"end":{"line":1,"column":20}}},"fnMap":{},"branchMap":{},"s":{"0":8},"f":{},"b":{},"_coverageSchema":"332fd63041d2c1bcb487cc26dd0d5f7d97098a6c","hash":"2deb5b2c1977ea19aeedb8209b92fc886eff8be9"}
,"/Users/kspector/Development/directv/src/stylesheets/navigation/column.css": {"path":"/Users/kspector/Development/directv/src/stylesheets/navigation/column.css","statementMap":{"0":{"start":{"line":1,"column":0},"end":{"line":1,"column":20}}},"fnMap":{},"branchMap":{},"s":{"0":9},"f":{},"b":{},"_coverageSchema":"332fd63041d2c1bcb487cc26dd0d5f7d97098a6c","hash":"7f9d5734d39adfede86d881f95a036d264d2c639"}
,"/Users/kspector/Development/directv/src/stylesheets/navigation/row.css": {"path":"/Users/kspector/Development/directv/src/stylesheets/navigation/row.css","statementMap":{"0":{"start":{"line":1,"column":0},"end":{"line":1,"column":20}}},"fnMap":{},"branchMap":{},"s":{"0":10},"f":{},"b":{},"_coverageSchema":"332fd63041d2c1bcb487cc26dd0d5f7d97098a6c","hash":"f2802211fa80e6efae214a45d8b12cfe6a01b73c"}
,"/Users/kspector/Development/directv/src/stylesheets/navigation/screen.css": {"path":"/Users/kspector/Development/directv/src/stylesheets/navigation/screen.css","statementMap":{"0":{"start":{"line":1,"column":0},"end":{"line":1,"column":20}}},"fnMap":{},"branchMap":{},"s":{"0":9},"f":{},"b":{},"_coverageSchema":"332fd63041d2c1bcb487cc26dd0d5f7d97098a6c","hash":"6eaf9170abbd7fbd96a1b507f571796b0f6143a8"}
,"/Users/kspector/Development/directv/src/stylesheets/rows/searchInput.css": {"path":"/Users/kspector/Development/directv/src/stylesheets/rows/searchInput.css","statementMap":{"0":{"start":{"line":1,"column":0},"end":{"line":1,"column":20}}},"fnMap":{},"branchMap":{},"s":{"0":4},"f":{},"b":{},"_coverageSchema":"332fd63041d2c1bcb487cc26dd0d5f7d97098a6c","hash":"a043c475d1e7a82c290889cbb77813557c9aefb1"}
,"/Users/kspector/Development/directv/src/stylesheets/rows/video.css": {"path":"/Users/kspector/Development/directv/src/stylesheets/rows/video.css","statementMap":{"0":{"start":{"line":1,"column":0},"end":{"line":1,"column":20}}},"fnMap":{},"branchMap":{},"s":{"0":7},"f":{},"b":{},"_coverageSchema":"332fd63041d2c1bcb487cc26dd0d5f7d97098a6c","hash":"4b80bd069e733b174a7c4777a8ab2a621789cc46"}
,"/Users/kspector/Development/directv/src/stylesheets/screens/header.css": {"path":"/Users/kspector/Development/directv/src/stylesheets/screens/header.css","statementMap":{"0":{"start":{"line":1,"column":0},"end":{"line":1,"column":20}}},"fnMap":{},"branchMap":{},"s":{"0":6},"f":{},"b":{},"_coverageSchema":"332fd63041d2c1bcb487cc26dd0d5f7d97098a6c","hash":"c502e4088872e24666e085413694062395147fd2"}
,"/Users/kspector/Development/directv/src/stylesheets/screens/nav.css": {"path":"/Users/kspector/Development/directv/src/stylesheets/screens/nav.css","statementMap":{"0":{"start":{"line":1,"column":0},"end":{"line":1,"column":20}}},"fnMap":{},"branchMap":{},"s":{"0":3},"f":{},"b":{},"_coverageSchema":"332fd63041d2c1bcb487cc26dd0d5f7d97098a6c","hash":"b7893e28720fa69f79b9e11837c97c3d6b8f79ac"}
,"/Users/kspector/Development/directv/src/stylesheets/screens/search.css": {"path":"/Users/kspector/Development/directv/src/stylesheets/screens/search.css","statementMap":{"0":{"start":{"line":1,"column":0},"end":{"line":1,"column":20}}},"fnMap":{},"branchMap":{},"s":{"0":3},"f":{},"b":{},"_coverageSchema":"332fd63041d2c1bcb487cc26dd0d5f7d97098a6c","hash":"0138de79661ee3207ba86f564318edf4ec9a6022"}
,"/Users/kspector/Development/directv/src/stylesheets/screens/videoList.css": {"path":"/Users/kspector/Development/directv/src/stylesheets/screens/videoList.css","statementMap":{"0":{"start":{"line":1,"column":0},"end":{"line":1,"column":20}}},"fnMap":{},"branchMap":{},"s":{"0":6},"f":{},"b":{},"_coverageSchema":"332fd63041d2c1bcb487cc26dd0d5f7d97098a6c","hash":"6f2a8d450591e1b3d0c848b7e490af9e8f8a1576"}
,"/Users/kspector/Development/directv/src/util/Analytics.js": {"path":"/Users/kspector/Development/directv/src/util/Analytics.js","statementMap":{"0":{"start":{"line":4,"column":19},"end":{"line":7,"column":46}},"1":{"start":{"line":11,"column":4},"end":{"line":17,"column":5}},"2":{"start":{"line":12,"column":26},"end":{"line":12,"column":50}},"3":{"start":{"line":13,"column":26},"end":{"line":13,"column":96}},"4":{"start":{"line":14,"column":6},"end":{"line":14,"column":119}},"5":{"start":{"line":16,"column":6},"end":{"line":16,"column":90}},"6":{"start":{"line":21,"column":4},"end":{"line":23,"column":5}},"7":{"start":{"line":27,"column":4},"end":{"line":30,"column":5}},"8":{"start":{"line":34,"column":4},"end":{"line":42,"column":6}},"9":{"start":{"line":39,"column":6},"end":{"line":39,"column":28}},"10":{"start":{"line":41,"column":6},"end":{"line":41,"column":18}},"11":{"start":{"line":46,"column":16},"end":{"line":46,"column":31}}},"fnMap":{"0":{"name":"(anonymous_0)","decl":{"start":{"line":10,"column":2},"end":{"line":10,"column":3}},"loc":{"start":{"line":10,"column":25},"end":{"line":18,"column":3}},"line":10},"1":{"name":"(anonymous_1)","decl":{"start":{"line":20,"column":2},"end":{"line":20,"column":3}},"loc":{"start":{"line":20,"column":16},"end":{"line":24,"column":3}},"line":20},"2":{"name":"(anonymous_2)","decl":{"start":{"line":26,"column":2},"end":{"line":26,"column":3}},"loc":{"start":{"line":26,"column":17},"end":{"line":31,"column":3}},"line":26},"3":{"name":"(anonymous_3)","decl":{"start":{"line":33,"column":2},"end":{"line":33,"column":3}},"loc":{"start":{"line":33,"column":29},"end":{"line":43,"column":3}},"line":33},"4":{"name":"(anonymous_4)","decl":{"start":{"line":38,"column":12},"end":{"line":38,"column":13}},"loc":{"start":{"line":38,"column":24},"end":{"line":40,"column":5}},"line":38},"5":{"name":"(anonymous_5)","decl":{"start":{"line":40,"column":13},"end":{"line":40,"column":14}},"loc":{"start":{"line":40,"column":22},"end":{"line":42,"column":5}},"line":40}},"branchMap":{"0":{"loc":{"start":{"line":7,"column":2},"end":{"line":7,"column":45}},"type":"binary-expr","locations":[{"start":{"line":7,"column":2},"end":{"line":7,"column":35}},{"start":{"line":7,"column":39},"end":{"line":7,"column":45}}],"line":7},"1":{"loc":{"start":{"line":10,"column":15},"end":{"line":10,"column":23}},"type":"default-arg","locations":[{"start":{"line":10,"column":21},"end":{"line":10,"column":23}}],"line":10},"2":{"loc":{"start":{"line":11,"column":4},"end":{"line":17,"column":5}},"type":"if","locations":[{"start":{"line":11,"column":4},"end":{"line":17,"column":5}},{"start":{"line":11,"column":4},"end":{"line":17,"column":5}}],"line":11}},"s":{"0":3,"1":1,"2":1,"3":1,"4":1,"5":0,"6":2,"7":2,"8":2,"9":2,"10":2,"11":3},"f":{"0":1,"1":2,"2":2,"3":2,"4":2,"5":2},"b":{"0":[3,3],"1":[0],"2":[1,0]},"_coverageSchema":"332fd63041d2c1bcb487cc26dd0d5f7d97098a6c","hash":"e0ed726cc83f6e5ba75eb428662ed180449a435f"}
,"/Users/kspector/Development/directv/src/util/Cookies.js": {"path":"/Users/kspector/Development/directv/src/util/Cookies.js","statementMap":{"0":{"start":{"line":1,"column":20},"end":{"line":3,"column":1}},"1":{"start":{"line":2,"column":2},"end":{"line":2,"column":35}},"2":{"start":{"line":5,"column":22},"end":{"line":14,"column":1}},"3":{"start":{"line":6,"column":16},"end":{"line":6,"column":18}},"4":{"start":{"line":9,"column":2},"end":{"line":12,"column":3}},"5":{"start":{"line":10,"column":4},"end":{"line":10,"column":34}},"6":{"start":{"line":11,"column":4},"end":{"line":11,"column":24}},"7":{"start":{"line":13,"column":2},"end":{"line":13,"column":16}},"8":{"start":{"line":17,"column":2},"end":{"line":17,"column":32}},"9":{"start":{"line":21,"column":2},"end":{"line":21,"column":62}},"10":{"start":{"line":26,"column":2},"end":{"line":31,"column":3}},"11":{"start":{"line":27,"column":4},"end":{"line":27,"column":34}},"12":{"start":{"line":28,"column":4},"end":{"line":30,"column":5}},"13":{"start":{"line":29,"column":6},"end":{"line":29,"column":24}}},"fnMap":{"0":{"name":"(anonymous_0)","decl":{"start":{"line":1,"column":20},"end":{"line":1,"column":21}},"loc":{"start":{"line":1,"column":26},"end":{"line":3,"column":1}},"line":1},"1":{"name":"(anonymous_1)","decl":{"start":{"line":5,"column":22},"end":{"line":5,"column":23}},"loc":{"start":{"line":5,"column":28},"end":{"line":14,"column":1}},"line":5},"2":{"name":"getCookie","decl":{"start":{"line":16,"column":16},"end":{"line":16,"column":25}},"loc":{"start":{"line":16,"column":34},"end":{"line":18,"column":1}},"line":16},"3":{"name":"setCookie","decl":{"start":{"line":20,"column":16},"end":{"line":20,"column":25}},"loc":{"start":{"line":20,"column":41},"end":{"line":22,"column":1}},"line":20},"4":{"name":"removeCookie","decl":{"start":{"line":24,"column":16},"end":{"line":24,"column":28}},"loc":{"start":{"line":24,"column":37},"end":{"line":32,"column":1}},"line":24}},"branchMap":{"0":{"loc":{"start":{"line":28,"column":4},"end":{"line":30,"column":5}},"type":"if","locations":[{"start":{"line":28,"column":4},"end":{"line":30,"column":5}},{"start":{"line":28,"column":4},"end":{"line":30,"column":5}}],"line":28}},"s":{"0":6,"1":30,"2":6,"3":29,"4":29,"5":34,"6":34,"7":29,"8":29,"9":6,"10":1,"11":3,"12":3,"13":1},"f":{"0":30,"1":29,"2":29,"3":6,"4":1},"b":{"0":[1,2]},"_coverageSchema":"332fd63041d2c1bcb487cc26dd0d5f7d97098a6c","hash":"575af5b2ea144a1c52fad02e33abb04dad0f4c89"}
,"/Users/kspector/Development/directv/src/util/categories.js": {"path":"/Users/kspector/Development/directv/src/util/categories.js","statementMap":{},"fnMap":{},"branchMap":{},"s":{},"f":{},"b":{},"_coverageSchema":"332fd63041d2c1bcb487cc26dd0d5f7d97098a6c","hash":"8fabe1f43af5f7fbc25dcef892113c01475fe3e5"}
,"/Users/kspector/Development/directv/src/util/fetchQuery.js": {"path":"/Users/kspector/Development/directv/src/util/fetchQuery.js","statementMap":{"0":{"start":{"line":4,"column":16},"end":{"line":6,"column":3}},"1":{"start":{"line":8,"column":22},"end":{"line":8,"column":46}},"2":{"start":{"line":9,"column":2},"end":{"line":12,"column":3}},"3":{"start":{"line":10,"column":48},"end":{"line":10,"column":129}},"4":{"start":{"line":11,"column":4},"end":{"line":11,"column":77}},"5":{"start":{"line":14,"column":2},"end":{"line":14,"column":16}},"6":{"start":{"line":17,"column":15},"end":{"line":21,"column":53}},"7":{"start":{"line":27,"column":2},"end":{"line":41,"column":4}},"8":{"start":{"line":35,"column":4},"end":{"line":37,"column":5}},"9":{"start":{"line":36,"column":6},"end":{"line":36,"column":33}},"10":{"start":{"line":38,"column":4},"end":{"line":38,"column":26}},"11":{"start":{"line":40,"column":4},"end":{"line":40,"column":16}}},"fnMap":{"0":{"name":"headers","decl":{"start":{"line":3,"column":9},"end":{"line":3,"column":16}},"loc":{"start":{"line":3,"column":19},"end":{"line":15,"column":1}},"line":3},"1":{"name":"fetchQuery","decl":{"start":{"line":23,"column":9},"end":{"line":23,"column":19}},"loc":{"start":{"line":26,"column":2},"end":{"line":42,"column":1}},"line":26},"2":{"name":"(anonymous_2)","decl":{"start":{"line":34,"column":10},"end":{"line":34,"column":11}},"loc":{"start":{"line":34,"column":22},"end":{"line":39,"column":3}},"line":34},"3":{"name":"(anonymous_3)","decl":{"start":{"line":39,"column":11},"end":{"line":39,"column":12}},"loc":{"start":{"line":39,"column":20},"end":{"line":41,"column":3}},"line":39}},"branchMap":{"0":{"loc":{"start":{"line":9,"column":2},"end":{"line":12,"column":3}},"type":"if","locations":[{"start":{"line":9,"column":2},"end":{"line":12,"column":3}},{"start":{"line":9,"column":2},"end":{"line":12,"column":3}}],"line":9},"1":{"loc":{"start":{"line":10,"column":48},"end":{"line":10,"column":129}},"type":"cond-expr","locations":[{"start":{"line":10,"column":92},"end":{"line":10,"column":115}},{"start":{"line":10,"column":118},"end":{"line":10,"column":129}}],"line":10},"2":{"loc":{"start":{"line":21,"column":2},"end":{"line":21,"column":52}},"type":"binary-expr","locations":[{"start":{"line":21,"column":2},"end":{"line":21,"column":35}},{"start":{"line":21,"column":39},"end":{"line":21,"column":52}}],"line":21},"3":{"loc":{"start":{"line":35,"column":4},"end":{"line":37,"column":5}},"type":"if","locations":[{"start":{"line":35,"column":4},"end":{"line":37,"column":5}},{"start":{"line":35,"column":4},"end":{"line":37,"column":5}}],"line":35},"4":{"loc":{"start":{"line":35,"column":8},"end":{"line":35,"column":59}},"type":"binary-expr","locations":[{"start":{"line":35,"column":8},"end":{"line":35,"column":31}},{"start":{"line":35,"column":35},"end":{"line":35,"column":59}}],"line":35}},"s":{"0":29,"1":29,"2":29,"3":4,"4":4,"5":29,"6":6,"7":29,"8":29,"9":0,"10":29,"11":29},"f":{"0":29,"1":29,"2":29,"3":29},"b":{"0":[4,25],"1":[0,4],"2":[6,6],"3":[0,29],"4":[29,0]},"_coverageSchema":"332fd63041d2c1bcb487cc26dd0d5f7d97098a6c","hash":"a1d415b470be8d2a28333375ef35f11a80adfe89"}
,"/Users/kspector/Development/directv/src/util/fileMock.js": {"path":"/Users/kspector/Development/directv/src/util/fileMock.js","statementMap":{"0":{"start":{"line":1,"column":0},"end":{"line":1,"column":33}}},"fnMap":{},"branchMap":{},"s":{"0":9},"f":{},"b":{},"_coverageSchema":"332fd63041d2c1bcb487cc26dd0d5f7d97098a6c","hash":"ca6c93f68f8c3fbb641cc9c9187a215ba66f1c38"}
,"/Users/kspector/Development/directv/src/util/keypress.js": {"path":"/Users/kspector/Development/directv/src/util/keypress.js","statementMap":{"0":{"start":{"line":1,"column":11},"end":{"line":1,"column":12}},"1":{"start":{"line":2,"column":15},"end":{"line":2,"column":17}},"2":{"start":{"line":3,"column":13},"end":{"line":3,"column":15}},"3":{"start":{"line":4,"column":13},"end":{"line":4,"column":15}},"4":{"start":{"line":5,"column":11},"end":{"line":5,"column":13}},"5":{"start":{"line":6,"column":14},"end":{"line":6,"column":16}},"6":{"start":{"line":7,"column":13},"end":{"line":7,"column":15}},"7":{"start":{"line":8,"column":14},"end":{"line":8,"column":16}},"8":{"start":{"line":10,"column":18},"end":{"line":10,"column":20}},"9":{"start":{"line":11,"column":15},"end":{"line":11,"column":17}},"10":{"start":{"line":12,"column":10},"end":{"line":12,"column":12}}},"fnMap":{},"branchMap":{},"s":{"0":4,"1":4,"2":4,"3":4,"4":4,"5":4,"6":4,"7":4,"8":4,"9":4,"10":4},"f":{},"b":{},"_coverageSchema":"332fd63041d2c1bcb487cc26dd0d5f7d97098a6c","hash":"fe8bbb9df09fa6901876433998fd6388878d4925"}
,"/Users/kspector/Development/directv/src/util/livestreamURL.js": {"path":"/Users/kspector/Development/directv/src/util/livestreamURL.js","statementMap":{"0":{"start":{"line":1,"column":29},"end":{"line":1,"column":79}}},"fnMap":{},"branchMap":{},"s":{"0":6},"f":{},"b":{},"_coverageSchema":"332fd63041d2c1bcb487cc26dd0d5f7d97098a6c","hash":"f140d771d59b77d7bc536138802fb562e408fe96"}
,"/Users/kspector/Development/directv/src/util/mockVideos.js": {"path":"/Users/kspector/Development/directv/src/util/mockVideos.js","statementMap":{"0":{"start":{"line":1,"column":19},"end":{"line":54,"column":1}}},"fnMap":{},"branchMap":{},"s":{"0":6},"f":{},"b":{},"_coverageSchema":"332fd63041d2c1bcb487cc26dd0d5f7d97098a6c","hash":"bdbaa5b023af6ebc1e9443d4e32eddc622f862e8"}
,"/Users/kspector/Development/directv/src/util/months.js": {"path":"/Users/kspector/Development/directv/src/util/months.js","statementMap":{"0":{"start":{"line":1,"column":19},"end":{"line":1,"column":103}}},"fnMap":{},"branchMap":{},"s":{"0":8},"f":{},"b":{},"_coverageSchema":"332fd63041d2c1bcb487cc26dd0d5f7d97098a6c","hash":"0866974e3aaf90bc6c5167863ff12a1455917428"}
}
