TN:
SF:/Users/kspector/Development/directv/config/setupTests.js
FNF:0
FNH:0
DA:5,26
DA:6,26
LF:2
LH:2
BRF:0
BRH:0
end_of_record
TN:
SF:/Users/kspector/Development/directv/src/components/App.js
FN:10,(anonymous_0)
FN:15,(anonymous_1)
FN:22,(anonymous_2)
FN:26,(anonymous_3)
FN:30,(anonymous_4)
FNF:5
FNH:4
FNDA:3,(anonymous_0)
FNDA:3,(anonymous_1)
FNDA:3,(anonymous_2)
FNDA:0,(anonymous_3)
FNDA:3,(anonymous_4)
DA:11,3
DA:12,3
DA:16,3
DA:17,3
DA:18,2
DA:23,3
DA:27,0
DA:31,3
DA:32,3
LF:9
LH:8
BRDA:17,0,0,2
BRDA:17,0,1,1
BRDA:35,1,0,3
BRDA:35,1,1,3
BRDA:35,1,2,0
BRF:5
BRH:4
end_of_record
TN:
SF:/Users/kspector/Development/directv/src/components/CreateDeviceToken.js
FN:5,(anonymous_0)
FN:9,(anonymous_1)
FN:13,(anonymous_2)
FN:26,(anonymous_3)
FN:46,(anonymous_4)
FNF:5
FNH:5
FNDA:7,(anonymous_0)
FNDA:2,(anonymous_1)
FNDA:7,(anonymous_2)
FNDA:18,(anonymous_3)
FNDA:18,(anonymous_4)
DA:5,2
DA:6,7
DA:9,2
DA:10,2
DA:13,2
DA:15,7
DA:23,7
DA:24,7
DA:26,7
DA:27,18
DA:28,0
DA:29,18
DA:30,3
DA:31,2
DA:32,2
DA:33,2
DA:34,2
DA:36,1
DA:39,15
DA:42,7
DA:47,18
LF:21
LH:20
BRDA:24,0,0,7
BRDA:24,0,1,2
BRDA:27,1,0,0
BRDA:27,1,1,18
BRDA:29,2,0,3
BRDA:29,2,1,15
BRDA:30,3,0,2
BRDA:30,3,1,1
BRF:8
BRH:7
end_of_record
TN:
SF:/Users/kspector/Development/directv/src/components/Layout.js
FN:56,(anonymous_0)
FN:69,(anonymous_1)
FN:88,(anonymous_2)
FN:95,(anonymous_3)
FN:100,(anonymous_4)
FN:106,(anonymous_5)
FN:111,(anonymous_6)
FN:123,(anonymous_7)
FN:128,(anonymous_8)
FN:132,(anonymous_9)
FN:136,(anonymous_10)
FN:145,(anonymous_11)
FN:158,(anonymous_12)
FNF:13
FNH:13
FNDA:22,(anonymous_0)
FNDA:43,(anonymous_1)
FNDA:41,(anonymous_2)
FNDA:60,(anonymous_3)
FNDA:1,(anonymous_4)
FNDA:3,(anonymous_5)
FNDA:64,(anonymous_6)
FNDA:2,(anonymous_7)
FNDA:3,(anonymous_8)
FNDA:1,(anonymous_9)
FNDA:25,(anonymous_10)
FNDA:3,(anonymous_11)
FNDA:32,(anonymous_12)
DA:11,2
DA:12,2
DA:20,2
DA:35,2
DA:44,2
DA:52,2
DA:53,2
DA:57,22
DA:59,22
DA:60,22
DA:61,22
DA:62,22
DA:63,22
DA:64,22
DA:65,22
DA:66,22
DA:70,43
DA:72,43
DA:79,43
DA:80,2
DA:82,41
DA:85,43
DA:89,41
DA:91,41
DA:95,60
DA:101,1
DA:102,1
DA:106,3
DA:112,64
DA:114,64
DA:115,0
DA:116,64
DA:117,1
DA:120,63
DA:124,2
DA:125,2
DA:129,3
DA:133,1
DA:137,25
DA:138,24
DA:139,24
DA:140,2
DA:146,3
DA:148,3
DA:149,2
DA:159,32
DA:160,32
LF:47
LH:46
BRDA:79,0,0,2
BRDA:79,0,1,41
BRDA:114,1,0,0
BRDA:114,1,1,64
BRDA:116,2,0,1
BRDA:116,2,1,63
BRDA:137,3,0,24
BRDA:137,3,1,1
BRDA:138,4,0,1
BRDA:138,4,1,23
BRDA:138,5,0,23
BRDA:138,5,1,0
BRDA:139,6,0,2
BRDA:139,6,1,22
BRDA:148,7,0,2
BRDA:148,7,1,1
BRDA:163,8,0,2
BRDA:163,8,1,30
BRF:18
BRH:16
end_of_record
TN:
SF:/Users/kspector/Development/directv/src/components/QueryRenderer.js
FN:4,(anonymous_0)
FN:10,(anonymous_1)
FN:14,(anonymous_2)
FN:22,(anonymous_3)
FN:25,(anonymous_4)
FN:30,(anonymous_5)
FN:40,(anonymous_6)
FNF:7
FNH:6
FNDA:30,(anonymous_0)
FNDA:30,(anonymous_1)
FNDA:54,(anonymous_2)
FNDA:34,(anonymous_3)
FNDA:28,(anonymous_4)
FNDA:84,(anonymous_5)
FNDA:0,(anonymous_6)
DA:5,30
DA:7,30
DA:11,30
DA:15,54
DA:17,54
DA:18,4
DA:23,34
DA:25,34
DA:26,28
DA:31,84
DA:32,84
DA:34,84
DA:38,4
LF:13
LH:13
BRDA:17,0,0,4
BRDA:17,0,1,50
BRF:2
BRH:2
end_of_record
TN:
SF:/Users/kspector/Development/directv/src/components/Thumbnail.js
FN:5,(anonymous_0)
FN:12,(anonymous_1)
FNF:2
FNH:2
FNDA:2,(anonymous_0)
FNDA:45,(anonymous_1)
DA:6,2
DA:7,1
DA:9,1
DA:13,45
DA:14,45
LF:5
LH:5
BRDA:6,0,0,1
BRDA:6,0,1,1
BRF:2
BRH:2
end_of_record
TN:
SF:/Users/kspector/Development/directv/src/components/VideoPlayer.js
FN:15,(anonymous_0)
FN:22,(anonymous_1)
FN:28,(anonymous_2)
FN:33,(anonymous_3)
FN:51,(anonymous_4)
FN:60,(anonymous_5)
FN:67,(anonymous_6)
FN:73,(anonymous_7)
FN:79,(anonymous_8)
FN:87,(anonymous_9)
FN:94,(anonymous_10)
FN:96,(anonymous_11)
FN:99,(anonymous_12)
FN:106,(anonymous_13)
FN:156,(anonymous_14)
FN:163,(anonymous_15)
FN:186,(anonymous_16)
FN:190,(anonymous_17)
FN:194,(anonymous_18)
FN:202,(anonymous_19)
FN:208,(anonymous_20)
FN:218,(anonymous_21)
FN:225,(anonymous_22)
FN:234,(anonymous_23)
FN:238,(anonymous_24)
FN:246,(anonymous_25)
FN:258,(anonymous_26)
FN:267,(anonymous_27)
FN:275,(anonymous_28)
FN:285,(anonymous_29)
FN:290,(anonymous_30)
FN:295,(anonymous_31)
FN:299,(anonymous_32)
FN:306,(anonymous_33)
FN:311,(anonymous_34)
FN:316,(anonymous_35)
FN:321,(anonymous_36)
FN:323,(anonymous_37)
FN:326,(anonymous_38)
FN:332,(anonymous_39)
FN:340,(anonymous_40)
FN:375,(anonymous_41)
FN:384,(anonymous_42)
FN:393,(anonymous_43)
FN:406,(anonymous_44)
FN:411,(anonymous_45)
FN:416,(anonymous_46)
FN:420,(anonymous_47)
FNF:48
FNH:40
FNDA:101,(anonymous_0)
FNDA:104,(anonymous_1)
FNDA:4,(anonymous_2)
FNDA:96,(anonymous_3)
FNDA:103,(anonymous_4)
FNDA:6,(anonymous_5)
FNDA:0,(anonymous_6)
FNDA:1,(anonymous_7)
FNDA:0,(anonymous_8)
FNDA:19,(anonymous_9)
FNDA:3,(anonymous_10)
FNDA:3,(anonymous_11)
FNDA:1,(anonymous_12)
FNDA:0,(anonymous_13)
FNDA:1,(anonymous_14)
FNDA:1,(anonymous_15)
FNDA:3,(anonymous_16)
FNDA:103,(anonymous_17)
FNDA:13,(anonymous_18)
FNDA:15,(anonymous_19)
FNDA:3,(anonymous_20)
FNDA:4,(anonymous_21)
FNDA:3,(anonymous_22)
FNDA:12,(anonymous_23)
FNDA:14,(anonymous_24)
FNDA:21,(anonymous_25)
FNDA:15,(anonymous_26)
FNDA:22,(anonymous_27)
FNDA:4,(anonymous_28)
FNDA:4,(anonymous_29)
FNDA:15,(anonymous_30)
FNDA:12,(anonymous_31)
FNDA:5,(anonymous_32)
FNDA:2,(anonymous_33)
FNDA:3,(anonymous_34)
FNDA:4,(anonymous_35)
FNDA:3,(anonymous_36)
FNDA:3,(anonymous_37)
FNDA:0,(anonymous_38)
FNDA:0,(anonymous_39)
FNDA:25,(anonymous_40)
FNDA:103,(anonymous_41)
FNDA:6,(anonymous_42)
FNDA:5,(anonymous_43)
FNDA:0,(anonymous_44)
FNDA:0,(anonymous_45)
FNDA:0,(anonymous_46)
FNDA:197,(anonymous_47)
DA:16,101
DA:17,101
DA:18,101
DA:19,101
DA:23,104
DA:24,104
DA:25,104
DA:29,4
DA:30,4
DA:35,96
DA:36,0
DA:37,0
DA:38,0
DA:39,0
DA:43,96
DA:44,1
DA:45,1
DA:46,1
DA:47,1
DA:52,103
DA:53,103
DA:54,103
DA:55,103
DA:56,103
DA:57,103
DA:61,6
DA:62,6
DA:63,6
DA:64,6
DA:68,0
DA:69,0
DA:70,0
DA:74,1
DA:75,1
DA:76,1
DA:80,0
DA:81,0
DA:82,0
DA:83,0
DA:84,0
DA:88,19
DA:89,0
DA:90,0
DA:95,3
DA:96,3
DA:97,3
DA:98,1
DA:99,1
DA:100,1
DA:107,0
DA:108,0
DA:110,0
DA:111,0
DA:112,0
DA:114,0
DA:115,0
DA:116,0
DA:118,0
DA:119,0
DA:120,0
DA:122,0
DA:123,0
DA:124,0
DA:126,0
DA:127,0
DA:128,0
DA:129,0
DA:131,0
DA:132,0
DA:133,0
DA:135,0
DA:136,0
DA:137,0
DA:138,0
DA:140,0
DA:141,0
DA:142,0
DA:143,0
DA:145,0
DA:146,0
DA:147,0
DA:148,0
DA:149,0
DA:150,0
DA:151,0
DA:152,0
DA:153,0
DA:157,1
DA:158,0
DA:159,0
DA:164,1
DA:165,0
DA:166,0
DA:167,0
DA:168,0
DA:169,0
DA:170,0
DA:171,0
DA:172,0
DA:173,0
DA:174,0
DA:175,0
DA:176,0
DA:177,0
DA:178,0
DA:179,0
DA:180,0
DA:181,0
DA:182,0
DA:187,3
DA:191,103
DA:195,13
DA:196,13
DA:197,13
DA:198,13
DA:199,13
DA:203,15
DA:204,1
DA:209,3
DA:210,3
DA:213,3
DA:214,0
DA:219,4
DA:220,4
DA:221,4
DA:222,4
DA:226,3
DA:227,2
DA:228,1
DA:230,1
DA:235,12
DA:239,14
DA:247,21
DA:259,15
DA:268,22
DA:269,12
DA:271,10
DA:276,4
DA:277,4
DA:278,2
DA:280,2
DA:286,4
DA:287,4
DA:291,15
DA:292,15
DA:296,12
DA:300,5
DA:301,2
DA:303,5
DA:307,2
DA:308,2
DA:312,3
DA:313,3
DA:317,4
DA:318,4
DA:323,3
DA:324,3
DA:325,3
DA:327,0
DA:328,0
DA:333,0
DA:334,0
DA:335,0
DA:336,0
DA:341,25
DA:344,12
DA:345,4
DA:346,3
DA:348,4
DA:351,8
DA:352,8
DA:353,8
DA:355,6
DA:356,5
DA:358,6
DA:361,7
DA:362,4
DA:363,4
DA:366,7
DA:367,7
DA:368,7
DA:370,0
DA:372,25
DA:376,103
DA:377,103
DA:378,103
DA:379,103
DA:380,103
DA:381,103
DA:385,6
DA:386,6
DA:387,6
DA:388,6
DA:389,6
DA:390,6
DA:394,5
DA:396,5
DA:397,5
DA:399,5
DA:400,4
DA:403,5
DA:407,0
DA:408,0
DA:412,0
DA:413,0
DA:417,0
DA:421,197
LF:207
LH:122
BRDA:35,0,0,0
BRDA:35,0,1,96
BRDA:35,1,0,96
BRDA:35,1,1,1
BRDA:37,2,0,0
BRDA:37,2,1,0
BRDA:43,3,0,1
BRDA:43,3,1,95
BRDA:43,4,0,96
BRDA:43,4,1,1
BRDA:45,5,0,0
BRDA:45,5,1,1
BRDA:88,6,0,0
BRDA:88,6,1,19
BRDA:97,7,0,1
BRDA:97,7,1,2
BRDA:97,8,0,3
BRDA:97,8,1,2
BRDA:157,9,0,0
BRDA:157,9,1,1
BRDA:164,10,0,0
BRDA:164,10,1,1
BRDA:187,11,0,3
BRDA:187,11,1,3
BRDA:203,12,0,1
BRDA:203,12,1,14
BRDA:209,13,0,3
BRDA:209,13,1,0
BRDA:213,14,0,0
BRDA:213,14,1,3
BRDA:226,15,0,2
BRDA:226,15,1,1
BRDA:227,16,0,1
BRDA:227,16,1,1
BRDA:268,17,0,12
BRDA:268,17,1,10
BRDA:277,18,0,2
BRDA:277,18,1,2
BRDA:300,19,0,2
BRDA:300,19,1,3
BRDA:300,20,0,5
BRDA:300,20,1,3
BRDA:333,21,0,0
BRDA:333,21,1,0
BRDA:341,22,0,8
BRDA:341,22,1,12
BRDA:341,22,2,6
BRDA:341,22,3,7
BRDA:341,22,4,7
BRDA:341,22,5,0
BRDA:344,23,0,4
BRDA:344,23,1,8
BRDA:345,24,0,3
BRDA:345,24,1,1
BRDA:355,25,0,5
BRDA:355,25,1,1
BRDA:356,26,0,3
BRDA:356,26,1,2
BRDA:361,27,0,4
BRDA:361,27,1,3
BRDA:396,28,0,2
BRDA:396,28,1,3
BRDA:396,29,0,5
BRDA:396,29,1,3
BRDA:397,30,0,0
BRDA:397,30,1,5
BRDA:399,31,0,4
BRDA:399,31,1,1
BRF:68
BRH:55
end_of_record
TN:
SF:/Users/kspector/Development/directv/src/components/columns/SearchInputFeedbackColumn.js
FN:8,(anonymous_0)
FN:12,(anonymous_1)
FN:20,(anonymous_2)
FN:29,(anonymous_3)
FNF:4
FNH:3
FNDA:1,(anonymous_0)
FNDA:72,(anonymous_1)
FNDA:18,(anonymous_2)
FNDA:0,(anonymous_3)
DA:9,1
DA:13,72
DA:15,72
DA:16,72
DA:20,18
DA:27,4
LF:6
LH:6
BRF:0
BRH:0
end_of_record
TN:
SF:/Users/kspector/Development/directv/src/components/connectors/Paginator.js
FN:3,withPagination
FN:5,(anonymous_1)
FN:15,(anonymous_2)
FN:24,(anonymous_3)
FN:28,(anonymous_4)
FN:32,(anonymous_5)
FN:48,(anonymous_6)
FN:53,(anonymous_7)
FN:57,(anonymous_8)
FN:61,(anonymous_9)
FN:65,(anonymous_10)
FN:69,(anonymous_11)
FN:73,(anonymous_12)
FN:77,(anonymous_13)
FN:81,(anonymous_14)
FN:85,(anonymous_15)
FN:89,(anonymous_16)
FN:93,(anonymous_17)
FN:100,(anonymous_18)
FN:109,(anonymous_19)
FN:123,(anonymous_20)
FN:124,(anonymous_21)
FN:133,(anonymous_22)
FN:134,(anonymous_23)
FN:137,(anonymous_24)
FNF:25
FNH:25
FNDA:7,withPagination
FNDA:28,(anonymous_1)
FNDA:29,(anonymous_2)
FNDA:24,(anonymous_3)
FNDA:1,(anonymous_4)
FNDA:23,(anonymous_5)
FNDA:23,(anonymous_6)
FNDA:22,(anonymous_7)
FNDA:17,(anonymous_8)
FNDA:677,(anonymous_9)
FNDA:80,(anonymous_10)
FNDA:262,(anonymous_11)
FNDA:8,(anonymous_12)
FNDA:1,(anonymous_13)
FNDA:5,(anonymous_14)
FNDA:7,(anonymous_15)
FNDA:6,(anonymous_16)
FNDA:79,(anonymous_17)
FNDA:6,(anonymous_18)
FNDA:6,(anonymous_19)
FNDA:4,(anonymous_20)
FNDA:4,(anonymous_21)
FNDA:2,(anonymous_22)
FNDA:2,(anonymous_23)
FNDA:79,(anonymous_24)
DA:4,7
DA:6,28
DA:8,28
DA:9,28
DA:10,28
DA:11,28
DA:12,28
DA:16,29
DA:25,24
DA:29,1
DA:33,23
DA:34,1
DA:35,22
DA:36,17
DA:41,17
DA:42,2
DA:43,2
DA:49,23
DA:54,22
DA:58,17
DA:62,677
DA:66,80
DA:70,262
DA:74,8
DA:78,1
DA:82,5
DA:86,7
DA:90,6
DA:94,79
DA:95,79
DA:96,79
DA:101,6
DA:102,5
DA:110,6
DA:111,6
DA:112,4
DA:114,2
DA:118,2
DA:124,4
DA:125,4
DA:128,4
DA:130,4
DA:134,2
DA:138,79
DA:139,79
DA:140,79
DA:142,79
DA:143,79
DA:145,79
LF:49
LH:49
BRDA:33,0,0,1
BRDA:33,0,1,22
BRDA:35,1,0,17
BRDA:35,1,1,5
BRDA:41,2,0,2
BRDA:41,2,1,15
BRDA:49,3,0,23
BRDA:49,3,1,1
BRDA:86,4,0,7
BRDA:86,4,1,5
BRDA:90,5,0,6
BRDA:90,5,1,0
BRDA:95,6,0,79
BRDA:95,6,1,0
BRDA:95,7,0,79
BRDA:95,7,1,79
BRDA:101,8,0,5
BRDA:101,8,1,1
BRDA:110,9,0,6
BRDA:110,9,1,0
BRDA:111,10,0,4
BRDA:111,10,1,2
BRF:22
BRH:19
end_of_record
TN:
SF:/Users/kspector/Development/directv/src/components/items/LiveVideoItem.js
FN:6,(anonymous_0)
FN:12,(anonymous_1)
FN:16,(anonymous_2)
FN:24,(anonymous_3)
FNF:4
FNH:3
FNDA:29,(anonymous_0)
FNDA:1,(anonymous_1)
FNDA:83,(anonymous_2)
FNDA:0,(anonymous_3)
DA:7,29
DA:9,29
DA:13,1
DA:17,83
DA:23,4
LF:5
LH:5
BRF:0
BRH:0
end_of_record
TN:
SF:/Users/kspector/Development/directv/src/components/items/VideoItem.js
FN:8,(anonymous_0)
FN:14,(anonymous_1)
FN:21,(anonymous_2)
FN:31,(anonymous_3)
FN:35,(anonymous_4)
FN:47,(anonymous_5)
FNF:6
FNH:5
FNDA:47,(anonymous_0)
FNDA:47,(anonymous_1)
FNDA:3,(anonymous_2)
FNDA:47,(anonymous_3)
FNDA:1,(anonymous_4)
FNDA:0,(anonymous_5)
DA:9,47
DA:10,41
DA:15,47
DA:16,47
DA:17,47
DA:22,3
DA:23,3
DA:24,3
DA:25,2
DA:27,1
DA:32,47
DA:34,47
DA:35,1
DA:46,8
LF:14
LH:14
BRDA:9,0,0,41
BRDA:9,0,1,6
BRDA:9,1,0,47
BRDA:9,1,1,47
BRDA:15,2,0,47
BRDA:15,2,1,0
BRDA:22,3,0,3
BRDA:22,3,1,0
BRDA:22,4,0,3
BRDA:22,4,1,3
BRDA:24,5,0,2
BRDA:24,5,1,1
BRF:12
BRH:10
end_of_record
TN:
SF:/Users/kspector/Development/directv/src/components/navigation/Column.js
FN:8,(anonymous_0)
FN:17,(anonymous_1)
FN:31,(anonymous_2)
FN:35,(anonymous_3)
FN:39,(anonymous_4)
FN:43,(anonymous_5)
FN:47,(anonymous_6)
FN:71,(anonymous_7)
FN:72,(anonymous_8)
FN:73,(anonymous_9)
FN:74,(anonymous_10)
FN:74,(anonymous_11)
FNF:12
FNH:11
FNDA:142,(anonymous_0)
FNDA:108,(anonymous_1)
FNDA:31,(anonymous_2)
FNDA:149,(anonymous_3)
FNDA:150,(anonymous_4)
FNDA:2,(anonymous_5)
FNDA:250,(anonymous_6)
FNDA:3,(anonymous_7)
FNDA:0,(anonymous_8)
FNDA:122,(anonymous_9)
FNDA:120,(anonymous_10)
FNDA:120,(anonymous_11)
DA:9,142
DA:11,142
DA:12,142
DA:13,142
DA:14,142
DA:18,108
DA:19,108
DA:21,108
DA:22,108
DA:24,108
DA:25,7
DA:26,2
DA:32,31
DA:36,149
DA:40,150
DA:44,2
DA:48,250
DA:49,250
DA:51,250
DA:57,250
DA:65,9
DA:74,120
LF:22
LH:22
BRDA:24,0,0,7
BRDA:24,0,1,101
BRDA:24,1,0,108
BRDA:24,1,1,72
BRDA:24,1,2,72
BRDA:25,2,0,2
BRDA:25,2,1,5
BRF:7
BRH:7
end_of_record
TN:
SF:/Users/kspector/Development/directv/src/components/navigation/Item.js
FN:6,(anonymous_0)
FN:12,(anonymous_1)
FN:18,(anonymous_2)
FN:31,(anonymous_3)
FN:32,(anonymous_4)
FNF:5
FNH:4
FNDA:2033,(anonymous_0)
FNDA:2,(anonymous_1)
FNDA:4300,(anonymous_2)
FNDA:2,(anonymous_3)
FNDA:0,(anonymous_4)
DA:7,2033
DA:8,52
DA:13,2
DA:14,2
DA:19,4300
DA:20,4300
DA:25,4300
DA:29,19
LF:8
LH:8
BRDA:7,0,0,52
BRDA:7,0,1,1981
BRDA:7,1,0,2033
BRDA:7,1,1,152
BRDA:13,2,0,2
BRDA:13,2,1,0
BRF:6
BRH:5
end_of_record
TN:
SF:/Users/kspector/Development/directv/src/components/navigation/RootScreen.js
FN:8,(anonymous_0)
FN:14,(anonymous_1)
FN:27,(anonymous_2)
FN:31,(anonymous_3)
FN:36,(anonymous_4)
FN:40,(anonymous_5)
FN:45,(anonymous_6)
FN:58,(anonymous_7)
FN:92,(anonymous_8)
FN:98,(anonymous_9)
FN:102,(anonymous_10)
FN:106,(anonymous_11)
FN:114,(anonymous_12)
FNF:13
FNH:9
FNDA:49,(anonymous_0)
FNDA:0,(anonymous_1)
FNDA:49,(anonymous_2)
FNDA:1,(anonymous_3)
FNDA:22,(anonymous_4)
FNDA:0,(anonymous_5)
FNDA:0,(anonymous_6)
FNDA:12,(anonymous_7)
FNDA:5,(anonymous_8)
FNDA:0,(anonymous_9)
FNDA:106,(anonymous_10)
FNDA:105,(anonymous_11)
FNDA:108,(anonymous_12)
DA:9,49
DA:10,49
DA:20,49
DA:21,49
DA:22,49
DA:23,49
DA:24,49
DA:28,49
DA:32,1
DA:33,1
DA:37,22
DA:41,0
DA:42,0
DA:46,0
DA:47,0
DA:48,0
DA:50,0
DA:53,0
DA:55,0
DA:60,12
DA:61,6
DA:64,2
DA:65,2
DA:67,1
DA:68,1
DA:69,1
DA:71,1
DA:72,1
DA:74,1
DA:75,1
DA:77,1
DA:78,1
DA:80,0
DA:81,0
DA:83,0
DA:89,12
DA:93,5
DA:94,4
DA:99,0
DA:103,106
DA:107,105
DA:108,105
DA:109,105
DA:111,105
DA:114,105
DA:115,108
DA:117,108
DA:118,54
DA:120,54
DA:123,108
DA:124,54
DA:127,108
DA:130,105
DA:138,105
DA:147,3
LF:55
LH:43
BRDA:50,0,0,0
BRDA:50,0,1,0
BRDA:50,1,0,0
BRDA:50,1,1,0
BRDA:50,1,2,0
BRDA:60,2,0,6
BRDA:60,2,1,6
BRDA:61,3,0,1
BRDA:61,3,1,2
BRDA:61,3,2,1
BRDA:61,3,3,1
BRDA:61,3,4,1
BRDA:61,3,5,1
BRDA:61,3,6,0
BRDA:61,3,7,0
BRDA:92,4,0,4
BRDA:93,5,0,4
BRDA:93,5,1,1
BRDA:93,6,0,5
BRDA:93,6,1,4
BRDA:117,7,0,54
BRDA:117,7,1,54
BRDA:123,8,0,54
BRDA:123,8,1,54
BRF:24
BRH:17
end_of_record
TN:
SF:/Users/kspector/Development/directv/src/components/navigation/Row.js
FN:8,(anonymous_0)
FN:17,(anonymous_1)
FN:31,(anonymous_2)
FN:35,(anonymous_3)
FN:39,(anonymous_4)
FN:43,(anonymous_5)
FN:47,(anonymous_6)
FN:71,(anonymous_7)
FN:72,(anonymous_8)
FN:73,(anonymous_9)
FN:74,(anonymous_10)
FN:74,(anonymous_11)
FNF:12
FNH:11
FNDA:354,(anonymous_0)
FNDA:293,(anonymous_1)
FNDA:11,(anonymous_2)
FNDA:360,(anonymous_3)
FNDA:353,(anonymous_4)
FNDA:2,(anonymous_5)
FNDA:647,(anonymous_6)
FNDA:3,(anonymous_7)
FNDA:0,(anonymous_8)
FNDA:327,(anonymous_9)
FNDA:325,(anonymous_10)
FNDA:325,(anonymous_11)
DA:9,354
DA:11,354
DA:12,354
DA:13,354
DA:14,354
DA:18,293
DA:19,293
DA:21,293
DA:22,293
DA:24,293
DA:25,8
DA:26,3
DA:32,11
DA:36,360
DA:40,353
DA:44,2
DA:48,647
DA:49,647
DA:51,647
DA:57,647
DA:65,10
DA:74,325
LF:22
LH:22
BRDA:24,0,0,8
BRDA:24,0,1,285
BRDA:24,1,0,293
BRDA:24,1,1,72
BRDA:24,1,2,61
BRDA:25,2,0,3
BRDA:25,2,1,5
BRF:7
BRH:7
end_of_record
TN:
SF:/Users/kspector/Development/directv/src/components/navigation/Screen.js
FN:11,(anonymous_0)
FN:20,(anonymous_1)
FN:25,(anonymous_2)
FN:31,(anonymous_3)
FN:36,(anonymous_4)
FN:42,(anonymous_5)
FN:54,(anonymous_6)
FN:67,(anonymous_7)
FN:72,(anonymous_8)
FN:89,(anonymous_9)
FN:91,(anonymous_10)
FN:92,(anonymous_11)
FN:112,(anonymous_12)
FN:113,(anonymous_13)
FN:114,(anonymous_14)
FN:115,(anonymous_15)
FN:115,(anonymous_16)
FN:116,(anonymous_17)
FNF:18
FNH:16
FNDA:98,(anonymous_0)
FNDA:34,(anonymous_1)
FNDA:55,(anonymous_2)
FNDA:11,(anonymous_3)
FNDA:11,(anonymous_4)
FNDA:11,(anonymous_5)
FNDA:1,(anonymous_6)
FNDA:53,(anonymous_7)
FNDA:259,(anonymous_8)
FNDA:518,(anonymous_9)
FNDA:586,(anonymous_10)
FNDA:1224,(anonymous_11)
FNDA:0,(anonymous_12)
FNDA:11,(anonymous_13)
FNDA:11,(anonymous_14)
FNDA:31,(anonymous_15)
FNDA:30,(anonymous_16)
FNDA:0,(anonymous_17)
DA:7,9
DA:8,9
DA:12,98
DA:13,98
DA:14,98
DA:15,98
DA:16,98
DA:17,98
DA:21,34
DA:22,34
DA:26,55
DA:27,55
DA:28,55
DA:32,11
DA:33,11
DA:37,11
DA:38,11
DA:39,11
DA:42,11
DA:43,11
DA:44,11
DA:45,11
DA:47,11
DA:50,11
DA:51,6
DA:53,6
DA:54,1
DA:55,1
DA:57,1
DA:59,5
DA:61,5
DA:64,10
DA:68,53
DA:69,53
DA:73,259
DA:74,259
DA:75,259
DA:77,259
DA:78,259
DA:79,259
DA:87,259
DA:91,518
DA:92,586
DA:93,1224
DA:94,1224
DA:95,1224
DA:96,163
DA:98,1061
DA:100,586
DA:108,9
DA:112,0
DA:115,31
DA:116,0
LF:53
LH:51
BRDA:33,0,0,11
BRDA:33,0,1,10
BRDA:33,0,2,7
BRDA:33,0,3,6
BRDA:50,1,0,6
BRDA:50,1,1,5
BRDA:53,2,0,1
BRDA:53,2,1,5
BRDA:95,3,0,163
BRDA:95,3,1,1061
BRDA:95,4,0,1224
BRDA:95,4,1,237
BRF:12
BRH:12
end_of_record
TN:
SF:/Users/kspector/Development/directv/src/components/navigation/Section.js
FN:5,(anonymous_0)
FN:13,(anonymous_1)
FN:17,(anonymous_2)
FN:22,(anonymous_3)
FN:35,(anonymous_4)
FN:41,(anonymous_5)
FN:54,(anonymous_6)
FN:58,(anonymous_7)
FN:63,(anonymous_8)
FN:73,(anonymous_9)
FN:90,(anonymous_10)
FN:91,(anonymous_11)
FN:92,(anonymous_12)
FN:93,(anonymous_13)
FN:93,(anonymous_14)
FNF:15
FNH:14
FNDA:512,(anonymous_0)
FNDA:512,(anonymous_1)
FNDA:523,(anonymous_2)
FNDA:413,(anonymous_3)
FNDA:522,(anonymous_4)
FNDA:16,(anonymous_5)
FNDA:1,(anonymous_6)
FNDA:925,(anonymous_7)
FNDA:925,(anonymous_8)
FNDA:4268,(anonymous_9)
FNDA:0,(anonymous_10)
FNDA:16,(anonymous_11)
FNDA:5,(anonymous_12)
FNDA:14,(anonymous_13)
FNDA:13,(anonymous_14)
DA:6,512
DA:8,512
DA:9,512
DA:10,512
DA:14,512
DA:18,523
DA:19,523
DA:23,413
DA:24,413
DA:26,413
DA:28,413
DA:29,16
DA:30,397
DA:31,11
DA:36,522
DA:37,511
DA:42,16
DA:43,16
DA:45,16
DA:46,3
DA:47,13
DA:48,3
DA:50,10
DA:55,1
DA:59,925
DA:60,925
DA:64,925
DA:65,925
DA:66,925
DA:69,925
DA:70,925
DA:74,4268
DA:75,4268
DA:76,4268
DA:77,4268
DA:86,15
DA:93,14
LF:37
LH:37
BRDA:28,0,0,16
BRDA:28,0,1,397
BRDA:28,1,0,413
BRDA:28,1,1,153
BRDA:28,1,2,142
BRDA:30,2,0,11
BRDA:30,2,1,386
BRDA:30,3,0,397
BRDA:30,3,1,137
BRDA:36,4,0,511
BRDA:36,4,1,11
BRDA:45,5,0,3
BRDA:45,5,1,13
BRDA:47,6,0,3
BRDA:47,6,1,10
BRDA:72,7,0,925
BRDA:72,7,1,850
BRDA:77,8,0,216
BRDA:77,8,1,4052
BRDA:77,9,0,4268
BRDA:77,9,1,216
BRF:21
BRH:21
end_of_record
TN:
SF:/Users/kspector/Development/directv/src/components/navigation/shared/Sectional.js
FN:1,(anonymous_0)
FN:2,(anonymous_1)
FN:6,(anonymous_2)
FN:11,(anonymous_3)
FN:16,(anonymous_4)
FN:21,(anonymous_5)
FN:26,(anonymous_6)
FN:32,(anonymous_7)
FN:33,(anonymous_8)
FNF:9
FNH:9
FNDA:2,(anonymous_0)
FNDA:2,(anonymous_1)
FNDA:2,(anonymous_2)
FNDA:2,(anonymous_3)
FNDA:2,(anonymous_4)
FNDA:2,(anonymous_5)
FNDA:2,(anonymous_6)
FNDA:2,(anonymous_7)
FNDA:2,(anonymous_8)
DA:1,2
DA:2,2
DA:3,2
DA:6,2
DA:7,2
DA:8,2
DA:11,2
DA:12,2
DA:13,2
DA:16,2
DA:17,2
DA:18,2
DA:21,2
DA:22,2
DA:23,2
DA:26,2
DA:27,2
DA:28,2
DA:29,2
DA:32,2
DA:33,2
DA:34,2
LF:22
LH:22
BRF:0
BRH:0
end_of_record
TN:
SF:/Users/kspector/Development/directv/src/components/navigation/util/Boundary.js
FN:1,Boundary
FN:4,(anonymous_1)
FN:5,(anonymous_2)
FN:6,(anonymous_3)
FNF:4
FNH:4
FNDA:413,Boundary
FNDA:587,(anonymous_1)
FNDA:407,(anonymous_2)
FNDA:588,(anonymous_3)
DA:2,413
DA:4,587
DA:5,407
DA:8,588
DA:12,139
DA:13,0
DA:15,139
DA:18,588
LF:8
LH:7
BRDA:8,0,0,139
BRDA:8,0,1,449
BRDA:12,1,0,0
BRDA:12,1,1,139
BRDA:18,2,0,139
BRDA:18,2,1,449
BRF:6
BRH:5
end_of_record
TN:
SF:/Users/kspector/Development/directv/src/components/navigation/util/ScreenBoundary.js
FN:1,ScreenBoundary
FN:2,(anonymous_1)
FN:3,(anonymous_2)
FN:4,(anonymous_3)
FN:12,(anonymous_4)
FN:13,(anonymous_5)
FNF:6
FNH:6
FNDA:169,ScreenBoundary
FNDA:338,(anonymous_1)
FNDA:406,(anonymous_2)
FNDA:812,(anonymous_3)
FNDA:260,(anonymous_4)
FNDA:1232,(anonymous_5)
DA:2,169
DA:3,338
DA:4,406
DA:5,812
DA:10,169
DA:12,260
DA:13,1232
LF:7
LH:7
BRDA:13,0,0,1225
BRDA:13,0,1,7
BRF:2
BRH:2
end_of_record
TN:
SF:/Users/kspector/Development/directv/src/components/navigation/util/helpers.js
FN:1,getSectionalHandlers
FN:7,getSectionalProps
FNF:2
FNH:2
FNDA:897,getSectionalHandlers
FNDA:897,getSectionalProps
DA:2,897
DA:3,897
DA:4,897
DA:8,897
DA:9,897
DA:10,897
DA:11,897
DA:18,897
LF:8
LH:8
BRDA:18,0,0,897
BRDA:18,0,1,209
BRDA:18,0,2,688
BRF:3
BRH:3
end_of_record
TN:
SF:/Users/kspector/Development/directv/src/components/rows/SearchInputRow.js
FN:8,(anonymous_0)
FN:14,(anonymous_1)
FN:17,(anonymous_2)
FN:29,(anonymous_3)
FN:35,(anonymous_4)
FN:43,(anonymous_5)
FNF:6
FNH:6
FNDA:267,(anonymous_0)
FNDA:484,(anonymous_1)
FNDA:2674,(anonymous_2)
FNDA:1,(anonymous_3)
FNDA:484,(anonymous_4)
FNDA:1,(anonymous_5)
DA:9,267
DA:11,267
DA:15,484
DA:17,484
DA:18,2674
DA:19,208
DA:20,208
DA:22,2466
DA:23,2466
DA:25,2674
DA:30,1
DA:31,1
DA:36,484
DA:37,484
DA:41,4
DA:43,1
LF:16
LH:16
BRDA:18,0,0,208
BRDA:18,0,1,2466
BRDA:30,1,0,1
BRDA:30,1,1,0
BRF:4
BRH:3
end_of_record
TN:
SF:/Users/kspector/Development/directv/src/components/rows/VideoRow.js
FN:7,(anonymous_0)
FN:14,(anonymous_1)
FN:20,(anonymous_2)
FNF:3
FNH:3
FNDA:57,(anonymous_0)
FNDA:42,(anonymous_1)
FNDA:57,(anonymous_2)
DA:8,57
DA:9,57
DA:10,46
DA:13,11
DA:15,42
DA:21,57
DA:25,7
LF:7
LH:7
BRDA:9,0,0,46
BRDA:9,0,1,11
BRF:2
BRH:2
end_of_record
TN:
SF:/Users/kspector/Development/directv/src/components/screens/Header.js
FN:7,(anonymous_0)
FNF:1
FNH:1
FNDA:76,(anonymous_0)
DA:8,76
DA:9,76
LF:2
LH:2
BRF:0
BRH:0
end_of_record
TN:
SF:/Users/kspector/Development/directv/src/components/screens/NavScreen.js
FN:12,(anonymous_0)
FN:30,(anonymous_1)
FN:34,(anonymous_2)
FN:38,(anonymous_3)
FN:39,(anonymous_4)
FN:42,(anonymous_5)
FNF:6
FNH:6
FNDA:58,(anonymous_0)
FNDA:58,(anonymous_1)
FNDA:58,(anonymous_2)
FNDA:24,(anonymous_3)
FNDA:24,(anonymous_4)
FNDA:58,(anonymous_5)
DA:13,58
DA:31,58
DA:35,58
DA:39,24
DA:43,58
LF:5
LH:5
BRDA:39,0,0,23
BRDA:39,0,1,1
BRF:2
BRH:2
end_of_record
TN:
SF:/Users/kspector/Development/directv/src/components/screens/SearchScreen.js
FN:14,(anonymous_0)
FN:26,(anonymous_1)
FN:36,(anonymous_2)
FN:40,(anonymous_3)
FN:44,(anonymous_4)
FN:61,(anonymous_5)
FN:66,(anonymous_6)
FN:71,(anonymous_7)
FN:83,(anonymous_8)
FN:88,(anonymous_9)
FN:99,(anonymous_10)
FN:103,(anonymous_11)
FN:107,(anonymous_12)
FN:111,(anonymous_13)
FN:115,(anonymous_14)
FN:119,(anonymous_15)
FN:123,(anonymous_16)
FN:138,(anonymous_17)
FN:141,(anonymous_18)
FN:145,(anonymous_19)
FN:149,(anonymous_20)
FN:154,(anonymous_21)
FN:161,(anonymous_22)
FN:167,(anonymous_23)
FN:180,(anonymous_24)
FNF:25
FNH:25
FNDA:37,(anonymous_0)
FNDA:31,(anonymous_1)
FNDA:1,(anonymous_2)
FNDA:68,(anonymous_3)
FNDA:70,(anonymous_4)
FNDA:80,(anonymous_5)
FNDA:75,(anonymous_6)
FNDA:68,(anonymous_7)
FNDA:68,(anonymous_8)
FNDA:68,(anonymous_9)
FNDA:68,(anonymous_10)
FNDA:1,(anonymous_11)
FNDA:3,(anonymous_12)
FNDA:1,(anonymous_13)
FNDA:1,(anonymous_14)
FNDA:4,(anonymous_15)
FNDA:7,(anonymous_16)
FNDA:3,(anonymous_17)
FNDA:2,(anonymous_18)
FNDA:1,(anonymous_19)
FNDA:1,(anonymous_20)
FNDA:5,(anonymous_21)
FNDA:68,(anonymous_22)
FNDA:100,(anonymous_23)
FNDA:19,(anonymous_24)
DA:15,37
DA:17,37
DA:18,37
DA:19,37
DA:20,37
DA:21,37
DA:22,37
DA:23,37
DA:27,31
DA:28,22
DA:29,17
DA:30,5
DA:31,2
DA:37,1
DA:41,68
DA:45,70
DA:46,70
DA:62,80
DA:63,80
DA:67,75
DA:68,75
DA:74,68
DA:75,20
DA:77,48
DA:80,68
DA:84,68
DA:85,68
DA:89,68
DA:90,68
DA:100,68
DA:104,1
DA:108,3
DA:112,1
DA:116,1
DA:120,4
DA:124,7
DA:125,7
DA:126,1
DA:127,6
DA:128,1
DA:129,5
DA:130,1
DA:131,4
DA:132,1
DA:134,3
DA:139,3
DA:140,3
DA:141,2
DA:144,2
DA:145,1
DA:148,1
DA:149,1
DA:155,5
DA:156,2
DA:158,3
DA:162,68
DA:167,100
DA:178,3
LF:58
LH:58
BRDA:27,0,0,22
BRDA:27,0,1,9
BRDA:28,1,0,17
BRDA:28,1,1,5
BRDA:30,2,0,2
BRDA:30,2,1,3
BRDA:30,3,0,5
BRDA:30,3,1,2
BRDA:63,4,0,80
BRDA:63,4,1,27
BRDA:74,5,0,20
BRDA:74,5,1,48
BRDA:125,6,0,1
BRDA:125,6,1,6
BRDA:125,7,0,7
BRDA:125,7,1,2
BRDA:127,8,0,1
BRDA:127,8,1,5
BRDA:127,9,0,6
BRDA:127,9,1,2
BRDA:127,9,2,1
BRDA:129,10,0,1
BRDA:129,10,1,4
BRDA:129,11,0,5
BRDA:129,11,1,2
BRDA:131,12,0,1
BRDA:131,12,1,3
BRDA:131,13,0,4
BRDA:131,13,1,2
BRDA:139,14,0,3
BRDA:139,14,1,0
BRDA:140,15,0,1
BRDA:140,15,1,2
BRDA:140,16,0,3
BRDA:140,16,1,1
BRDA:144,17,0,1
BRDA:144,17,1,1
BRDA:144,18,0,2
BRDA:144,18,1,1
BRDA:148,19,0,1
BRDA:148,19,1,0
BRDA:155,20,0,2
BRDA:155,20,1,3
BRDA:155,21,0,5
BRDA:155,21,1,4
BRDA:155,21,2,3
BRDA:155,21,3,2
BRF:47
BRH:45
end_of_record
TN:
SF:/Users/kspector/Development/directv/src/components/screens/VideoListScreen.js
FN:15,(anonymous_0)
FN:33,(anonymous_1)
FN:37,(anonymous_2)
FN:41,(anonymous_3)
FN:46,(anonymous_4)
FN:54,(anonymous_5)
FN:69,(anonymous_6)
FNF:7
FNH:6
FNDA:8,(anonymous_0)
FNDA:8,(anonymous_1)
FNDA:8,(anonymous_2)
FNDA:5,(anonymous_3)
FNDA:2,(anonymous_4)
FNDA:8,(anonymous_5)
FNDA:0,(anonymous_6)
DA:11,6
DA:12,6
DA:16,8
DA:17,8
DA:20,8
DA:21,16
DA:22,16
DA:23,16
DA:25,16
DA:26,4
DA:30,8
DA:34,8
DA:38,8
DA:42,5
DA:43,2
DA:44,2
DA:45,3
DA:46,2
DA:47,2
DA:50,1
DA:55,8
DA:56,8
DA:67,6
LF:23
LH:23
BRDA:25,0,0,4
BRDA:25,0,1,12
BRDA:42,1,0,2
BRDA:42,1,1,3
BRDA:42,2,0,5
BRDA:42,2,1,2
BRDA:45,3,0,2
BRDA:45,3,1,1
BRDA:45,4,0,3
BRDA:45,4,1,2
BRF:10
BRH:10
end_of_record
TN:
SF:/Users/kspector/Development/directv/src/stylesheets/app.css
FNF:0
FNH:0
DA:1,2
LF:1
LH:1
BRF:0
BRH:0
end_of_record
TN:
SF:/Users/kspector/Development/directv/src/stylesheets/videoPlayer.css
FNF:0
FNH:0
DA:1,4
LF:1
LH:1
BRF:0
BRH:0
end_of_record
TN:
SF:/Users/kspector/Development/directv/src/stylesheets/columns/searchInputFeedback.css
FNF:0
FNH:0
DA:1,4
LF:1
LH:1
BRF:0
BRH:0
end_of_record
TN:
SF:/Users/kspector/Development/directv/src/stylesheets/items/videoItem.css
FNF:0
FNH:0
DA:1,8
LF:1
LH:1
BRF:0
BRH:0
end_of_record
TN:
SF:/Users/kspector/Development/directv/src/stylesheets/navigation/column.css
FNF:0
FNH:0
DA:1,9
LF:1
LH:1
BRF:0
BRH:0
end_of_record
TN:
SF:/Users/kspector/Development/directv/src/stylesheets/navigation/row.css
FNF:0
FNH:0
DA:1,10
LF:1
LH:1
BRF:0
BRH:0
end_of_record
TN:
SF:/Users/kspector/Development/directv/src/stylesheets/navigation/screen.css
FNF:0
FNH:0
DA:1,9
LF:1
LH:1
BRF:0
BRH:0
end_of_record
TN:
SF:/Users/kspector/Development/directv/src/stylesheets/rows/searchInput.css
FNF:0
FNH:0
DA:1,4
LF:1
LH:1
BRF:0
BRH:0
end_of_record
TN:
SF:/Users/kspector/Development/directv/src/stylesheets/rows/video.css
FNF:0
FNH:0
DA:1,7
LF:1
LH:1
BRF:0
BRH:0
end_of_record
TN:
SF:/Users/kspector/Development/directv/src/stylesheets/screens/header.css
FNF:0
FNH:0
DA:1,6
LF:1
LH:1
BRF:0
BRH:0
end_of_record
TN:
SF:/Users/kspector/Development/directv/src/stylesheets/screens/nav.css
FNF:0
FNH:0
DA:1,3
LF:1
LH:1
BRF:0
BRH:0
end_of_record
TN:
SF:/Users/kspector/Development/directv/src/stylesheets/screens/search.css
FNF:0
FNH:0
DA:1,3
LF:1
LH:1
BRF:0
BRH:0
end_of_record
TN:
SF:/Users/kspector/Development/directv/src/stylesheets/screens/videoList.css
FNF:0
FNH:0
DA:1,6
LF:1
LH:1
BRF:0
BRH:0
end_of_record
TN:
SF:/Users/kspector/Development/directv/src/util/Analytics.js
FN:10,(anonymous_0)
FN:20,(anonymous_1)
FN:26,(anonymous_2)
FN:33,(anonymous_3)
FN:38,(anonymous_4)
FN:40,(anonymous_5)
FNF:6
FNH:6
FNDA:1,(anonymous_0)
FNDA:2,(anonymous_1)
FNDA:2,(anonymous_2)
FNDA:2,(anonymous_3)
FNDA:2,(anonymous_4)
FNDA:2,(anonymous_5)
DA:4,3
DA:11,1
DA:12,1
DA:13,1
DA:14,1
DA:16,0
DA:21,2
DA:27,2
DA:34,2
DA:39,2
DA:41,2
DA:46,3
LF:12
LH:11
BRDA:7,0,0,3
BRDA:7,0,1,3
BRDA:10,1,0,0
BRDA:11,2,0,1
BRDA:11,2,1,0
BRF:5
BRH:3
end_of_record
TN:
SF:/Users/kspector/Development/directv/src/util/Cookies.js
FN:1,(anonymous_0)
FN:5,(anonymous_1)
FN:16,getCookie
FN:20,setCookie
FN:24,removeCookie
FNF:5
FNH:5
FNDA:30,(anonymous_0)
FNDA:29,(anonymous_1)
FNDA:29,getCookie
FNDA:6,setCookie
FNDA:1,removeCookie
DA:1,6
DA:2,30
DA:5,6
DA:6,29
DA:9,29
DA:10,34
DA:11,34
DA:13,29
DA:17,29
DA:21,6
DA:26,1
DA:27,3
DA:28,3
DA:29,1
LF:14
LH:14
BRDA:28,0,0,1
BRDA:28,0,1,2
BRF:2
BRH:2
end_of_record
TN:
SF:/Users/kspector/Development/directv/src/util/categories.js
FNF:0
FNH:0
LF:0
LH:0
BRF:0
BRH:0
end_of_record
TN:
SF:/Users/kspector/Development/directv/src/util/fetchQuery.js
FN:3,headers
FN:23,fetchQuery
FN:34,(anonymous_2)
FN:39,(anonymous_3)
FNF:4
FNH:4
FNDA:29,headers
FNDA:29,fetchQuery
FNDA:29,(anonymous_2)
FNDA:29,(anonymous_3)
DA:4,29
DA:8,29
DA:9,29
DA:10,4
DA:11,4
DA:14,29
DA:17,6
DA:27,29
DA:35,29
DA:36,0
DA:38,29
DA:40,29
LF:12
LH:11
BRDA:9,0,0,4
BRDA:9,0,1,25
BRDA:10,1,0,0
BRDA:10,1,1,4
BRDA:21,2,0,6
BRDA:21,2,1,6
BRDA:35,3,0,0
BRDA:35,3,1,29
BRDA:35,4,0,29
BRDA:35,4,1,0
BRF:10
BRH:7
end_of_record
TN:
SF:/Users/kspector/Development/directv/src/util/fileMock.js
FNF:0
FNH:0
DA:1,9
LF:1
LH:1
BRF:0
BRH:0
end_of_record
TN:
SF:/Users/kspector/Development/directv/src/util/keypress.js
FNF:0
FNH:0
DA:1,4
DA:2,4
DA:3,4
DA:4,4
DA:5,4
DA:6,4
DA:7,4
DA:8,4
DA:10,4
DA:11,4
DA:12,4
LF:11
LH:11
BRF:0
BRH:0
end_of_record
TN:
SF:/Users/kspector/Development/directv/src/util/livestreamURL.js
FNF:0
FNH:0
DA:1,6
LF:1
LH:1
BRF:0
BRH:0
end_of_record
TN:
SF:/Users/kspector/Development/directv/src/util/mockVideos.js
FNF:0
FNH:0
DA:1,6
LF:1
LH:1
BRF:0
BRH:0
end_of_record
TN:
SF:/Users/kspector/Development/directv/src/util/months.js
FNF:0
FNH:0
DA:1,8
LF:1
LH:1
BRF:0
BRH:0
end_of_record
